#
# There is insufficient memory for the Java Runtime Environment to continue.
# Native memory allocation (malloc) failed to allocate 32744 bytes for ChunkPool::allocate
# Possible reasons:
#   The system is out of physical RAM or swap space
#   In 32 bit mode, the process size limit was hit
# Possible solutions:
#   Reduce memory load on the system
#   Increase physical memory or swap space
#   Check if swap backing store is full
#   Use 64 bit Java on a 64 bit OS
#   Decrease Java heap size (-Xmx/-Xms)
#   Decrease number of Java threads
#   Decrease Java thread stack sizes (-Xss)
#   Set larger code cache with -XX:ReservedCodeCacheSize=
# This output file may be truncated or incomplete.
#
#  Out of Memory Error (allocation.cpp:273), pid=7124, tid=0x0000000000002470
#
# JRE version: OpenJDK Runtime Environment (8.0_76-b03) (build 1.8.0_76-release-b03)
# Java VM: OpenJDK 64-Bit Server VM (25.76-b03 mixed mode windows-amd64 compressed oops)
# Failed to write core dump. Minidumps are not enabled by default on client versions of Windows
#

---------------  T H R E A D  ---------------

Current thread (0x000000001763a000):  JavaThread "C2 CompilerThread1" daemon [_thread_in_native, id=9328, stack(0x0000000017ef0000,0x0000000017ff0000)]

Stack: [0x0000000017ef0000,0x0000000017ff0000]
[error occurred during error reporting (printing stack bounds), id 0xc0000005]

Native frames: (J=compiled Java code, j=interpreted, Vv=VM code, C=native code)


Current CompileTask:
C2:   1673  553       4       java.util.HashMap::get (23 bytes)


---------------  P R O C E S S  ---------------

Java Threads: ( => current thread )
  0x00000000177fc000 JavaThread "pool-2-thread-4" [_thread_blocked, id=18124, stack(0x00000000187f0000,0x00000000188f0000)]
  0x00000000177ec800 JavaThread "pool-2-thread-3" [_thread_blocked, id=22068, stack(0x00000000186f0000,0x00000000187f0000)]
  0x00000000177e2000 JavaThread "pool-2-thread-2" [_thread_blocked, id=6344, stack(0x00000000185f0000,0x00000000186f0000)]
  0x00000000177e1000 JavaThread "pool-3-thread-1" [_thread_blocked, id=19432, stack(0x00000000184f0000,0x00000000185f0000)]
  0x00000000177e8000 JavaThread "pool-2-thread-1" [_thread_in_vm, id=5784, stack(0x00000000183f0000,0x00000000184f0000)]
  0x00000000176d6000 JavaThread "Service Thread" daemon [_thread_blocked, id=19556, stack(0x00000000181f0000,0x00000000182f0000)]
  0x0000000017682800 JavaThread "C1 CompilerThread3" daemon [_thread_in_native, id=8944, stack(0x00000000180f0000,0x00000000181f0000)]
  0x0000000017641000 JavaThread "C2 CompilerThread2" daemon [_thread_blocked, id=19848, stack(0x0000000017ff0000,0x00000000180f0000)]
=>0x000000001763a000 JavaThread "C2 CompilerThread1" daemon [_thread_in_native, id=9328, stack(0x0000000017ef0000,0x0000000017ff0000)]
  0x0000000017637000 JavaThread "C2 CompilerThread0" daemon [_thread_in_native, id=18456, stack(0x0000000017df0000,0x0000000017ef0000)]
  0x0000000017635800 JavaThread "Attach Listener" daemon [_thread_blocked, id=11208, stack(0x0000000017cf0000,0x0000000017df0000)]
  0x000000001575e000 JavaThread "Signal Dispatcher" daemon [_thread_blocked, id=18208, stack(0x0000000017bf0000,0x0000000017cf0000)]
  0x0000000015751000 JavaThread "Finalizer" daemon [_thread_blocked, id=16344, stack(0x0000000017a10000,0x0000000017b10000)]
  0x0000000002b76000 JavaThread "Reference Handler" daemon [_thread_blocked, id=24696, stack(0x0000000017510000,0x0000000017610000)]
  0x0000000002c2d800 JavaThread "main" [_thread_blocked, id=17024, stack(0x0000000002950000,0x0000000002a50000)]

Other Threads:
  0x0000000015745800 VMThread [stack: 0x0000000017410000,0x0000000017510000] [id=5968]
  0x00000000176c4000 WatcherThread [stack: 0x00000000182f0000,0x00000000183f0000] [id=23512]

VM state:not at safepoint (normal execution)

VM Mutex/Monitor currently owned by a thread:  ([mutex/lock_event])
[0x0000000002a80150] MethodData_lock - owner thread: 0x00000000177e8000

Heap:
 PSYoungGen      total 37888K, used 12750K [0x00000000eab00000, 0x00000000ed500000, 0x0000000100000000)
  eden space 32768K, 38% used [0x00000000eab00000,0x00000000eb773948,0x00000000ecb00000)
  from space 5120K, 0% used [0x00000000ed000000,0x00000000ed000000,0x00000000ed500000)
  to   space 5120K, 0% used [0x00000000ecb00000,0x00000000ecb00000,0x00000000ed000000)
 ParOldGen       total 86016K, used 0K [0x00000000c0000000, 0x00000000c5400000, 0x00000000eab00000)
  object space 86016K, 0% used [0x00000000c0000000,0x00000000c0000000,0x00000000c5400000)
 Metaspace       used 5427K, capacity 6576K, committed 6784K, reserved 1056768K
  class space    used 564K, capacity 616K, committed 640K, reserved 1048576K

Card table byte_map: [0x0000000011ff0000,0x0000000012200000] byte_map_base: 0x00000000119f0000

Marking Bits: (ParMarkBitMap*) 0x00000000534a9d00
 Begin Bits: [0x0000000012b60000, 0x0000000013b60000)
 End Bits:   [0x0000000013b60000, 0x0000000014b60000)

Polling page: 0x00000000011e0000

CodeCache: size=245760Kb used=2085Kb max_used=2096Kb free=243674Kb
 bounds [0x0000000002c30000, 0x0000000002ea0000, 0x0000000011c30000]
 total_blobs=810 nmethods=542 adapters=182
 compilation: enabled

Compilation events (10 events):
Event: 1.636 Thread 0x000000001763a000  553       4       java.util.HashMap::get (23 bytes)
Event: 1.636 Thread 0x0000000017682800 nmethod 537 0x0000000002e39dd0 code [0x0000000002e39f40, 0x0000000002e3a168]
Event: 1.636 Thread 0x0000000017682800  540       3       com.android.dx.ssa.SsaInsn::mapRegisters (35 bytes)
Event: 1.637 Thread 0x0000000017682800 nmethod 540 0x0000000002e39690 code [0x0000000002e39820, 0x0000000002e39c88]
Event: 1.637 Thread 0x0000000017682800  550   !   3       com.android.dx.cf.code.BytecodeArray::parseInstruction (2764 bytes)
Event: 1.638 Thread 0x0000000017637000 nmethod 547 0x0000000002e37d50 code [0x0000000002e37ea0, 0x0000000002e38028]
Event: 1.638 Thread 0x0000000017641000  555       4       java.util.HashMap::getNode (148 bytes)
Event: 1.641 Thread 0x0000000017637000  559       4       com.android.dx.ssa.NormalSsaInsn::isNormalMoveInsn (20 bytes)
Event: 1.642 Thread 0x0000000017637000 nmethod 559 0x0000000002e37ad0 code [0x0000000002e37c00, 0x0000000002e37c98]
Event: 1.642 Thread 0x0000000017637000  561       4       java.util.ArrayList::ensureExplicitCapacity (26 bytes)

GC Heap History (0 events):
No events

Deoptimization events (1 events):
Event: 1.575 Thread 0x0000000002c2d800 Uncommon trap: reason=unstable_if action=reinterpret pc=0x0000000002e166e8 method=java.util.HashMap.getNode(ILjava/lang/Object;)Ljava/util/HashMap$Node; @ 62

Internal exceptions (2 events):
Event: 0.183 Thread 0x0000000002c2d800 Exception <a 'java/lang/NoSuchMethodError': Method sun.misc.Unsafe.defineClass(Ljava/lang/String;[BII)Ljava/lang/Class; name or signature does not match> (0x00000000eab07cc0) thrown at [C:\src\android\AOSP-openjdk\external\jetbrains\jdk\hotspot\src\share\vJ6+~r|Ç?
Event: 0.183 Thread 0x0000000002c2d800 Exception <a 'java/lang/NoSuchMethodError': Method sun.misc.Unsafe.prefetchRead(Ljava/lang/Object;J)V name or signature does not match> (0x00000000eab07fa8) thrown at [C:\src\android\AOSP-openjdk\external\jetbrains\jdk\hotspot\src\share\vm\prims\jni.cpp, l

Events (10 events):
Event: 1.570 loading class java/util/HashMap$ValueIterator done
Event: 1.575 Thread 0x0000000002c2d800 Uncommon trap: trap_request=0xffffff65 fr.pc=0x0000000002e166e8
Event: 1.575 Thread 0x0000000002c2d800 DEOPT PACKING pc=0x0000000002e166e8 sp=0x0000000002a4e220
Event: 1.575 Thread 0x0000000002c2d800 DEOPT UNPACKING pc=0x0000000002c7556a sp=0x0000000002a4e1a8 mode 2
Event: 1.579 loading class com/android/dx/rop/code/RegOps
Event: 1.579 loading class com/android/dx/rop/code/RegOps done
Event: 1.636 loading class java/util/HashMap$KeySet
Event: 1.636 loading class java/util/HashMap$KeySet done
Event: 1.636 loading class java/util/HashMap$KeyIterator
Event: 1.636 loading class java/util/HashMap$KeyIterator done


Dynamic libraries:
0x00007ff7d4270000 - 0x00007ff7d42a1000 	C:\Users\Kripa\Downloads\android-studio\jre\bin\java.exe
0x00007ffdbc220000 - 0x00007ffdbc3e1000 	C:\WINDOWS\SYSTEM32\ntdll.dll
0x00007ffdbc050000 - 0x00007ffdbc0fd000 	C:\WINDOWS\system32\KERNEL32.DLL
0x00007ffdb9330000 - 0x00007ffdb9518000 	C:\WINDOWS\system32\KERNELBASE.dll
0x00007ffdbc170000 - 0x00007ffdbc217000 	C:\WINDOWS\system32\ADVAPI32.dll
0x00007ffdb9740000 - 0x00007ffdb97dd000 	C:\WINDOWS\system32\msvcrt.dll
0x00007ffdb97e0000 - 0x00007ffdb983b000 	C:\WINDOWS\system32\sechost.dll
0x00007ffdba1c0000 - 0x00007ffdba2dc000 	C:\WINDOWS\system32\RPCRT4.dll
0x00007ffdb9840000 - 0x00007ffdb9996000 	C:\WINDOWS\system32\USER32.dll
0x00007ffdba5c0000 - 0x00007ffdba746000 	C:\WINDOWS\system32\GDI32.dll
0x00007ffdae640000 - 0x00007ffdae8b4000 	C:\WINDOWS\WinSxS\amd64_microsoft.windows.common-controls_6595b64144ccf1df_6.0.10586.494_none_a2d8b04ea53e3145\COMCTL32.dll
0x00007ffdb9af0000 - 0x00007ffdb9d6d000 	C:\WINDOWS\system32\combase.dll
0x00007ffdb92c0000 - 0x00007ffdb932a000 	C:\WINDOWS\system32\bcryptPrimitives.dll
0x00007ffdba750000 - 0x00007ffdba78b000 	C:\WINDOWS\system32\IMM32.DLL
0x00000000526b0000 - 0x0000000052782000 	C:\Users\Kripa\Downloads\android-studio\jre\jre\bin\msvcr100.dll
0x0000000052cf0000 - 0x0000000053524000 	C:\Users\Kripa\Downloads\android-studio\jre\jre\bin\server\jvm.dll
0x00007ffdba2e0000 - 0x00007ffdba2e8000 	C:\WINDOWS\system32\PSAPI.DLL
0x00007ffdae8f0000 - 0x00007ffdae8fa000 	C:\WINDOWS\SYSTEM32\VERSION.dll
0x00007ffdaca80000 - 0x00007ffdaca89000 	C:\WINDOWS\SYSTEM32\WSOCK32.dll
0x00007ffdb6af0000 - 0x00007ffdb6b13000 	C:\WINDOWS\SYSTEM32\WINMM.dll
0x00007ffdbbfe0000 - 0x00007ffdbc04b000 	C:\WINDOWS\system32\WS2_32.dll
0x0000000002920000 - 0x000000000294c000 	C:\WINDOWS\SYSTEM32\WINMMBASE.dll
0x00007ffdb9520000 - 0x00007ffdb9563000 	C:\WINDOWS\system32\cfgmgr32.dll
0x00007ffdb4ee0000 - 0x00007ffdb4eef000 	C:\Users\Kripa\Downloads\android-studio\jre\jre\bin\verify.dll
0x00007ffdb4700000 - 0x00007ffdb4729000 	C:\Users\Kripa\Downloads\android-studio\jre\jre\bin\java.dll
0x00007ffdb4b50000 - 0x00007ffdb4b66000 	C:\Users\Kripa\Downloads\android-studio\jre\jre\bin\zip.dll
0x00007ffdba800000 - 0x00007ffdbbd5c000 	C:\WINDOWS\system32\SHELL32.dll
0x00007ffdb88d0000 - 0x00007ffdb8f15000 	C:\WINDOWS\system32\windows.storage.dll
0x00007ffdb96d0000 - 0x00007ffdb9722000 	C:\WINDOWS\system32\shlwapi.dll
0x00007ffdb88c0000 - 0x00007ffdb88cf000 	C:\WINDOWS\system32\kernel.appcore.dll
0x00007ffdb8f20000 - 0x00007ffdb8fd5000 	C:\WINDOWS\system32\shcore.dll
0x00007ffdb8870000 - 0x00007ffdb88bb000 	C:\WINDOWS\system32\powrprof.dll
0x00007ffdb8840000 - 0x00007ffdb8854000 	C:\WINDOWS\system32\profapi.dll

VM Arguments:
jvm_args: -Djava.awt.headless=true -Xmx1024M -Dfile.encoding=windows-1252 -Duser.country=SG -Duser.language=en -Duser.variant 
java_command: com.android.dx.command.Main --dex --force-jumbo --num-threads=4 --multi-dex --output C:\Users\Kripa\AndroidStudioProjects\GuessTheMovie\app\build\intermediates\transforms\dex\debug\folders\1000\10\com.google.android.gms-play-services-panorama-8.3.0_4fafda170754010cbb9463bd8b94db1da0a4df82 C:\Users\Kripa\AndroidStudioProjects\GuessTheMovie\app\build\intermediates\exploded-aar\com.google.android.gms\play-services-panorama\8.3.0\jars\classes.jar
java_class_path (initial): C:\Program Files (x86)\Android\sdk\build-tools\23.0.1\lib\dx.jar
Launcher Type: SUN_STANDARD

Environment Variables:
JAVA_HOME=C:\Program Files\Java\jdk1.7.0_67
PATH=C:\Program Files (x86)\HP SimplePass\x64;C:\Program Files (x86)\HP SimplePass\;C:\Program Files (x86)\Intel\iCLS Client\;C:\Program Files\Intel\iCLS Client\;C:\Program Files (x86)\NVIDIA Corporation\PhysX\Common;C:\WINDOWS\system32;C:\WINDOWS;C:\WINDOWS\System32\Wbem;C:\WINDOWS\System32\WindowsPowerShell\v1.0\;C:\Program Files (x86)\Windows Live\Shared;C:\Program Files (x86)\Intel\OpenCL SDK\3.0\bin\x86;C:\Program Files (x86)\Intel\OpenCL SDK\3.0\bin\x64;C:\Program Files\Intel\WiFi\bin\;C:\Program Files\Common Files\Intel\WirelessCommon\;c:\Program Files (x86)\Microsoft SQL Server\100\Tools\Binn\;c:\Program Files\Microsoft SQL Server\100\Tools\Binn\;c:\Program Files\Microsoft SQL Server\100\DTS\Binn\;C:\Program Files\Microsoft SQL Server\110\Tools\Binn\;C:\Program Files (x86)\Windows Kits\8.1\Windows Performance Toolkit\;C:\Program Files (x86)\Microsoft SDKs\TypeScript\1.0\;C:\Program Files\nodejs\;C:\HashiCorp\Vagrant\bin;C:\Program Files (x86)\Skype\Phone\;C:\Program Files\Intel\Intel(R) Management Engine Components\DAL;C:\Program Files\Intel\Intel(R) Management Engine Components\IPT;C:\Program Files (x86)\Intel\Intel(R) Management Engine Components\DAL;C:\Program Files (x86)\Intel\Intel(R) Management Engine Components\IPT;C:\Program Files\Git\cmd;C:\Program Files\Git\mingw64\bin;C:\Program Files\Git\usr\bin;C:\Program Files\MATLAB\R2016a\bin;C:\Users\Kripa\AppData\Local\GitHub\PortableGit_c2ba306e536fdf878271f7fe636a147ff37326ad\bin
USERNAME=Kripa
OS=Windows_NT
PROCESSOR_IDENTIFIER=Intel64 Family 6 Model 60 Stepping 3, GenuineIntel



---------------  S Y S T E M  ---------------

OS: Windows 10.0 , 64 bit Build 10586 (10.0.10586.0)

CPU:total 8 (4 cores per cpu, 2 threads per core) family 6 model 60 stepping 3, cmov, cx8, fxsr, mmx, sse, sse2, sse3, ssse3, sse4.1, sse4.2, popcnt, avx, avx2, aes, clmul, erms, lzcnt, ht, tsc, tscinvbit, bmi1, bmi2

Memory: 4k page, physical 8158492k(1283324k free), swap 11769116k(4592k free)

vm_info: OpenJDK 64-Bit Server VM (25.76-b03) for windows-amd64 JRE (1.8.0_76-release-b03), built on Jun 29 2016 19:09:20 by "ralucas" with MS VC++ 10.0 (VS2010)

time: Sun Sep 11 00:59:06 2016
elapsed time: 1 seconds (0d 0h 0m 1s)

