#
# There is insufficient memory for the Java Runtime Environment to continue.
# Native memory allocation (malloc) failed to allocate 131648 bytes for Chunk::new
# Possible reasons:
#   The system is out of physical RAM or swap space
#   In 32 bit mode, the process size limit was hit
# Possible solutions:
#   Reduce memory load on the system
#   Increase physical memory or swap space
#   Check if swap backing store is full
#   Use 64 bit Java on a 64 bit OS
#   Decrease Java heap size (-Xmx/-Xms)
#   Decrease number of Java threads
#   Decrease Java thread stack sizes (-Xss)
#   Set larger code cache with -XX:ReservedCodeCacheSize=
# This output file may be truncated or incomplete.
#
#  Out of Memory Error (allocation.cpp:390), pid=22724, tid=0x0000000000002bc8
#
# JRE version: OpenJDK Runtime Environment (8.0_76-b03) (build 1.8.0_76-release-b03)
# Java VM: OpenJDK 64-Bit Server VM (25.76-b03 mixed mode windows-amd64 compressed oops)
# Failed to write core dump. Minidumps are not enabled by default on client versions of Windows
#

---------------  T H R E A D  ---------------

Current thread (0x000000001990e800):  JavaThread "C2 CompilerThread1" daemon [_thread_in_native, id=11208, stack(0x000000001a0e0000,0x000000001a1e0000)]

Stack: [0x000000001a0e0000,0x000000001a1e0000]
[error occurred during error reporting (printing stack bounds), id 0xc0000005]

Native frames: (J=compiled Java code, j=interpreted, Vv=VM code, C=native code)


Current CompileTask:
C2:   5438 2226       4       com.android.dx.ssa.LocalVariableExtractor::processBlock (383 bytes)


---------------  P R O C E S S  ---------------

Java Threads: ( => current thread )
  0x0000000019b22800 JavaThread "pool-2-thread-4" [_thread_in_vm, id=27608, stack(0x000000001aae0000,0x000000001abe0000)]
  0x0000000019b21000 JavaThread "pool-2-thread-3" [_thread_in_Java, id=18008, stack(0x000000001a9e0000,0x000000001aae0000)]
  0x0000000019b24000 JavaThread "pool-2-thread-2" [_thread_in_Java, id=7564, stack(0x000000001a8e0000,0x000000001a9e0000)]
  0x0000000019ac8000 JavaThread "pool-3-thread-1" [_thread_blocked, id=26868, stack(0x000000001a7e0000,0x000000001a8e0000)]
  0x0000000019ab1800 JavaThread "pool-2-thread-1" [_thread_in_Java, id=26292, stack(0x000000001a6e0000,0x000000001a7e0000)]
  0x00000000199a9000 JavaThread "Service Thread" daemon [_thread_blocked, id=24580, stack(0x000000001a3e0000,0x000000001a4e0000)]
  0x000000001991a800 JavaThread "C1 CompilerThread3" daemon [_thread_blocked, id=25216, stack(0x000000001a2e0000,0x000000001a3e0000)]
  0x0000000019917000 JavaThread "C2 CompilerThread2" daemon [_thread_in_native, id=15096, stack(0x000000001a1e0000,0x000000001a2e0000)]
=>0x000000001990e800 JavaThread "C2 CompilerThread1" daemon [_thread_in_native, id=11208, stack(0x000000001a0e0000,0x000000001a1e0000)]
  0x000000001990c000 JavaThread "C2 CompilerThread0" daemon [_thread_in_native, id=27260, stack(0x0000000019fe0000,0x000000001a0e0000)]
  0x0000000019906800 JavaThread "Attach Listener" daemon [_thread_blocked, id=14128, stack(0x0000000019ee0000,0x0000000019fe0000)]
  0x0000000017a1e800 JavaThread "Signal Dispatcher" daemon [_thread_blocked, id=14240, stack(0x0000000019de0000,0x0000000019ee0000)]
  0x0000000019900800 JavaThread "Finalizer" daemon [_thread_blocked, id=6744, stack(0x0000000019ce0000,0x0000000019de0000)]
  0x0000000002997000 JavaThread "Reference Handler" daemon [_thread_blocked, id=26612, stack(0x00000000197e0000,0x00000000198e0000)]
  0x00000000028a2800 JavaThread "main" [_thread_in_Java, id=27864, stack(0x00000000027a0000,0x00000000028a0000)]

Other Threads:
  0x0000000017a05800 VMThread [stack: 0x00000000196e0000,0x00000000197e0000] [id=25176]
  0x000000001996c000 WatcherThread [stack: 0x000000001a4e0000,0x000000001a5e0000] [id=25828]

VM state:not at safepoint (normal execution)

VM Mutex/Monitor currently owned by a thread: None

Heap:
 PSYoungGen      total 136192K, used 76030K [0x00000000d5580000, 0x00000000e3f80000, 0x0000000100000000)
  eden space 131072K, 54% used [0x00000000d5580000,0x00000000d9ac3908,0x00000000dd580000)
  from space 5120K, 99% used [0x00000000dd580000,0x00000000dda7c0e8,0x00000000dda80000)
  to   space 29696K, 0% used [0x00000000e2280000,0x00000000e2280000,0x00000000e3f80000)
 ParOldGen       total 142336K, used 81248K [0x0000000080000000, 0x0000000088b00000, 0x00000000d5580000)
  object space 142336K, 57% used [0x0000000080000000,0x0000000084f58320,0x0000000088b00000)
 Metaspace       used 6385K, capacity 7216K, committed 7296K, reserved 1056768K
  class space    used 587K, capacity 616K, committed 640K, reserved 1048576K

Card table byte_map: [0x0000000011d60000,0x0000000012170000] byte_map_base: 0x0000000011960000

Marking Bits: (ParMarkBitMap*) 0x00000000534a9d00
 Begin Bits: [0x0000000012c20000, 0x0000000014c20000)
 End Bits:   [0x0000000014c20000, 0x0000000016c20000)

Polling page: 0x0000000002620000

CodeCache: size=245760Kb used=8546Kb max_used=8546Kb free=237213Kb
 bounds [0x00000000029a0000, 0x0000000003200000, 0x00000000119a0000]
 total_blobs=2405 nmethods=2135 adapters=183
 compilation: enabled

Compilation events (10 events):
Event: 5.267 Thread 0x000000001991a800 nmethod 2276% 0x00000000031b0890 code [0x00000000031b0e20, 0x00000000031b4ba8]
Event: 5.306 Thread 0x000000001991a800 2277 %     3       com.android.dx.ssa.back.FirstFitLocalCombiningAllocator::handleLocalAssociatedParams @ 15 (132 bytes)
Event: 5.308 Thread 0x000000001991a800 nmethod 2277% 0x00000000031b8d50 code [0x00000000031b8fe0, 0x00000000031b9fc8]
Event: 5.311 Thread 0x000000001991a800 2278       2       com.android.dx.rop.code.RegisterSpecList::indexOfRegister (38 bytes)
Event: 5.312 Thread 0x000000001991a800 nmethod 2278 0x00000000031b0310 code [0x00000000031b0480, 0x00000000031b06e8]
Event: 5.321 Thread 0x000000001991a800 2279 %     3       com.android.dx.cf.direct.StdAttributeFactory::lineNumberTable @ 100 (204 bytes)
Event: 5.325 Thread 0x000000001991a800 nmethod 2279% 0x00000000031dd650 code [0x00000000031ddb00, 0x00000000031e0958]
Event: 5.335 Thread 0x000000001991a800 2283       3       com.android.dx.ssa.SsaBasicBlock::insertNewSuccessor (228 bytes)
Event: 5.337 Thread 0x000000001991a800 nmethod 2283 0x00000000031e2e50 code [0x00000000031e3180, 0x00000000031e46a8]
Event: 5.337 Thread 0x000000001991a800 2285       3       com.android.dx.ssa.back.FirstFitLocalCombiningAllocator::handleCheckCastResults (413 bytes)

GC Heap History (10 events):
Event: 3.223 GC heap before
{Heap before GC invocations=4 (full 0):
 PSYoungGen      total 70656K, used 70655K [0x00000000d5580000, 0x00000000ddf80000, 0x0000000100000000)
  eden space 65536K, 100% used [0x00000000d5580000,0x00000000d9580000,0x00000000d9580000)
  from space 5120K, 99% used [0x00000000d9580000,0x00000000d9a7fc90,0x00000000d9a80000)
  to   space 5120K, 0% used [0x00000000dda80000,0x00000000dda80000,0x00000000ddf80000)
 ParOldGen       total 86016K, used 17418K [0x0000000080000000, 0x0000000085400000, 0x00000000d5580000)
  object space 86016K, 20% used [0x0000000080000000,0x0000000081102a60,0x0000000085400000)
 Metaspace       used 6244K, capacity 7152K, committed 7296K, reserved 1056768K
  class space    used 587K, capacity 616K, committed 640K, reserved 1048576K
Event: 3.260 GC heap after
Heap after GC invocations=4 (full 0):
 PSYoungGen      total 136192K, used 5116K [0x00000000d5580000, 0x00000000ddf80000, 0x0000000100000000)
  eden space 131072K, 0% used [0x00000000d5580000,0x00000000d5580000,0x00000000dd580000)
  from space 5120K, 99% used [0x00000000dda80000,0x00000000ddf7f0b0,0x00000000ddf80000)
  to   space 5120K, 0% used [0x00000000dd580000,0x00000000dd580000,0x00000000dda80000)
 ParOldGen       total 86016K, used 27425K [0x0000000080000000, 0x0000000085400000, 0x00000000d5580000)
  object space 86016K, 31% used [0x0000000080000000,0x0000000081ac8560,0x0000000085400000)
 Metaspace       used 6244K, capacity 7152K, committed 7296K, reserved 1056768K
  class space    used 587K, capacity 616K, committed 640K, reserved 1048576K
}
Event: 3.791 GC heap before
{Heap before GC invocations=5 (full 0):
 PSYoungGen      total 136192K, used 136188K [0x00000000d5580000, 0x00000000ddf80000, 0x0000000100000000)
  eden space 131072K, 100% used [0x00000000d5580000,0x00000000dd580000,0x00000000dd580000)
  from space 5120K, 99% used [0x00000000dda80000,0x00000000ddf7f0b0,0x00000000ddf80000)
  to   space 5120K, 0% used [0x00000000dd580000,0x00000000dd580000,0x00000000dda80000)
 ParOldGen       total 86016K, used 27425K [0x0000000080000000, 0x0000000085400000, 0x00000000d5580000)
  object space 86016K, 31% used [0x0000000080000000,0x0000000081ac8560,0x0000000085400000)
 Metaspace       used 6353K, capacity 7216K, committed 7296K, reserved 1056768K
  class space    used 587K, capacity 616K, committed 640K, reserved 1048576K
Event: 3.846 GC heap after
Heap after GC invocations=5 (full 0):
 PSYoungGen      total 136192K, used 5112K [0x00000000d5580000, 0x00000000ddf80000, 0x0000000100000000)
  eden space 131072K, 0% used [0x00000000d5580000,0x00000000d5580000,0x00000000dd580000)
  from space 5120K, 99% used [0x00000000dd580000,0x00000000dda7e168,0x00000000dda80000)
  to   space 5120K, 0% used [0x00000000dda80000,0x00000000dda80000,0x00000000ddf80000)
 ParOldGen       total 86016K, used 47683K [0x0000000080000000, 0x0000000085400000, 0x00000000d5580000)
  object space 86016K, 55% used [0x0000000080000000,0x0000000082e90f60,0x0000000085400000)
 Metaspace       used 6353K, capacity 7216K, committed 7296K, reserved 1056768K
  class space    used 587K, capacity 616K, committed 640K, reserved 1048576K
}
Event: 4.358 GC heap before
{Heap before GC invocations=6 (full 0):
 PSYoungGen      total 136192K, used 136184K [0x00000000d5580000, 0x00000000ddf80000, 0x0000000100000000)
  eden space 131072K, 100% used [0x00000000d5580000,0x00000000dd580000,0x00000000dd580000)
  from space 5120K, 99% used [0x00000000dd580000,0x00000000dda7e168,0x00000000dda80000)
  to   space 5120K, 0% used [0x00000000dda80000,0x00000000dda80000,0x00000000ddf80000)
 ParOldGen       total 86016K, used 47683K [0x0000000080000000, 0x0000000085400000, 0x00000000d5580000)
  object space 86016K, 55% used [0x0000000080000000,0x0000000082e90f60,0x0000000085400000)
 Metaspace       used 6373K, capacity 7216K, committed 7296K, reserved 1056768K
  class space    used 587K, capacity 616K, committed 640K, reserved 1048576K
Event: 4.400 GC heap after
Heap after GC invocations=6 (full 0):
 PSYoungGen      total 136192K, used 5111K [0x00000000d5580000, 0x00000000ddf80000, 0x0000000100000000)
  eden space 131072K, 0% used [0x00000000d5580000,0x00000000d5580000,0x00000000dd580000)
  from space 5120K, 99% used [0x00000000dda80000,0x00000000ddf7df10,0x00000000ddf80000)
  to   space 5120K, 0% used [0x00000000dd580000,0x00000000dd580000,0x00000000dda80000)
 ParOldGen       total 86016K, used 66527K [0x0000000080000000, 0x0000000085400000, 0x00000000d5580000)
  object space 86016K, 77% used [0x0000000080000000,0x00000000840f7fc0,0x0000000085400000)
 Metaspace       used 6373K, capacity 7216K, committed 7296K, reserved 1056768K
  class space    used 587K, capacity 616K, committed 640K, reserved 1048576K
}
Event: 4.400 GC heap before
{Heap before GC invocations=7 (full 1):
 PSYoungGen      total 136192K, used 5111K [0x00000000d5580000, 0x00000000ddf80000, 0x0000000100000000)
  eden space 131072K, 0% used [0x00000000d5580000,0x00000000d5580000,0x00000000dd580000)
  from space 5120K, 99% used [0x00000000dda80000,0x00000000ddf7df10,0x00000000ddf80000)
  to   space 5120K, 0% used [0x00000000dd580000,0x00000000dd580000,0x00000000dda80000)
 ParOldGen       total 86016K, used 66527K [0x0000000080000000, 0x0000000085400000, 0x00000000d5580000)
  object space 86016K, 77% used [0x0000000080000000,0x00000000840f7fc0,0x0000000085400000)
 Metaspace       used 6373K, capacity 7216K, committed 7296K, reserved 1056768K
  class space    used 587K, capacity 616K, committed 640K, reserved 1048576K
Event: 4.839 GC heap after
Heap after GC invocations=7 (full 1):
 PSYoungGen      total 136192K, used 0K [0x00000000d5580000, 0x00000000ddf80000, 0x0000000100000000)
  eden space 131072K, 0% used [0x00000000d5580000,0x00000000d5580000,0x00000000dd580000)
  from space 5120K, 0% used [0x00000000dda80000,0x00000000dda80000,0x00000000ddf80000)
  to   space 5120K, 0% used [0x00000000dd580000,0x00000000dd580000,0x00000000dda80000)
 ParOldGen       total 142336K, used 65814K [0x0000000080000000, 0x0000000088b00000, 0x00000000d5580000)
  object space 142336K, 46% used [0x0000000080000000,0x00000000840459b8,0x0000000088b00000)
 Metaspace       used 6373K, capacity 7216K, committed 7296K, reserved 1056768K
  class space    used 587K, capacity 616K, committed 640K, reserved 1048576K
}
Event: 5.274 GC heap before
{Heap before GC invocations=8 (full 1):
 PSYoungGen      total 136192K, used 131072K [0x00000000d5580000, 0x00000000ddf80000, 0x0000000100000000)
  eden space 131072K, 100% used [0x00000000d5580000,0x00000000dd580000,0x00000000dd580000)
  from space 5120K, 0% used [0x00000000dda80000,0x00000000dda80000,0x00000000ddf80000)
  to   space 5120K, 0% used [0x00000000dd580000,0x00000000dd580000,0x00000000dda80000)
 ParOldGen       total 142336K, used 65814K [0x0000000080000000, 0x0000000088b00000, 0x00000000d5580000)
  object space 142336K, 46% used [0x0000000080000000,0x00000000840459b8,0x0000000088b00000)
 Metaspace       used 6381K, capacity 7216K, committed 7296K, reserved 1056768K
  class space    used 587K, capacity 616K, committed 640K, reserved 1048576K
Event: 5.295 GC heap after
Heap after GC invocations=8 (full 1):
 PSYoungGen      total 136192K, used 5104K [0x00000000d5580000, 0x00000000e3f80000, 0x0000000100000000)
  eden space 131072K, 0% used [0x00000000d5580000,0x00000000d5580000,0x00000000dd580000)
  from space 5120K, 99% used [0x00000000dd580000,0x00000000dda7c0e8,0x00000000dda80000)
  to   space 29696K, 0% used [0x00000000e2280000,0x00000000e2280000,0x00000000e3f80000)
 ParOldGen       total 142336K, used 81248K [0x0000000080000000, 0x0000000088b00000, 0x00000000d5580000)
  object space 142336K, 57% used [0x0000000080000000,0x0000000084f58320,0x0000000088b00000)
 Metaspace       used 6381K, capacity 7216K, committed 7296K, reserved 1056768K
  class space    used 587K, capacity 616K, committed 640K, reserved 1048576K
}

Deoptimization events (10 events):
Event: 4.086 Thread 0x00000000028a2800 Uncommon trap: reason=bimorphic action=maybe_recompile pc=0x0000000003140a20 method=com.android.dx.cf.code.BytecodeArray.parseInstruction(ILcom/android/dx/cf/code/BytecodeArray$Visitor;)I @ 2135
Event: 4.248 Thread 0x0000000019b22800 Uncommon trap: reason=bimorphic action=maybe_recompile pc=0x0000000003170d60 method=com.android.dx.rop.code.RegisterSpec.withSimpleType()Lcom/android/dx/rop/code/RegisterSpec; @ 21
Event: 4.257 Thread 0x0000000019b22800 Uncommon trap: reason=bimorphic action=maybe_recompile pc=0x0000000003170d60 method=com.android.dx.rop.code.RegisterSpec.withSimpleType()Lcom/android/dx/rop/code/RegisterSpec; @ 21
Event: 4.265 Thread 0x0000000019ab1800 Uncommon trap: reason=bimorphic action=maybe_recompile pc=0x0000000003170d60 method=com.android.dx.rop.code.RegisterSpec.withSimpleType()Lcom/android/dx/rop/code/RegisterSpec; @ 21
Event: 4.265 Thread 0x0000000019ab1800 Uncommon trap: reason=bimorphic action=maybe_recompile pc=0x0000000003170d60 method=com.android.dx.rop.code.RegisterSpec.withSimpleType()Lcom/android/dx/rop/code/RegisterSpec; @ 21
Event: 4.974 Thread 0x0000000019b24000 Uncommon trap: reason=unstable_if action=reinterpret pc=0x0000000003034348 method=java.util.HashMap.putVal(ILjava/lang/Object;Ljava/lang/Object;ZZ)Ljava/lang/Object; @ 206
Event: 5.214 Thread 0x0000000019ab1800 Uncommon trap: reason=class_check action=maybe_recompile pc=0x00000000031bff30 method=com.android.dx.cf.code.BytecodeArray.parseInstruction(ILcom/android/dx/cf/code/BytecodeArray$Visitor;)I @ 2092
Event: 5.220 Thread 0x0000000019ab1800 Uncommon trap: reason=class_check action=maybe_recompile pc=0x00000000031bff30 method=com.android.dx.cf.code.BytecodeArray.parseInstruction(ILcom/android/dx/cf/code/BytecodeArray$Visitor;)I @ 2092
Event: 5.220 Thread 0x0000000019ab1800 Uncommon trap: reason=class_check action=maybe_recompile pc=0x00000000031bff30 method=com.android.dx.cf.code.BytecodeArray.parseInstruction(ILcom/android/dx/cf/code/BytecodeArray$Visitor;)I @ 2092
Event: 5.223 Thread 0x0000000019ab1800 Uncommon trap: reason=class_check action=maybe_recompile pc=0x00000000031bff30 method=com.android.dx.cf.code.BytecodeArray.parseInstruction(ILcom/android/dx/cf/code/BytecodeArray$Visitor;)I @ 2092

Internal exceptions (6 events):
Event: 0.090 Thread 0x00000000028a2800 Exception <a 'java/lang/NoSuchMethodError': Method sun.misc.Unsafe.defineClass(Ljava/lang/String;[BII)Ljava/lang/Class; name or signature does not match> (0x00000000d5587cc0) thrown at [C:\src\android\AOSP-openjdk\external\jetbrains\jdk\hotspot\src\share\v|χI4·?
Event: 0.091 Thread 0x00000000028a2800 Exception <a 'java/lang/NoSuchMethodError': Method sun.misc.Unsafe.prefetchRead(Ljava/lang/Object;J)V name or signature does not match> (0x00000000d5587fa8) thrown at [C:\src\android\AOSP-openjdk\external\jetbrains\jdk\hotspot\src\share\vm\prims\jni.cpp, lΤυξ>τ?
Event: 1.265 Thread 0x0000000019b24000 Implicit null exception at 0x0000000002c187e2 to 0x0000000002c188da
Event: 2.608 Thread 0x0000000019b24000 Exception <a 'java/lang/ArrayIndexOutOfBoundsException': 18> (0x00000000d757c878) thrown at [C:\src\android\AOSP-openjdk\external\jetbrains\jdk\hotspot\src\share\vm\interpreter\interpreterRuntime.cpp, line 366]
Event: 2.608 Thread 0x0000000019b24000 Exception <a 'java/lang/ArrayIndexOutOfBoundsException': 145> (0x00000000d757e3f8) thrown at [C:\src\android\AOSP-openjdk\external\jetbrains\jdk\hotspot\src\share\vm\interpreter\interpreterRuntime.cpp, line 366]
Event: 2.610 Thread 0x0000000019b24000 Exception <a 'java/lang/ArrayIndexOutOfBoundsException'> (0x00000000d757f6e0) thrown at [C:\src\android\AOSP-openjdk\external\jetbrains\jdk\hotspot\src\share\vm\runtime\sharedRuntime.cpp, line 605]

Events (10 events):
Event: 5.305 Thread 0x0000000019ab1800 DEOPT PACKING pc=0x0000000002cac7b8 sp=0x000000001a7deaa0
Event: 5.305 Thread 0x0000000019ab1800 DEOPT UNPACKING pc=0x00000000029e75bf sp=0x000000001a7de880 mode 0
Event: 5.315 Thread 0x0000000019ab1800 DEOPT PACKING pc=0x0000000002cac7b8 sp=0x000000001a7de980
Event: 5.315 Thread 0x0000000019ab1800 DEOPT UNPACKING pc=0x00000000029e75bf sp=0x000000001a7de760 mode 0
Event: 5.337 Thread 0x0000000019b21000 DEOPT PACKING pc=0x0000000002d7c6e7 sp=0x000000001aade730
Event: 5.337 Thread 0x0000000019b21000 DEOPT UNPACKING pc=0x00000000029e75bf sp=0x000000001aade4c8 mode 0
Event: 5.337 Thread 0x0000000019ab1800 DEOPT PACKING pc=0x0000000002e9ad69 sp=0x000000001a7dea00
Event: 5.337 Thread 0x0000000019ab1800 DEOPT UNPACKING pc=0x00000000029e75bf sp=0x000000001a7de750 mode 0
Event: 5.339 Thread 0x0000000019b21000 DEOPT PACKING pc=0x0000000002cac7b8 sp=0x000000001aade530
Event: 5.339 Thread 0x0000000019b21000 DEOPT UNPACKING pc=0x00000000029e75bf sp=0x000000001aade310 mode 0


Dynamic libraries:
0x00007ff7d4270000 - 0x00007ff7d42a1000 	C:\Users\Kripa\Downloads\android-studio\jre\bin\java.exe
0x00007ffdbc220000 - 0x00007ffdbc3e1000 	C:\WINDOWS\SYSTEM32\ntdll.dll
0x00007ffdbc050000 - 0x00007ffdbc0fd000 	C:\WINDOWS\system32\KERNEL32.DLL
0x00007ffdb9330000 - 0x00007ffdb9518000 	C:\WINDOWS\system32\KERNELBASE.dll
0x00007ffdbc170000 - 0x00007ffdbc217000 	C:\WINDOWS\system32\ADVAPI32.dll
0x00007ffdb9740000 - 0x00007ffdb97dd000 	C:\WINDOWS\system32\msvcrt.dll
0x00007ffdb97e0000 - 0x00007ffdb983b000 	C:\WINDOWS\system32\sechost.dll
0x00007ffdba1c0000 - 0x00007ffdba2dc000 	C:\WINDOWS\system32\RPCRT4.dll
0x00007ffdb9840000 - 0x00007ffdb9996000 	C:\WINDOWS\system32\USER32.dll
0x00007ffdba5c0000 - 0x00007ffdba746000 	C:\WINDOWS\system32\GDI32.dll
0x00007ffdae640000 - 0x00007ffdae8b4000 	C:\WINDOWS\WinSxS\amd64_microsoft.windows.common-controls_6595b64144ccf1df_6.0.10586.494_none_a2d8b04ea53e3145\COMCTL32.dll
0x00007ffdb9af0000 - 0x00007ffdb9d6d000 	C:\WINDOWS\system32\combase.dll
0x00007ffdb92c0000 - 0x00007ffdb932a000 	C:\WINDOWS\system32\bcryptPrimitives.dll
0x00007ffdba750000 - 0x00007ffdba78b000 	C:\WINDOWS\system32\IMM32.DLL
0x00000000526b0000 - 0x0000000052782000 	C:\Users\Kripa\Downloads\android-studio\jre\jre\bin\msvcr100.dll
0x0000000052cf0000 - 0x0000000053524000 	C:\Users\Kripa\Downloads\android-studio\jre\jre\bin\server\jvm.dll
0x00007ffdba2e0000 - 0x00007ffdba2e8000 	C:\WINDOWS\system32\PSAPI.DLL
0x00007ffdaca80000 - 0x00007ffdaca89000 	C:\WINDOWS\SYSTEM32\WSOCK32.dll
0x00007ffdae8f0000 - 0x00007ffdae8fa000 	C:\WINDOWS\SYSTEM32\VERSION.dll
0x00007ffdb6af0000 - 0x00007ffdb6b13000 	C:\WINDOWS\SYSTEM32\WINMM.dll
0x00007ffdbbfe0000 - 0x00007ffdbc04b000 	C:\WINDOWS\system32\WS2_32.dll
0x00007ffdb6a90000 - 0x00007ffdb6abc000 	C:\WINDOWS\SYSTEM32\WINMMBASE.dll
0x00007ffdb9520000 - 0x00007ffdb9563000 	C:\WINDOWS\system32\cfgmgr32.dll
0x00007ffdb4ee0000 - 0x00007ffdb4eef000 	C:\Users\Kripa\Downloads\android-studio\jre\jre\bin\verify.dll
0x00007ffdb4700000 - 0x00007ffdb4729000 	C:\Users\Kripa\Downloads\android-studio\jre\jre\bin\java.dll
0x00007ffdb4e70000 - 0x00007ffdb4e86000 	C:\Users\Kripa\Downloads\android-studio\jre\jre\bin\zip.dll
0x00007ffdba800000 - 0x00007ffdbbd5c000 	C:\WINDOWS\system32\SHELL32.dll
0x00007ffdb88d0000 - 0x00007ffdb8f15000 	C:\WINDOWS\system32\windows.storage.dll
0x00007ffdb96d0000 - 0x00007ffdb9722000 	C:\WINDOWS\system32\shlwapi.dll
0x00007ffdb88c0000 - 0x00007ffdb88cf000 	C:\WINDOWS\system32\kernel.appcore.dll
0x00007ffdb8f20000 - 0x00007ffdb8fd5000 	C:\WINDOWS\system32\shcore.dll
0x00007ffdb8870000 - 0x00007ffdb88bb000 	C:\WINDOWS\system32\powrprof.dll
0x00007ffdb8840000 - 0x00007ffdb8854000 	C:\WINDOWS\system32\profapi.dll

VM Arguments:
jvm_args: -Djava.awt.headless=true -Xmx2g -Dfile.encoding=windows-1252 -Duser.country=SG -Duser.language=en -Duser.variant 
java_command: com.android.dx.command.Main --dex --num-threads=4 --multi-dex --output C:\Users\Kripa\AndroidStudioProjects\GuessTheMovie\app\build\intermediates\transforms\dex\debug\folders\1000\1f\main C:\Users\Kripa\AndroidStudioProjects\GuessTheMovie\app\build\intermediates\classes\debug C:\Users\Kripa\.gradle\caches\modules-2\files-2.1\org.slf4j\jcl-over-slf4j\1.7.7\56003dcd0a31deea6391b9e2ef2f2dc90b205a92\jcl-over-slf4j-1.7.7.jar C:\Program Files (x86)\Android\sdk\extras\android\m2repository\com\android\support\support-annotations\23.1.1\support-annotations-23.1.1.jar C:\Users\Kripa\.gradle\caches\modules-2\files-2.1\org.slf4j\slf4j-api\1.7.7\2b8019b6249bb05d81d3a3094e468753e2b21311\slf4j-api-1.7.7.jar C:\Users\Kripa\.gradle\caches\modules-2\files-2.1\com.fasterxml.jackson.core\jackson-annotations\2.4.4\d3dad1a494f94579fca4b6a1142fb15fb68f0b2f\jackson-annotations-2.4.4.jar C:\Users\Kripa\AndroidStudioProjects\GuessTheMovie\app\build\intermediates\exploded-aar\GuessTheMovie\ViewPagerLibrary\unspecified\jars\classes.jar C:\Users\Kripa\AndroidStudioProjects\GuessTheMovie\app\build\intermediates\exploded-aar\com.google.android.gms\play-services-base\8.3.0\jars\classes.jar C:\Users\Kripa\AndroidStudioProjects\GuessTheMovie\app\build\intermediates\exploded-aar\com.google.android.gms\play-services-measurement\8.3.0\jars\classes.jar C:\Users\Kripa\.gradle\caches\modules-2\files-2.1\info.movito\themoviedbapi\1.4\c5b381f7e001aa76b5d79479755b1face70cf02b\themoviedbapi-1.4.jar C:\Users\Kripa\AndroidStudioProjects\GuessTheMovie\app\build\intermediates\exploded-aar\com.google.android.gms\play-services-plus\8.3.0\jars\classes.jar C:\Users\Kripa\Downloads\android-studio\gradle\m2repository\commons-io\commons-io\2.4\commons-io-2.4.jar C:\Users\Kripa\.gradle\caches\modules-2\files-2.1\com.fasterxml.jackson.core\jackson-core\2.4.4\c5cd3347c0a86d0dcfbf3da593d8431d5a789d54\jackson-core-2.4.4.jar C:\Users\Kripa\AndroidStudioProjects\GuessTheMovie\app\libs\universal-image-loader-1.8
java_class_path (initial): C:\Program Files (x86)\Android\sdk\build-tools\23.0.1\lib\dx.jar
Launcher Type: SUN_STANDARD

Environment Variables:
JAVA_HOME=C:\Program Files\Java\jdk1.7.0_67
PATH=C:\Program Files (x86)\HP SimplePass\x64;C:\Program Files (x86)\HP SimplePass\;C:\Program Files (x86)\Intel\iCLS Client\;C:\Program Files\Intel\iCLS Client\;C:\Program Files (x86)\NVIDIA Corporation\PhysX\Common;C:\WINDOWS\system32;C:\WINDOWS;C:\WINDOWS\System32\Wbem;C:\WINDOWS\System32\WindowsPowerShell\v1.0\;C:\Program Files (x86)\Windows Live\Shared;C:\Program Files (x86)\Intel\OpenCL SDK\3.0\bin\x86;C:\Program Files (x86)\Intel\OpenCL SDK\3.0\bin\x64;C:\Program Files\Intel\WiFi\bin\;C:\Program Files\Common Files\Intel\WirelessCommon\;c:\Program Files (x86)\Microsoft SQL Server\100\Tools\Binn\;c:\Program Files\Microsoft SQL Server\100\Tools\Binn\;c:\Program Files\Microsoft SQL Server\100\DTS\Binn\;C:\Program Files\Microsoft SQL Server\110\Tools\Binn\;C:\Program Files (x86)\Windows Kits\8.1\Windows Performance Toolkit\;C:\Program Files (x86)\Microsoft SDKs\TypeScript\1.0\;C:\Program Files\nodejs\;C:\HashiCorp\Vagrant\bin;C:\Program Files (x86)\Skype\Phone\;C:\Program Files\Intel\Intel(R) Management Engine Components\DAL;C:\Program Files\Intel\Intel(R) Management Engine Components\IPT;C:\Program Files (x86)\Intel\Intel(R) Management Engine Components\DAL;C:\Program Files (x86)\Intel\Intel(R) Management Engine Components\IPT;C:\Program Files\Git\cmd;C:\Program Files\Git\mingw64\bin;C:\Program Files\Git\usr\bin;C:\Users\Kripa\AppData\Local\GitHub\PortableGit_c2ba306e536fdf878271f7fe636a147ff37326ad\bin
USERNAME=Kripa
OS=Windows_NT
PROCESSOR_IDENTIFIER=Intel64 Family 6 Model 60 Stepping 3, GenuineIntel



---------------  S Y S T E M  ---------------

OS: Windows 10.0 , 64 bit Build 10586 (10.0.10586.0)

CPU:total 8 (4 cores per cpu, 2 threads per core) family 6 model 60 stepping 3, cmov, cx8, fxsr, mmx, sse, sse2, sse3, ssse3, sse4.1, sse4.2, popcnt, avx, avx2, aes, clmul, erms, lzcnt, ht, tsc, tscinvbit, bmi1, bmi2

Memory: 4k page, physical 8158492k(1124180k free), swap 11769116k(2408k free)

vm_info: OpenJDK 64-Bit Server VM (25.76-b03) for windows-amd64 JRE (1.8.0_76-release-b03), built on Jun 29 2016 19:09:20 by "ralucas" with MS VC++ 10.0 (VS2010)

time: Sun Sep 11 15:17:47 2016
elapsed time: 5 seconds (0d 0h 0m 5s)

