#
# There is insufficient memory for the Java Runtime Environment to continue.
# Native memory allocation (malloc) failed to allocate 440336 bytes for Chunk::new
# Possible reasons:
#   The system is out of physical RAM or swap space
#   In 32 bit mode, the process size limit was hit
# Possible solutions:
#   Reduce memory load on the system
#   Increase physical memory or swap space
#   Check if swap backing store is full
#   Use 64 bit Java on a 64 bit OS
#   Decrease Java heap size (-Xmx/-Xms)
#   Decrease number of Java threads
#   Decrease Java thread stack sizes (-Xss)
#   Set larger code cache with -XX:ReservedCodeCacheSize=
# This output file may be truncated or incomplete.
#
#  Out of Memory Error (allocation.cpp:390), pid=25948, tid=0x0000000000005340
#
# JRE version: OpenJDK Runtime Environment (8.0_76-b03) (build 1.8.0_76-release-b03)
# Java VM: OpenJDK 64-Bit Server VM (25.76-b03 mixed mode windows-amd64 compressed oops)
# Failed to write core dump. Minidumps are not enabled by default on client versions of Windows
#

---------------  T H R E A D  ---------------

Current thread (0x0000000017cdf000):  JavaThread "C2 CompilerThread0" daemon [_thread_in_native, id=21312, stack(0x0000000018490000,0x0000000018590000)]

Stack: [0x0000000018490000,0x0000000018590000]
[error occurred during error reporting (printing stack bounds), id 0xc0000005]

Native frames: (J=compiled Java code, j=interpreted, Vv=VM code, C=native code)


Current CompileTask:
C2:   6157 1052   !   4       com.android.dx.cf.code.BytecodeArray::parseInstruction (2764 bytes)


---------------  P R O C E S S  ---------------

Java Threads: ( => current thread )
  0x0000000017ec8000 JavaThread "pool-2-thread-4" [_thread_blocked, id=29068, stack(0x0000000018e90000,0x0000000018f90000)]
  0x0000000017ea7800 JavaThread "pool-2-thread-3" [_thread_in_Java, id=7600, stack(0x0000000018d90000,0x0000000018e90000)]
  0x0000000017ead800 JavaThread "pool-2-thread-2" [_thread_in_Java, id=12728, stack(0x0000000018c90000,0x0000000018d90000)]
  0x0000000017ea3800 JavaThread "pool-3-thread-1" [_thread_blocked, id=25384, stack(0x0000000018b90000,0x0000000018c90000)]
  0x0000000017ea1800 JavaThread "pool-2-thread-1" [_thread_in_Java, id=28976, stack(0x0000000018a90000,0x0000000018b90000)]
  0x0000000017d77800 JavaThread "Service Thread" daemon [_thread_blocked, id=25564, stack(0x0000000018890000,0x0000000018990000)]
  0x0000000017ce9000 JavaThread "C1 CompilerThread3" daemon [_thread_in_native, id=25884, stack(0x0000000018790000,0x0000000018890000)]
  0x0000000015dbd000 JavaThread "C2 CompilerThread2" daemon [_thread_in_native, id=18620, stack(0x0000000018690000,0x0000000018790000)]
  0x0000000017ce2000 JavaThread "C2 CompilerThread1" daemon [_thread_in_native, id=29056, stack(0x0000000018590000,0x0000000018690000)]
=>0x0000000017cdf000 JavaThread "C2 CompilerThread0" daemon [_thread_in_native, id=21312, stack(0x0000000018490000,0x0000000018590000)]
  0x0000000017cda000 JavaThread "Attach Listener" daemon [_thread_blocked, id=20900, stack(0x0000000018390000,0x0000000018490000)]
  0x0000000017cd8800 JavaThread "Signal Dispatcher" daemon [_thread_blocked, id=29512, stack(0x0000000018290000,0x0000000018390000)]
  0x0000000017cd0800 JavaThread "Finalizer" daemon [_thread_blocked, id=29140, stack(0x00000000180b0000,0x00000000181b0000)]
  0x0000000003287000 JavaThread "Reference Handler" daemon [_thread_blocked, id=27984, stack(0x0000000017bb0000,0x0000000017cb0000)]
  0x000000000308d800 JavaThread "main" [_thread_in_native, id=26960, stack(0x0000000003090000,0x0000000003190000)]

Other Threads:
  0x0000000015da5800 VMThread [stack: 0x0000000017ab0000,0x0000000017bb0000] [id=28052]
  0x0000000017d42800 WatcherThread [stack: 0x0000000018990000,0x0000000018a90000] [id=10444]

VM state:not at safepoint (normal execution)

VM Mutex/Monitor currently owned by a thread: None

Heap:
 PSYoungGen      total 37888K, used 34333K [0x00000000eab00000, 0x00000000ed500000, 0x0000000100000000)
  eden space 32768K, 89% used [0x00000000eab00000,0x00000000ec789360,0x00000000ecb00000)
  from space 5120K, 99% used [0x00000000ecb00000,0x00000000ecffe3d8,0x00000000ed000000)
  to   space 5120K, 0% used [0x00000000ed000000,0x00000000ed000000,0x00000000ed500000)
 ParOldGen       total 86016K, used 1978K [0x00000000c0000000, 0x00000000c5400000, 0x00000000eab00000)
  object space 86016K, 2% used [0x00000000c0000000,0x00000000c01eeb40,0x00000000c5400000)
 Metaspace       used 5953K, capacity 6960K, committed 7040K, reserved 1056768K
  class space    used 584K, capacity 616K, committed 640K, reserved 1048576K

Card table byte_map: [0x0000000012650000,0x0000000012860000] byte_map_base: 0x0000000012050000

Marking Bits: (ParMarkBitMap*) 0x00000000534a9d00
 Begin Bits: [0x00000000131c0000, 0x00000000141c0000)
 End Bits:   [0x00000000141c0000, 0x00000000151c0000)

Polling page: 0x00000000017b0000

CodeCache: size=245760Kb used=4880Kb max_used=4880Kb free=240879Kb
 bounds [0x0000000003290000, 0x0000000003760000, 0x0000000012290000]
 total_blobs=1498 nmethods=1230 adapters=182
 compilation: enabled

Compilation events (10 events):
Event: 6.027 Thread 0x0000000017ce9000 nmethod 1187 0x00000000036fcf90 code [0x00000000036fd1e0, 0x00000000036fe018]
Event: 6.027 Thread 0x0000000017ce9000 1204       1       com.android.dx.rop.code.Insn$BaseVisitor::visitThrowingCstInsn (1 bytes)
Event: 6.028 Thread 0x0000000017ce9000 nmethod 1204 0x00000000036fe690 code [0x00000000036fe7e0, 0x00000000036fe8f0]
Event: 6.028 Thread 0x0000000017ce9000 1200       3       com.android.dx.dex.cf.AttributeTranslator::getExceptions (32 bytes)
Event: 6.029 Thread 0x0000000017ce9000 nmethod 1200 0x00000000036fe950 code [0x00000000036feae0, 0x00000000036fef18]
Event: 6.029 Thread 0x0000000017ce9000 1192       3       com.android.dx.rop.code.LocalItem::make (20 bytes)
Event: 6.030 Thread 0x0000000017ce9000 nmethod 1192 0x00000000036ff090 code [0x00000000036ff200, 0x00000000036ff4f0]
Event: 6.030 Thread 0x0000000017ce9000 1194       3       com.android.dx.cf.code.LocalVariableList$Item::getLocalItem (12 bytes)
Event: 6.031 Thread 0x0000000017ce9000 nmethod 1194 0x00000000036ff610 code [0x00000000036ff780, 0x00000000036ffaf0]
Event: 6.031 Thread 0x0000000017ce9000 1207       3       com.android.dx.ssa.SsaConverter::edgeSplitSuccessors (98 bytes)

GC Heap History (2 events):
Event: 5.728 GC heap before
{Heap before GC invocations=1 (full 0):
 PSYoungGen      total 37888K, used 32768K [0x00000000eab00000, 0x00000000ed500000, 0x0000000100000000)
  eden space 32768K, 100% used [0x00000000eab00000,0x00000000ecb00000,0x00000000ecb00000)
  from space 5120K, 0% used [0x00000000ed000000,0x00000000ed000000,0x00000000ed500000)
  to   space 5120K, 0% used [0x00000000ecb00000,0x00000000ecb00000,0x00000000ed000000)
 ParOldGen       total 86016K, used 0K [0x00000000c0000000, 0x00000000c5400000, 0x00000000eab00000)
  object space 86016K, 0% used [0x00000000c0000000,0x00000000c0000000,0x00000000c5400000)
 Metaspace       used 5780K, capacity 6896K, committed 7040K, reserved 1056768K
  class space    used 564K, capacity 616K, committed 640K, reserved 1048576K
Event: 5.770 GC heap after
Heap after GC invocations=1 (full 0):
 PSYoungGen      total 37888K, used 5112K [0x00000000eab00000, 0x00000000ed500000, 0x0000000100000000)
  eden space 32768K, 0% used [0x00000000eab00000,0x00000000eab00000,0x00000000ecb00000)
  from space 5120K, 99% used [0x00000000ecb00000,0x00000000ecffe3d8,0x00000000ed000000)
  to   space 5120K, 0% used [0x00000000ed000000,0x00000000ed000000,0x00000000ed500000)
 ParOldGen       total 86016K, used 1978K [0x00000000c0000000, 0x00000000c5400000, 0x00000000eab00000)
  object space 86016K, 2% used [0x00000000c0000000,0x00000000c01eeb40,0x00000000c5400000)
 Metaspace       used 5780K, capacity 6896K, committed 7040K, reserved 1056768K
  class space    used 564K, capacity 616K, committed 640K, reserved 1048576K
}

Deoptimization events (8 events):
Event: 4.758 Thread 0x0000000017ea1800 Uncommon trap: reason=unstable_if action=reinterpret pc=0x00000000034834f8 method=java.util.HashMap.getNode(ILjava/lang/Object;)Ljava/util/HashMap$Node; @ 62
Event: 4.847 Thread 0x000000000308d800 Uncommon trap: reason=unstable_if action=reinterpret pc=0x0000000003426f90 method=java.lang.String.<init>([CII)V @ 18
Event: 5.034 Thread 0x000000000308d800 Uncommon trap: reason=unstable_if action=reinterpret pc=0x0000000003449768 method=java.lang.String.<init>([CII)V @ 18
Event: 5.074 Thread 0x0000000017ea1800 Uncommon trap: reason=null_check action=make_not_entrant pc=0x00000000034ddce8 method=com.android.dx.rop.type.Type.equals(Ljava/lang/Object;)Z @ 8
Event: 5.164 Thread 0x0000000017ea1800 Uncommon trap: reason=unstable_if action=reinterpret pc=0x00000000034e18c4 method=com.android.dx.rop.code.RegisterSpec.equals(ILcom/android/dx/rop/type/TypeBearer;Lcom/android/dx/rop/code/LocalItem;)Z @ 42
Event: 5.306 Thread 0x0000000017ead800 Uncommon trap: reason=unstable_if action=reinterpret pc=0x000000000356435c method=com.android.dx.rop.cst.Constant.compareTo(Lcom/android/dx/rop/cst/Constant;)I @ 12
Event: 6.004 Thread 0x0000000017ead800 Uncommon trap: reason=unstable_if action=reinterpret pc=0x000000000367f3a8 method=com.android.dx.util.LabeledList.set(ILcom/android/dx/util/LabeledItem;)V @ 16
Event: 6.004 Thread 0x0000000017ead800 Uncommon trap: reason=unstable_if action=reinterpret pc=0x000000000365f2b0 method=com.android.dx.util.LabeledList.set(ILcom/android/dx/util/LabeledItem;)V @ 16

Internal exceptions (3 events):
Event: 0.105 Thread 0x000000000308d800 Exception <a 'java/lang/NoSuchMethodError': Method sun.misc.Unsafe.defineClass(Ljava/lang/String;[BII)Ljava/lang/Class; name or signature does not match> (0x00000000eab07cc0) thrown at [C:\src\android\AOSP-openjdk\external\jetbrains\jdk\hotspot\src\share\vÜˇèä,Ÿ∫?
Event: 0.105 Thread 0x000000000308d800 Exception <a 'java/lang/NoSuchMethodError': Method sun.misc.Unsafe.prefetchRead(Ljava/lang/Object;J)V name or signature does not match> (0x00000000eab07fa8) thrown at [C:\src\android\AOSP-openjdk\external\jetbrains\jdk\hotspot\src\share\vm\prims\jni.cpp, l‰óïL@
Event: 5.074 Thread 0x0000000017ea1800 Implicit null exception at 0x00000000034ddbe2 to 0x00000000034ddcda

Events (10 events):
Event: 5.929 Thread 0x0000000017ead800 DEOPT PACKING pc=0x00000000035b60b5 sp=0x0000000018d8ea70
Event: 5.929 Thread 0x0000000017ead800 DEOPT UNPACKING pc=0x00000000032d75bf sp=0x0000000018d8e7d8 mode 0
Event: 6.004 Thread 0x0000000017ead800 Uncommon trap: trap_request=0xffffff65 fr.pc=0x000000000367f3a8
Event: 6.004 Thread 0x0000000017ead800 DEOPT PACKING pc=0x000000000367f3a8 sp=0x0000000018d8eb80
Event: 6.004 Thread 0x0000000017ead800 DEOPT UNPACKING pc=0x00000000032d556a sp=0x0000000018d8eb18 mode 2
Event: 6.004 Thread 0x0000000017ead800 Uncommon trap: trap_request=0xffffff65 fr.pc=0x000000000365f2b0
Event: 6.004 Thread 0x0000000017ead800 DEOPT PACKING pc=0x000000000365f2b0 sp=0x0000000018d8eb10
Event: 6.004 Thread 0x0000000017ead800 DEOPT UNPACKING pc=0x00000000032d556a sp=0x0000000018d8eb10 mode 2
Event: 6.010 Thread 0x0000000017ea1800 DEOPT PACKING pc=0x00000000035b60b5 sp=0x0000000018b8e2a0
Event: 6.010 Thread 0x0000000017ea1800 DEOPT UNPACKING pc=0x00000000032d75bf sp=0x0000000018b8e008 mode 0


Dynamic libraries:
0x00007ff7d4270000 - 0x00007ff7d42a1000 	C:\Users\Kripa\Downloads\android-studio\jre\bin\java.exe
0x00007ffdbc220000 - 0x00007ffdbc3e1000 	C:\WINDOWS\SYSTEM32\ntdll.dll
0x00007ffdbc050000 - 0x00007ffdbc0fd000 	C:\WINDOWS\system32\KERNEL32.DLL
0x00007ffdb9330000 - 0x00007ffdb9518000 	C:\WINDOWS\system32\KERNELBASE.dll
0x00007ffdbc170000 - 0x00007ffdbc217000 	C:\WINDOWS\system32\ADVAPI32.dll
0x00007ffdb9740000 - 0x00007ffdb97dd000 	C:\WINDOWS\system32\msvcrt.dll
0x00007ffdb97e0000 - 0x00007ffdb983b000 	C:\WINDOWS\system32\sechost.dll
0x00007ffdba1c0000 - 0x00007ffdba2dc000 	C:\WINDOWS\system32\RPCRT4.dll
0x00007ffdb9840000 - 0x00007ffdb9996000 	C:\WINDOWS\system32\USER32.dll
0x00007ffdba5c0000 - 0x00007ffdba746000 	C:\WINDOWS\system32\GDI32.dll
0x00007ffdae640000 - 0x00007ffdae8b4000 	C:\WINDOWS\WinSxS\amd64_microsoft.windows.common-controls_6595b64144ccf1df_6.0.10586.494_none_a2d8b04ea53e3145\COMCTL32.dll
0x00007ffdb9af0000 - 0x00007ffdb9d6d000 	C:\WINDOWS\system32\combase.dll
0x00007ffdb92c0000 - 0x00007ffdb932a000 	C:\WINDOWS\system32\bcryptPrimitives.dll
0x00007ffdba750000 - 0x00007ffdba78b000 	C:\WINDOWS\system32\IMM32.DLL
0x00000000526b0000 - 0x0000000052782000 	C:\Users\Kripa\Downloads\android-studio\jre\jre\bin\msvcr100.dll
0x0000000052cf0000 - 0x0000000053524000 	C:\Users\Kripa\Downloads\android-studio\jre\jre\bin\server\jvm.dll
0x00007ffdba2e0000 - 0x00007ffdba2e8000 	C:\WINDOWS\system32\PSAPI.DLL
0x00007ffdaca80000 - 0x00007ffdaca89000 	C:\WINDOWS\SYSTEM32\WSOCK32.dll
0x00007ffdb6af0000 - 0x00007ffdb6b13000 	C:\WINDOWS\SYSTEM32\WINMM.dll
0x00007ffdae8f0000 - 0x00007ffdae8fa000 	C:\WINDOWS\SYSTEM32\VERSION.dll
0x00007ffdbbfe0000 - 0x00007ffdbc04b000 	C:\WINDOWS\system32\WS2_32.dll
0x0000000001810000 - 0x000000000183c000 	C:\WINDOWS\SYSTEM32\WINMMBASE.dll
0x00007ffdb9520000 - 0x00007ffdb9563000 	C:\WINDOWS\system32\cfgmgr32.dll
0x00007ffdb4ee0000 - 0x00007ffdb4eef000 	C:\Users\Kripa\Downloads\android-studio\jre\jre\bin\verify.dll
0x00007ffdb4700000 - 0x00007ffdb4729000 	C:\Users\Kripa\Downloads\android-studio\jre\jre\bin\java.dll
0x00007ffdb4e70000 - 0x00007ffdb4e86000 	C:\Users\Kripa\Downloads\android-studio\jre\jre\bin\zip.dll
0x00007ffdba800000 - 0x00007ffdbbd5c000 	C:\WINDOWS\system32\SHELL32.dll
0x00007ffdb88d0000 - 0x00007ffdb8f15000 	C:\WINDOWS\system32\windows.storage.dll
0x00007ffdb96d0000 - 0x00007ffdb9722000 	C:\WINDOWS\system32\shlwapi.dll
0x00007ffdb88c0000 - 0x00007ffdb88cf000 	C:\WINDOWS\system32\kernel.appcore.dll
0x00007ffdb8f20000 - 0x00007ffdb8fd5000 	C:\WINDOWS\system32\shcore.dll
0x00007ffdb8870000 - 0x00007ffdb88bb000 	C:\WINDOWS\system32\powrprof.dll
0x00007ffdb8840000 - 0x00007ffdb8854000 	C:\WINDOWS\system32\profapi.dll

VM Arguments:
jvm_args: -Djava.awt.headless=true -Xmx1024M -Dfile.encoding=UTF-8 -Duser.country=SG -Duser.language=en -Duser.variant 
java_command: com.android.dx.command.Main --dex --num-threads=4 --multi-dex --output C:\Users\Kripa\AndroidStudioProjects\GuessTheMovie\app\build\intermediates\transforms\dex\debug\folders\1000\10\jackson-core-2.4.4_0ab2259db52eda851bee48520ed7be429e12006f C:\Users\Kripa\.gradle\caches\modules-2\files-2.1\com.fasterxml.jackson.core\jackson-core\2.4.4\c5cd3347c0a86d0dcfbf3da593d8431d5a789d54\jackson-core-2.4.4.jar
java_class_path (initial): C:\Program Files (x86)\Android\sdk\build-tools\23.0.1\lib\dx.jar
Launcher Type: SUN_STANDARD

Environment Variables:
JAVA_HOME=C:\Program Files\Java\jdk1.7.0_67
PATH=C:\Program Files (x86)\HP SimplePass\x64;C:\Program Files (x86)\HP SimplePass\;C:\Program Files (x86)\Intel\iCLS Client\;C:\Program Files\Intel\iCLS Client\;C:\Program Files (x86)\NVIDIA Corporation\PhysX\Common;C:\WINDOWS\system32;C:\WINDOWS;C:\WINDOWS\System32\Wbem;C:\WINDOWS\System32\WindowsPowerShell\v1.0\;C:\Program Files (x86)\Windows Live\Shared;C:\Program Files (x86)\Intel\OpenCL SDK\3.0\bin\x86;C:\Program Files (x86)\Intel\OpenCL SDK\3.0\bin\x64;C:\Program Files\Intel\WiFi\bin\;C:\Program Files\Common Files\Intel\WirelessCommon\;c:\Program Files (x86)\Microsoft SQL Server\100\Tools\Binn\;c:\Program Files\Microsoft SQL Server\100\Tools\Binn\;c:\Program Files\Microsoft SQL Server\100\DTS\Binn\;C:\Program Files\Microsoft SQL Server\110\Tools\Binn\;C:\Program Files (x86)\Windows Kits\8.1\Windows Performance Toolkit\;C:\Program Files (x86)\Microsoft SDKs\TypeScript\1.0\;C:\Program Files\nodejs\;C:\HashiCorp\Vagrant\bin;C:\Program Files (x86)\Skype\Phone\;C:\Program Files\Intel\Intel(R) Management Engine Components\DAL;C:\Program Files\Intel\Intel(R) Management Engine Components\IPT;C:\Program Files (x86)\Intel\Intel(R) Management Engine Components\DAL;C:\Program Files (x86)\Intel\Intel(R) Management Engine Components\IPT;C:\Program Files\Git\cmd;C:\Program Files\Git\mingw64\bin;C:\Program Files\Git\usr\bin;C:\Users\Kripa\AppData\Local\GitHub\PortableGit_c2ba306e536fdf878271f7fe636a147ff37326ad\bin
USERNAME=Kripa
OS=Windows_NT
PROCESSOR_IDENTIFIER=Intel64 Family 6 Model 60 Stepping 3, GenuineIntel



---------------  S Y S T E M  ---------------

OS: Windows 10.0 , 64 bit Build 10586 (10.0.10586.0)

CPU:total 8 (4 cores per cpu, 2 threads per core) family 6 model 60 stepping 3, cmov, cx8, fxsr, mmx, sse, sse2, sse3, ssse3, sse4.1, sse4.2, popcnt, avx, avx2, aes, clmul, erms, lzcnt, ht, tsc, tscinvbit, bmi1, bmi2

Memory: 4k page, physical 8158492k(1388740k free), swap 11769116k(7016k free)

vm_info: OpenJDK 64-Bit Server VM (25.76-b03) for windows-amd64 JRE (1.8.0_76-release-b03), built on Jun 29 2016 19:09:20 by "ralucas" with MS VC++ 10.0 (VS2010)

time: Sun Sep 11 19:54:41 2016
elapsed time: 6 seconds (0d 0h 0m 6s)

