#
# There is insufficient memory for the Java Runtime Environment to continue.
# Native memory allocation (malloc) failed to allocate 32744 bytes for ChunkPool::allocate
# Possible reasons:
#   The system is out of physical RAM or swap space
#   In 32 bit mode, the process size limit was hit
# Possible solutions:
#   Reduce memory load on the system
#   Increase physical memory or swap space
#   Check if swap backing store is full
#   Use 64 bit Java on a 64 bit OS
#   Decrease Java heap size (-Xmx/-Xms)
#   Decrease number of Java threads
#   Decrease Java thread stack sizes (-Xss)
#   Set larger code cache with -XX:ReservedCodeCacheSize=
# This output file may be truncated or incomplete.
#
#  Out of Memory Error (allocation.cpp:273), pid=16332, tid=0x00000000000037a4
#
# JRE version: OpenJDK Runtime Environment (8.0_76-b03) (build 1.8.0_76-release-b03)
# Java VM: OpenJDK 64-Bit Server VM (25.76-b03 mixed mode windows-amd64 compressed oops)
# Failed to write core dump. Minidumps are not enabled by default on client versions of Windows
#

---------------  T H R E A D  ---------------

Current thread (0x0000000017449000):  JavaThread "C1 CompilerThread3" daemon [_thread_in_native, id=14244, stack(0x0000000017ef0000,0x0000000017ff0000)]

Stack: [0x0000000017ef0000,0x0000000017ff0000]
[error occurred during error reporting (printing stack bounds), id 0xc0000005]

Native frames: (J=compiled Java code, j=interpreted, Vv=VM code, C=native code)


Current CompileTask:
C1:   2858 1202       3       com.android.dx.ssa.back.LivenessAnalyzer::coInterferePhis (128 bytes)


---------------  P R O C E S S  ---------------

Java Threads: ( => current thread )
  0x0000000017714000 JavaThread "pool-2-thread-4" [_thread_in_Java, id=29056, stack(0x00000000185f0000,0x00000000186f0000)]
  0x000000001770f800 JavaThread "pool-2-thread-3" [_thread_in_Java, id=20900, stack(0x00000000184f0000,0x00000000185f0000)]
  0x000000001770b800 JavaThread "pool-2-thread-2" [_thread_in_Java, id=29512, stack(0x00000000183f0000,0x00000000184f0000)]
  0x00000000176f4800 JavaThread "pool-3-thread-1" [_thread_blocked, id=29140, stack(0x00000000182f0000,0x00000000183f0000)]
  0x00000000176eb800 JavaThread "pool-2-thread-1" [_thread_in_Java, id=27984, stack(0x00000000181f0000,0x00000000182f0000)]
  0x00000000174d4000 JavaThread "Service Thread" daemon [_thread_blocked, id=6708, stack(0x0000000017ff0000,0x00000000180f0000)]
=>0x0000000017449000 JavaThread "C1 CompilerThread3" daemon [_thread_in_native, id=14244, stack(0x0000000017ef0000,0x0000000017ff0000)]
  0x0000000017441800 JavaThread "C2 CompilerThread2" daemon [_thread_in_native, id=20196, stack(0x0000000017df0000,0x0000000017ef0000)]
  0x000000001743a000 JavaThread "C2 CompilerThread1" daemon [_thread_in_native, id=23500, stack(0x0000000017cf0000,0x0000000017df0000)]
  0x0000000017437000 JavaThread "C2 CompilerThread0" daemon [_thread_in_native, id=29580, stack(0x0000000017bf0000,0x0000000017cf0000)]
  0x0000000017435800 JavaThread "Attach Listener" daemon [_thread_blocked, id=3860, stack(0x0000000017af0000,0x0000000017bf0000)]
  0x0000000017434000 JavaThread "Signal Dispatcher" daemon [_thread_blocked, id=26960, stack(0x00000000179f0000,0x0000000017af0000)]
  0x0000000015540800 JavaThread "Finalizer" daemon [_thread_blocked, id=27568, stack(0x0000000017810000,0x0000000017910000)]
  0x0000000002a17000 JavaThread "Reference Handler" daemon [_thread_blocked, id=29676, stack(0x0000000017310000,0x0000000017410000)]
  0x000000000291d800 JavaThread "main" [_thread_in_Java, id=16028, stack(0x0000000002770000,0x0000000002870000)]

Other Threads:
  0x0000000015535800 VMThread [stack: 0x0000000017210000,0x0000000017310000] [id=17204]
  0x00000000174d5000 WatcherThread [stack: 0x00000000180f0000,0x00000000181f0000] [id=5856]

VM state:not at safepoint (normal execution)

VM Mutex/Monitor currently owned by a thread: None

Heap:
 PSYoungGen      total 37888K, used 17542K [0x00000000eab00000, 0x00000000ed500000, 0x0000000100000000)
  eden space 32768K, 39% used [0x00000000eab00000,0x00000000eb7efd58,0x00000000ecb00000)
  from space 5120K, 99% used [0x00000000ecb00000,0x00000000ecff9c78,0x00000000ed000000)
  to   space 5120K, 0% used [0x00000000ed000000,0x00000000ed000000,0x00000000ed500000)
 ParOldGen       total 86016K, used 1992K [0x00000000c0000000, 0x00000000c5400000, 0x00000000eab00000)
  object space 86016K, 2% used [0x00000000c0000000,0x00000000c01f2270,0x00000000c5400000)
 Metaspace       used 5924K, capacity 6960K, committed 7040K, reserved 1056768K
  class space    used 571K, capacity 616K, committed 640K, reserved 1048576K

Card table byte_map: [0x0000000011de0000,0x0000000011ff0000] byte_map_base: 0x00000000117e0000

Marking Bits: (ParMarkBitMap*) 0x00000000534a9d00
 Begin Bits: [0x0000000012950000, 0x0000000013950000)
 End Bits:   [0x0000000013950000, 0x0000000014950000)

Polling page: 0x00000000026f0000

CodeCache: size=245760Kb used=4523Kb max_used=4523Kb free=241236Kb
 bounds [0x0000000002a20000, 0x0000000002e90000, 0x0000000011a20000]
 total_blobs=1431 nmethods=1160 adapters=185
 compilation: enabled

Compilation events (10 events):
Event: 2.826 Thread 0x0000000017449000 nmethod 790 0x0000000002e8c4d0 code [0x0000000002e8c620, 0x0000000002e8c730]
Event: 2.826 Thread 0x0000000017449000  950       1       com.android.dx.ssa.back.FirstFitLocalCombiningAllocator$Multiset::getSize (5 bytes)
Event: 2.826 Thread 0x0000000017449000 nmethod 950 0x0000000002e8c790 code [0x0000000002e8c8e0, 0x0000000002e8c9f0]
Event: 2.826 Thread 0x0000000017449000  991       1       java.util.HashMap$Node::getValue (5 bytes)
Event: 2.827 Thread 0x0000000017449000 nmethod 991 0x0000000002e8ca50 code [0x0000000002e8cba0, 0x0000000002e8ccb0]
Event: 2.827 Thread 0x0000000017449000 1196       1       com.android.dx.cf.attrib.InnerClassList$Item::getOuterClass (5 bytes)
Event: 2.827 Thread 0x0000000017449000 nmethod 1196 0x0000000002e8cd10 code [0x0000000002e8ce60, 0x0000000002e8cf70]
Event: 2.832 Thread 0x0000000017449000 1201       3       com.android.dx.rop.cst.StdConstantPool::get0Ok (12 bytes)
Event: 2.835 Thread 0x0000000017449000 nmethod 1201 0x0000000002e8cfd0 code [0x0000000002e8d280, 0x0000000002e8e418]
Event: 2.835 Thread 0x0000000017449000 1202       3       com.android.dx.ssa.back.LivenessAnalyzer::coInterferePhis (128 bytes)

GC Heap History (2 events):
Event: 2.557 GC heap before
{Heap before GC invocations=1 (full 0):
 PSYoungGen      total 37888K, used 32768K [0x00000000eab00000, 0x00000000ed500000, 0x0000000100000000)
  eden space 32768K, 100% used [0x00000000eab00000,0x00000000ecb00000,0x00000000ecb00000)
  from space 5120K, 0% used [0x00000000ed000000,0x00000000ed000000,0x00000000ed500000)
  to   space 5120K, 0% used [0x00000000ecb00000,0x00000000ecb00000,0x00000000ed000000)
 ParOldGen       total 86016K, used 0K [0x00000000c0000000, 0x00000000c5400000, 0x00000000eab00000)
  object space 86016K, 0% used [0x00000000c0000000,0x00000000c0000000,0x00000000c5400000)
 Metaspace       used 5841K, capacity 6896K, committed 7040K, reserved 1056768K
  class space    used 571K, capacity 616K, committed 640K, reserved 1048576K
Event: 2.580 GC heap after
Heap after GC invocations=1 (full 0):
 PSYoungGen      total 37888K, used 5095K [0x00000000eab00000, 0x00000000ed500000, 0x0000000100000000)
  eden space 32768K, 0% used [0x00000000eab00000,0x00000000eab00000,0x00000000ecb00000)
  from space 5120K, 99% used [0x00000000ecb00000,0x00000000ecff9c78,0x00000000ed000000)
  to   space 5120K, 0% used [0x00000000ed000000,0x00000000ed000000,0x00000000ed500000)
 ParOldGen       total 86016K, used 1992K [0x00000000c0000000, 0x00000000c5400000, 0x00000000eab00000)
  object space 86016K, 2% used [0x00000000c0000000,0x00000000c01f2270,0x00000000c5400000)
 Metaspace       used 5841K, capacity 6896K, committed 7040K, reserved 1056768K
  class space    used 571K, capacity 616K, committed 640K, reserved 1048576K
}

Deoptimization events (9 events):
Event: 1.782 Thread 0x000000001770b800 Uncommon trap: reason=class_check action=maybe_recompile pc=0x0000000002c37970 method=com.android.dx.ssa.NormalSsaInsn.accept(Lcom/android/dx/ssa/SsaInsn$Visitor;)V @ 9
Event: 1.782 Thread 0x000000001770b800 Uncommon trap: reason=class_check action=maybe_recompile pc=0x0000000002c37970 method=com.android.dx.ssa.NormalSsaInsn.accept(Lcom/android/dx/ssa/SsaInsn$Visitor;)V @ 9
Event: 1.783 Thread 0x000000001770b800 Uncommon trap: reason=class_check action=maybe_recompile pc=0x0000000002c37970 method=com.android.dx.ssa.NormalSsaInsn.accept(Lcom/android/dx/ssa/SsaInsn$Visitor;)V @ 9
Event: 1.783 Thread 0x000000001770b800 Uncommon trap: reason=class_check action=maybe_recompile pc=0x0000000002c37970 method=com.android.dx.ssa.NormalSsaInsn.accept(Lcom/android/dx/ssa/SsaInsn$Visitor;)V @ 9
Event: 1.879 Thread 0x000000001770b800 Uncommon trap: reason=unstable_if action=reinterpret pc=0x0000000002c1c0a0 method=java.util.HashMap.getNode(ILjava/lang/Object;)Ljava/util/HashMap$Node; @ 129
Event: 1.964 Thread 0x000000001770b800 Uncommon trap: reason=unstable_if action=reinterpret pc=0x0000000002c208f0 method=java.util.BitSet.nextSetBit(I)I @ 87
Event: 1.989 Thread 0x0000000017714000 Uncommon trap: reason=unstable_if action=reinterpret pc=0x0000000002c6484c method=java.util.HashMap.getNode(ILjava/lang/Object;)Ljava/util/HashMap$Node; @ 129
Event: 2.420 Thread 0x0000000017714000 Uncommon trap: reason=bimorphic action=maybe_recompile pc=0x0000000002d1cff4 method=java.util.HashMap.getNode(ILjava/lang/Object;)Ljava/util/HashMap$Node; @ 126
Event: 2.420 Thread 0x0000000017714000 Uncommon trap: reason=bimorphic action=maybe_recompile pc=0x0000000002d1cff4 method=java.util.HashMap.getNode(ILjava/lang/Object;)Ljava/util/HashMap$Node; @ 126

Internal exceptions (2 events):
Event: 0.141 Thread 0x000000000291d800 Exception <a 'java/lang/NoSuchMethodError': Method sun.misc.Unsafe.defineClass(Ljava/lang/String;[BII)Ljava/lang/Class; name or signature does not match> (0x00000000eab07cc0) thrown at [C:\src\android\AOSP-openjdk\external\jetbrains\jdk\hotspot\src\share\v3O%Â?
Event: 0.142 Thread 0x000000000291d800 Exception <a 'java/lang/NoSuchMethodError': Method sun.misc.Unsafe.prefetchRead(Ljava/lang/Object;J)V name or signature does not match> (0x00000000eab07fa8) thrown at [C:\src\android\AOSP-openjdk\external\jetbrains\jdk\hotspot\src\share\vm\prims\jni.cpp, l

Events (10 events):
Event: 2.398 loading class com/android/dx/cf/attrib/AttExceptions
Event: 2.398 loading class com/android/dx/cf/attrib/AttExceptions done
Event: 2.419 Thread 0x0000000017714000 Uncommon trap: trap_request=0xffffffc6 fr.pc=0x0000000002d1cff4
Event: 2.420 Thread 0x0000000017714000 DEOPT PACKING pc=0x0000000002d1cff4 sp=0x00000000186ee8b0
Event: 2.420 Thread 0x0000000017714000 DEOPT UNPACKING pc=0x0000000002a6556a sp=0x00000000186ee7e8 mode 2
Event: 2.420 Thread 0x0000000017714000 Uncommon trap: trap_request=0xffffffc6 fr.pc=0x0000000002d1cff4
Event: 2.420 Thread 0x0000000017714000 DEOPT PACKING pc=0x0000000002d1cff4 sp=0x00000000186ee8b0
Event: 2.420 Thread 0x0000000017714000 DEOPT UNPACKING pc=0x0000000002a6556a sp=0x00000000186ee7e8 mode 2
Event: 2.554 Executing VM operation: ParallelGCFailedAllocation
Event: 2.580 Executing VM operation: ParallelGCFailedAllocation done


Dynamic libraries:
0x00007ff7d4270000 - 0x00007ff7d42a1000 	C:\Users\Kripa\Downloads\android-studio\jre\bin\java.exe
0x00007ffdbc220000 - 0x00007ffdbc3e1000 	C:\WINDOWS\SYSTEM32\ntdll.dll
0x00007ffdbc050000 - 0x00007ffdbc0fd000 	C:\WINDOWS\system32\KERNEL32.DLL
0x00007ffdb9330000 - 0x00007ffdb9518000 	C:\WINDOWS\system32\KERNELBASE.dll
0x00007ffdbc170000 - 0x00007ffdbc217000 	C:\WINDOWS\system32\ADVAPI32.dll
0x00007ffdb9740000 - 0x00007ffdb97dd000 	C:\WINDOWS\system32\msvcrt.dll
0x00007ffdb97e0000 - 0x00007ffdb983b000 	C:\WINDOWS\system32\sechost.dll
0x00007ffdba1c0000 - 0x00007ffdba2dc000 	C:\WINDOWS\system32\RPCRT4.dll
0x00007ffdb9840000 - 0x00007ffdb9996000 	C:\WINDOWS\system32\USER32.dll
0x00007ffdba5c0000 - 0x00007ffdba746000 	C:\WINDOWS\system32\GDI32.dll
0x00007ffdae640000 - 0x00007ffdae8b4000 	C:\WINDOWS\WinSxS\amd64_microsoft.windows.common-controls_6595b64144ccf1df_6.0.10586.494_none_a2d8b04ea53e3145\COMCTL32.dll
0x00007ffdb9af0000 - 0x00007ffdb9d6d000 	C:\WINDOWS\system32\combase.dll
0x00007ffdb92c0000 - 0x00007ffdb932a000 	C:\WINDOWS\system32\bcryptPrimitives.dll
0x00007ffdba750000 - 0x00007ffdba78b000 	C:\WINDOWS\system32\IMM32.DLL
0x00000000526b0000 - 0x0000000052782000 	C:\Users\Kripa\Downloads\android-studio\jre\jre\bin\msvcr100.dll
0x0000000052cf0000 - 0x0000000053524000 	C:\Users\Kripa\Downloads\android-studio\jre\jre\bin\server\jvm.dll
0x00007ffdba2e0000 - 0x00007ffdba2e8000 	C:\WINDOWS\system32\PSAPI.DLL
0x00007ffdb6af0000 - 0x00007ffdb6b13000 	C:\WINDOWS\SYSTEM32\WINMM.dll
0x00007ffdaca80000 - 0x00007ffdaca89000 	C:\WINDOWS\SYSTEM32\WSOCK32.dll
0x00007ffdae8f0000 - 0x00007ffdae8fa000 	C:\WINDOWS\SYSTEM32\VERSION.dll
0x00007ffdbbfe0000 - 0x00007ffdbc04b000 	C:\WINDOWS\system32\WS2_32.dll
0x0000000002720000 - 0x000000000274c000 	C:\WINDOWS\SYSTEM32\WINMMBASE.dll
0x00007ffdb9520000 - 0x00007ffdb9563000 	C:\WINDOWS\system32\cfgmgr32.dll
0x00007ffdb4ee0000 - 0x00007ffdb4eef000 	C:\Users\Kripa\Downloads\android-studio\jre\jre\bin\verify.dll
0x00007ffdb4700000 - 0x00007ffdb4729000 	C:\Users\Kripa\Downloads\android-studio\jre\jre\bin\java.dll
0x00007ffdb4e70000 - 0x00007ffdb4e86000 	C:\Users\Kripa\Downloads\android-studio\jre\jre\bin\zip.dll
0x00007ffdba800000 - 0x00007ffdbbd5c000 	C:\WINDOWS\system32\SHELL32.dll
0x00007ffdb88d0000 - 0x00007ffdb8f15000 	C:\WINDOWS\system32\windows.storage.dll
0x00007ffdb96d0000 - 0x00007ffdb9722000 	C:\WINDOWS\system32\shlwapi.dll
0x00007ffdb88c0000 - 0x00007ffdb88cf000 	C:\WINDOWS\system32\kernel.appcore.dll
0x00007ffdb8f20000 - 0x00007ffdb8fd5000 	C:\WINDOWS\system32\shcore.dll
0x00007ffdb8870000 - 0x00007ffdb88bb000 	C:\WINDOWS\system32\powrprof.dll
0x00007ffdb8840000 - 0x00007ffdb8854000 	C:\WINDOWS\system32\profapi.dll

VM Arguments:
jvm_args: -Djava.awt.headless=true -Xmx1024M -Dfile.encoding=UTF-8 -Duser.country=SG -Duser.language=en -Duser.variant 
java_command: com.android.dx.command.Main --dex --num-threads=4 --multi-dex --output C:\Users\Kripa\AndroidStudioProjects\GuessTheMovie\app\build\intermediates\transforms\dex\debug\folders\1000\10\guava-18.0_f68ffd7833e8fb4a0842415677f02a82a64f86e4 C:\Users\Kripa\Downloads\android-studio\gradle\m2repository\com\google\guava\guava\18.0\guava-18.0.jar
java_class_path (initial): C:\Program Files (x86)\Android\sdk\build-tools\23.0.1\lib\dx.jar
Launcher Type: SUN_STANDARD

Environment Variables:
JAVA_HOME=C:\Program Files\Java\jdk1.7.0_67
PATH=C:\Program Files (x86)\HP SimplePass\x64;C:\Program Files (x86)\HP SimplePass\;C:\Program Files (x86)\Intel\iCLS Client\;C:\Program Files\Intel\iCLS Client\;C:\Program Files (x86)\NVIDIA Corporation\PhysX\Common;C:\WINDOWS\system32;C:\WINDOWS;C:\WINDOWS\System32\Wbem;C:\WINDOWS\System32\WindowsPowerShell\v1.0\;C:\Program Files (x86)\Windows Live\Shared;C:\Program Files (x86)\Intel\OpenCL SDK\3.0\bin\x86;C:\Program Files (x86)\Intel\OpenCL SDK\3.0\bin\x64;C:\Program Files\Intel\WiFi\bin\;C:\Program Files\Common Files\Intel\WirelessCommon\;c:\Program Files (x86)\Microsoft SQL Server\100\Tools\Binn\;c:\Program Files\Microsoft SQL Server\100\Tools\Binn\;c:\Program Files\Microsoft SQL Server\100\DTS\Binn\;C:\Program Files\Microsoft SQL Server\110\Tools\Binn\;C:\Program Files (x86)\Windows Kits\8.1\Windows Performance Toolkit\;C:\Program Files (x86)\Microsoft SDKs\TypeScript\1.0\;C:\Program Files\nodejs\;C:\HashiCorp\Vagrant\bin;C:\Program Files (x86)\Skype\Phone\;C:\Program Files\Intel\Intel(R) Management Engine Components\DAL;C:\Program Files\Intel\Intel(R) Management Engine Components\IPT;C:\Program Files (x86)\Intel\Intel(R) Management Engine Components\DAL;C:\Program Files (x86)\Intel\Intel(R) Management Engine Components\IPT;C:\Program Files\Git\cmd;C:\Program Files\Git\mingw64\bin;C:\Program Files\Git\usr\bin;C:\Users\Kripa\AppData\Local\GitHub\PortableGit_c2ba306e536fdf878271f7fe636a147ff37326ad\bin
USERNAME=Kripa
OS=Windows_NT
PROCESSOR_IDENTIFIER=Intel64 Family 6 Model 60 Stepping 3, GenuineIntel



---------------  S Y S T E M  ---------------

OS: Windows 10.0 , 64 bit Build 10586 (10.0.10586.0)

CPU:total 8 (4 cores per cpu, 2 threads per core) family 6 model 60 stepping 3, cmov, cx8, fxsr, mmx, sse, sse2, sse3, ssse3, sse4.1, sse4.2, popcnt, avx, avx2, aes, clmul, erms, lzcnt, ht, tsc, tscinvbit, bmi1, bmi2

Memory: 4k page, physical 8158492k(1355316k free), swap 11769116k(2684k free)

vm_info: OpenJDK 64-Bit Server VM (25.76-b03) for windows-amd64 JRE (1.8.0_76-release-b03), built on Jun 29 2016 19:09:20 by "ralucas" with MS VC++ 10.0 (VS2010)

time: Sun Sep 11 19:55:17 2016
elapsed time: 2 seconds (0d 0h 0m 2s)

