#
# There is insufficient memory for the Java Runtime Environment to continue.
# Native memory allocation (malloc) failed to allocate 187280 bytes for Chunk::new
# Possible reasons:
#   The system is out of physical RAM or swap space
#   In 32 bit mode, the process size limit was hit
# Possible solutions:
#   Reduce memory load on the system
#   Increase physical memory or swap space
#   Check if swap backing store is full
#   Use 64 bit Java on a 64 bit OS
#   Decrease Java heap size (-Xmx/-Xms)
#   Decrease number of Java threads
#   Decrease Java thread stack sizes (-Xss)
#   Set larger code cache with -XX:ReservedCodeCacheSize=
# This output file may be truncated or incomplete.
#
#  Out of Memory Error (allocation.cpp:390), pid=14760, tid=0x00000000000059e4
#
# JRE version: OpenJDK Runtime Environment (8.0_76-b03) (build 1.8.0_76-release-b03)
# Java VM: OpenJDK 64-Bit Server VM (25.76-b03 mixed mode windows-amd64 compressed oops)
# Failed to write core dump. Minidumps are not enabled by default on client versions of Windows
#

---------------  T H R E A D  ---------------

Current thread (0x000000001778c000):  JavaThread "C2 CompilerThread0" daemon [_thread_in_native, id=23012, stack(0x0000000017f40000,0x0000000018040000)]

Stack: [0x0000000017f40000,0x0000000018040000]
[error occurred during error reporting (printing stack bounds), id 0xc0000005]

Native frames: (J=compiled Java code, j=interpreted, Vv=VM code, C=native code)


Current CompileTask:
C2:   6042 1261       4       com.android.dx.ssa.LiteralOpUpgrader::tryReplacingWithConstant (161 bytes)


---------------  P R O C E S S  ---------------

Java Threads: ( => current thread )
  0x0000000017a46800 JavaThread "pool-2-thread-4" [_thread_in_Java, id=3188, stack(0x0000000018940000,0x0000000018a40000)]
  0x0000000017a44000 JavaThread "pool-2-thread-3" [_thread_blocked, id=7040, stack(0x0000000018840000,0x0000000018940000)]
  0x0000000017a43000 JavaThread "pool-2-thread-2" [_thread_in_Java, id=16132, stack(0x0000000018740000,0x0000000018840000)]
  0x0000000017a3e000 JavaThread "pool-3-thread-1" [_thread_blocked, id=10804, stack(0x0000000018640000,0x0000000018740000)]
  0x0000000017a3d800 JavaThread "pool-2-thread-1" [_thread_blocked, id=19876, stack(0x0000000018540000,0x0000000018640000)]
  0x000000001782a000 JavaThread "Service Thread" daemon [_thread_blocked, id=17636, stack(0x0000000018340000,0x0000000018440000)]
  0x000000001589c000 JavaThread "C1 CompilerThread3" daemon [_thread_in_native, id=23116, stack(0x0000000018240000,0x0000000018340000)]
  0x0000000017795800 JavaThread "C2 CompilerThread2" daemon [_thread_in_native, id=14252, stack(0x0000000018140000,0x0000000018240000)]
  0x0000000017793000 JavaThread "C2 CompilerThread1" daemon [_thread_in_native, id=3536, stack(0x0000000018040000,0x0000000018140000)]
=>0x000000001778c000 JavaThread "C2 CompilerThread0" daemon [_thread_in_native, id=23012, stack(0x0000000017f40000,0x0000000018040000)]
  0x000000001778b000 JavaThread "Attach Listener" daemon [_thread_blocked, id=25180, stack(0x0000000017e40000,0x0000000017f40000)]
  0x0000000017789800 JavaThread "Signal Dispatcher" daemon [_thread_blocked, id=17204, stack(0x0000000017d40000,0x0000000017e40000)]
  0x0000000002d68800 JavaThread "Finalizer" daemon [_thread_blocked, id=17016, stack(0x0000000017b60000,0x0000000017c60000)]
  0x0000000002d65000 JavaThread "Reference Handler" daemon [_thread_blocked, id=12852, stack(0x0000000017660000,0x0000000017760000)]
  0x0000000002a8d800 JavaThread "main" [_thread_in_Java, id=17216, stack(0x0000000002b70000,0x0000000002c70000)]

Other Threads:
  0x0000000015885800 VMThread [stack: 0x0000000017560000,0x0000000017660000] [id=16308]
  0x00000000177ed000 WatcherThread [stack: 0x0000000018440000,0x0000000018540000] [id=14504]

VM state:not at safepoint (normal execution)

VM Mutex/Monitor currently owned by a thread: None

Heap:
 PSYoungGen      total 37888K, used 14887K [0x00000000eab00000, 0x00000000ed500000, 0x0000000100000000)
  eden space 32768K, 29% used [0x00000000eab00000,0x00000000eb48fe18,0x00000000ecb00000)
  from space 5120K, 99% used [0x00000000ecb00000,0x00000000ecff9fb0,0x00000000ed000000)
  to   space 5120K, 0% used [0x00000000ed000000,0x00000000ed000000,0x00000000ed500000)
 ParOldGen       total 86016K, used 1583K [0x00000000c0000000, 0x00000000c5400000, 0x00000000eab00000)
  object space 86016K, 1% used [0x00000000c0000000,0x00000000c018bce8,0x00000000c5400000)
 Metaspace       used 5882K, capacity 6960K, committed 7040K, reserved 1056768K
  class space    used 568K, capacity 616K, committed 640K, reserved 1048576K

Card table byte_map: [0x0000000012130000,0x0000000012340000] byte_map_base: 0x0000000011b30000

Marking Bits: (ParMarkBitMap*) 0x00000000534a9d00
 Begin Bits: [0x0000000012ca0000, 0x0000000013ca0000)
 End Bits:   [0x0000000013ca0000, 0x0000000014ca0000)

Polling page: 0x00000000029c0000

CodeCache: size=245760Kb used=5393Kb max_used=5393Kb free=240366Kb
 bounds [0x0000000002d70000, 0x00000000032c0000, 0x0000000011d70000]
 total_blobs=1571 nmethods=1302 adapters=182
 compilation: disabled (not enough contiguous free space left)

Compilation events (10 events):
Event: 5.985 Thread 0x000000001589c000 nmethod 1316 0x0000000003296110 code [0x0000000003296360, 0x00000000032970e8]
Event: 5.988 Thread 0x000000001589c000 1317       3       com.android.dx.ssa.DomFront::<init> (60 bytes)
Event: 5.989 Thread 0x000000001589c000 nmethod 1317 0x0000000003297710 code [0x00000000032978a0, 0x0000000003297ef0]
Event: 5.989 Thread 0x000000001589c000 1318   !   3       com.android.dx.cf.code.OneLocalsArray::set (106 bytes)
Event: 5.991 Thread 0x000000001589c000 nmethod 1318 0x00000000032981d0 code [0x0000000003298420, 0x0000000003299258]
Event: 5.991 Thread 0x000000001589c000 1319       3       com.android.dx.ssa.DomFront::run (264 bytes)
Event: 6.001 Thread 0x000000001589c000 nmethod 1319 0x00000000032998d0 code [0x0000000003299e40, 0x000000000329d4a8]
Event: 6.001 Thread 0x000000001589c000 1320       3       com.android.dx.util.FixedSizeList::shrinkToFit (103 bytes)
Event: 6.003 Thread 0x000000001589c000 nmethod 1320 0x000000000329f350 code [0x000000000329f500, 0x000000000329fd88]
Event: 6.003 Thread 0x000000001589c000 1323   !   2       com.android.dx.cf.code.BytecodeArray::parseInstruction (2764 bytes)

GC Heap History (2 events):
Event: 5.873 GC heap before
{Heap before GC invocations=1 (full 0):
 PSYoungGen      total 37888K, used 32768K [0x00000000eab00000, 0x00000000ed500000, 0x0000000100000000)
  eden space 32768K, 100% used [0x00000000eab00000,0x00000000ecb00000,0x00000000ecb00000)
  from space 5120K, 0% used [0x00000000ed000000,0x00000000ed000000,0x00000000ed500000)
  to   space 5120K, 0% used [0x00000000ecb00000,0x00000000ecb00000,0x00000000ed000000)
 ParOldGen       total 86016K, used 0K [0x00000000c0000000, 0x00000000c5400000, 0x00000000eab00000)
  object space 86016K, 0% used [0x00000000c0000000,0x00000000c0000000,0x00000000c5400000)
 Metaspace       used 5856K, capacity 6960K, committed 7040K, reserved 1056768K
  class space    used 568K, capacity 616K, committed 640K, reserved 1048576K
Event: 5.914 GC heap after
Heap after GC invocations=1 (full 0):
 PSYoungGen      total 37888K, used 5095K [0x00000000eab00000, 0x00000000ed500000, 0x0000000100000000)
  eden space 32768K, 0% used [0x00000000eab00000,0x00000000eab00000,0x00000000ecb00000)
  from space 5120K, 99% used [0x00000000ecb00000,0x00000000ecff9fb0,0x00000000ed000000)
  to   space 5120K, 0% used [0x00000000ed000000,0x00000000ed000000,0x00000000ed500000)
 ParOldGen       total 86016K, used 1583K [0x00000000c0000000, 0x00000000c5400000, 0x00000000eab00000)
  object space 86016K, 1% used [0x00000000c0000000,0x00000000c018bce8,0x00000000c5400000)
 Metaspace       used 5856K, capacity 6960K, committed 7040K, reserved 1056768K
  class space    used 568K, capacity 616K, committed 640K, reserved 1048576K
}

Deoptimization events (10 events):
Event: 5.675 Thread 0x0000000017a44000 Uncommon trap: reason=bimorphic action=maybe_recompile pc=0x0000000002fa6a28 method=java.util.HashMap.getNode(ILjava/lang/Object;)Ljava/util/HashMap$Node; @ 126
Event: 5.675 Thread 0x0000000017a44000 Uncommon trap: reason=class_check action=maybe_recompile pc=0x0000000003193344 method=java.util.HashMap.putVal(ILjava/lang/Object;Ljava/lang/Object;ZZ)Ljava/lang/Object; @ 203
Event: 5.675 Thread 0x0000000017a44000 Uncommon trap: reason=bimorphic action=maybe_recompile pc=0x0000000002fa6a28 method=java.util.HashMap.getNode(ILjava/lang/Object;)Ljava/util/HashMap$Node; @ 126
Event: 5.676 Thread 0x0000000017a44000 Uncommon trap: reason=class_check action=maybe_recompile pc=0x0000000003193344 method=java.util.HashMap.putVal(ILjava/lang/Object;Ljava/lang/Object;ZZ)Ljava/lang/Object; @ 203
Event: 5.676 Thread 0x0000000017a44000 Uncommon trap: reason=bimorphic action=maybe_recompile pc=0x00000000031a5b00 method=java.util.HashMap.getNode(ILjava/lang/Object;)Ljava/util/HashMap$Node; @ 126
Event: 5.949 Thread 0x0000000002a8d800 Uncommon trap: reason=bimorphic action=maybe_recompile pc=0x00000000032522bc method=com.android.dx.cf.code.BytecodeArray.parseInstruction(ILcom/android/dx/cf/code/BytecodeArray$Visitor;)I @ 939
Event: 5.949 Thread 0x0000000002a8d800 Uncommon trap: reason=bimorphic action=maybe_recompile pc=0x00000000032522bc method=com.android.dx.cf.code.BytecodeArray.parseInstruction(ILcom/android/dx/cf/code/BytecodeArray$Visitor;)I @ 939
Event: 5.998 Thread 0x0000000002a8d800 Uncommon trap: reason=bimorphic action=maybe_recompile pc=0x00000000032522bc method=com.android.dx.cf.code.BytecodeArray.parseInstruction(ILcom/android/dx/cf/code/BytecodeArray$Visitor;)I @ 939
Event: 5.998 Thread 0x0000000002a8d800 Uncommon trap: reason=bimorphic action=maybe_recompile pc=0x000000000324fcec method=com.android.dx.cf.code.BytecodeArray.parseInstruction(ILcom/android/dx/cf/code/BytecodeArray$Visitor;)I @ 1549
Event: 5.998 Thread 0x0000000002a8d800 Uncommon trap: reason=bimorphic action=maybe_recompile pc=0x00000000032522bc method=com.android.dx.cf.code.BytecodeArray.parseInstruction(ILcom/android/dx/cf/code/BytecodeArray$Visitor;)I @ 939

Internal exceptions (4 events):
Event: 0.277 Thread 0x0000000002a8d800 Exception <a 'java/lang/NoSuchMethodError': Method sun.misc.Unsafe.defineClass(Ljava/lang/String;[BII)Ljava/lang/Class; name or signature does not match> (0x00000000eab07cc0) thrown at [C:\src\android\AOSP-openjdk\external\jetbrains\jdk\hotspot\src\share\vªÍﬂ[ª—?
Event: 0.277 Thread 0x0000000002a8d800 Exception <a 'java/lang/NoSuchMethodError': Method sun.misc.Unsafe.prefetchRead(Ljava/lang/Object;J)V name or signature does not match> (0x00000000eab07fa8) thrown at [C:\src\android\AOSP-openjdk\external\jetbrains\jdk\hotspot\src\share\vm\prims\jni.cpp, lèûçj∂M@
Event: 4.326 Thread 0x0000000017a43000 Implicit null exception at 0x000000000307d649 to 0x0000000003080679
Event: 4.907 Thread 0x0000000017a43000 Implicit null exception at 0x0000000003116362 to 0x000000000311645a

Events (10 events):
Event: 5.971 Thread 0x0000000017a46800 DEOPT UNPACKING pc=0x0000000002db75bf sp=0x0000000018a3e388 mode 0
Event: 5.998 Thread 0x0000000002a8d800 Uncommon trap: trap_request=0xffffffc6 fr.pc=0x00000000032522bc
Event: 5.998 Thread 0x0000000002a8d800 DEOPT PACKING pc=0x00000000032522bc sp=0x0000000002c6e050
Event: 5.998 Thread 0x0000000002a8d800 DEOPT UNPACKING pc=0x0000000002db556a sp=0x0000000002c6dfd8 mode 2
Event: 5.998 Thread 0x0000000002a8d800 Uncommon trap: trap_request=0xffffffc6 fr.pc=0x000000000324fcec
Event: 5.998 Thread 0x0000000002a8d800 DEOPT PACKING pc=0x000000000324fcec sp=0x0000000002c6e050
Event: 5.998 Thread 0x0000000002a8d800 DEOPT UNPACKING pc=0x0000000002db556a sp=0x0000000002c6dfd0 mode 2
Event: 5.998 Thread 0x0000000002a8d800 Uncommon trap: trap_request=0xffffffc6 fr.pc=0x00000000032522bc
Event: 5.998 Thread 0x0000000002a8d800 DEOPT PACKING pc=0x00000000032522bc sp=0x0000000002c6de20
Event: 5.999 Thread 0x0000000002a8d800 DEOPT UNPACKING pc=0x0000000002db556a sp=0x0000000002c6dda8 mode 2


Dynamic libraries:
0x00007ff7d4270000 - 0x00007ff7d42a1000 	C:\Users\Kripa\Downloads\android-studio\jre\bin\java.exe
0x00007ffdbc220000 - 0x00007ffdbc3e1000 	C:\WINDOWS\SYSTEM32\ntdll.dll
0x00007ffdbc050000 - 0x00007ffdbc0fd000 	C:\WINDOWS\system32\KERNEL32.DLL
0x00007ffdb9330000 - 0x00007ffdb9518000 	C:\WINDOWS\system32\KERNELBASE.dll
0x00007ffdbc170000 - 0x00007ffdbc217000 	C:\WINDOWS\system32\ADVAPI32.dll
0x00007ffdb9740000 - 0x00007ffdb97dd000 	C:\WINDOWS\system32\msvcrt.dll
0x00007ffdb97e0000 - 0x00007ffdb983b000 	C:\WINDOWS\system32\sechost.dll
0x00007ffdba1c0000 - 0x00007ffdba2dc000 	C:\WINDOWS\system32\RPCRT4.dll
0x00007ffdb9840000 - 0x00007ffdb9996000 	C:\WINDOWS\system32\USER32.dll
0x00007ffdba5c0000 - 0x00007ffdba746000 	C:\WINDOWS\system32\GDI32.dll
0x00007ffdae640000 - 0x00007ffdae8b4000 	C:\WINDOWS\WinSxS\amd64_microsoft.windows.common-controls_6595b64144ccf1df_6.0.10586.494_none_a2d8b04ea53e3145\COMCTL32.dll
0x00007ffdb9af0000 - 0x00007ffdb9d6d000 	C:\WINDOWS\system32\combase.dll
0x00007ffdb92c0000 - 0x00007ffdb932a000 	C:\WINDOWS\system32\bcryptPrimitives.dll
0x00007ffdba750000 - 0x00007ffdba78b000 	C:\WINDOWS\system32\IMM32.DLL
0x00000000526b0000 - 0x0000000052782000 	C:\Users\Kripa\Downloads\android-studio\jre\jre\bin\msvcr100.dll
0x0000000052cf0000 - 0x0000000053524000 	C:\Users\Kripa\Downloads\android-studio\jre\jre\bin\server\jvm.dll
0x00007ffdba2e0000 - 0x00007ffdba2e8000 	C:\WINDOWS\system32\PSAPI.DLL
0x00007ffdaca80000 - 0x00007ffdaca89000 	C:\WINDOWS\SYSTEM32\WSOCK32.dll
0x00007ffdb6af0000 - 0x00007ffdb6b13000 	C:\WINDOWS\SYSTEM32\WINMM.dll
0x00007ffdae8f0000 - 0x00007ffdae8fa000 	C:\WINDOWS\SYSTEM32\VERSION.dll
0x00007ffdbbfe0000 - 0x00007ffdbc04b000 	C:\WINDOWS\system32\WS2_32.dll
0x00007ffdb6a90000 - 0x00007ffdb6abc000 	C:\WINDOWS\SYSTEM32\WINMMBASE.dll
0x00007ffdb9520000 - 0x00007ffdb9563000 	C:\WINDOWS\system32\cfgmgr32.dll
0x00007ffdb4ee0000 - 0x00007ffdb4eef000 	C:\Users\Kripa\Downloads\android-studio\jre\jre\bin\verify.dll
0x00007ffdb4700000 - 0x00007ffdb4729000 	C:\Users\Kripa\Downloads\android-studio\jre\jre\bin\java.dll
0x00007ffdb4b50000 - 0x00007ffdb4b66000 	C:\Users\Kripa\Downloads\android-studio\jre\jre\bin\zip.dll
0x00007ffdba800000 - 0x00007ffdbbd5c000 	C:\WINDOWS\system32\SHELL32.dll
0x00007ffdb88d0000 - 0x00007ffdb8f15000 	C:\WINDOWS\system32\windows.storage.dll
0x00007ffdb96d0000 - 0x00007ffdb9722000 	C:\WINDOWS\system32\shlwapi.dll
0x00007ffdb88c0000 - 0x00007ffdb88cf000 	C:\WINDOWS\system32\kernel.appcore.dll
0x00007ffdb8f20000 - 0x00007ffdb8fd5000 	C:\WINDOWS\system32\shcore.dll
0x00007ffdb8870000 - 0x00007ffdb88bb000 	C:\WINDOWS\system32\powrprof.dll
0x00007ffdb8840000 - 0x00007ffdb8854000 	C:\WINDOWS\system32\profapi.dll

VM Arguments:
jvm_args: -Djava.awt.headless=true -Xmx1024M -Dfile.encoding=windows-1252 -Duser.country=SG -Duser.language=en -Duser.variant 
java_command: com.android.dx.command.Main --dex --force-jumbo --num-threads=4 --multi-dex --output C:\Users\Kripa\AndroidStudioProjects\GuessTheMovie\app\build\intermediates\transforms\dex\debug\folders\1000\10\com.android.support-design-23.1.1_a3beadd342a1b27a24896ff5ba6f91dffde06fde C:\Users\Kripa\AndroidStudioProjects\GuessTheMovie\app\build\intermediates\exploded-aar\com.android.support\design\23.1.1\jars\classes.jar
java_class_path (initial): C:\Program Files (x86)\Android\sdk\build-tools\23.0.1\lib\dx.jar
Launcher Type: SUN_STANDARD

Environment Variables:
JAVA_HOME=C:\Program Files\Java\jdk1.7.0_67
PATH=C:\Program Files (x86)\HP SimplePass\x64;C:\Program Files (x86)\HP SimplePass\;C:\Program Files (x86)\Intel\iCLS Client\;C:\Program Files\Intel\iCLS Client\;C:\Program Files (x86)\NVIDIA Corporation\PhysX\Common;C:\WINDOWS\system32;C:\WINDOWS;C:\WINDOWS\System32\Wbem;C:\WINDOWS\System32\WindowsPowerShell\v1.0\;C:\Program Files (x86)\Windows Live\Shared;C:\Program Files (x86)\Intel\OpenCL SDK\3.0\bin\x86;C:\Program Files (x86)\Intel\OpenCL SDK\3.0\bin\x64;C:\Program Files\Intel\WiFi\bin\;C:\Program Files\Common Files\Intel\WirelessCommon\;c:\Program Files (x86)\Microsoft SQL Server\100\Tools\Binn\;c:\Program Files\Microsoft SQL Server\100\Tools\Binn\;c:\Program Files\Microsoft SQL Server\100\DTS\Binn\;C:\Program Files\Microsoft SQL Server\110\Tools\Binn\;C:\Program Files (x86)\Windows Kits\8.1\Windows Performance Toolkit\;C:\Program Files (x86)\Microsoft SDKs\TypeScript\1.0\;C:\Program Files\nodejs\;C:\HashiCorp\Vagrant\bin;C:\Program Files (x86)\Skype\Phone\;C:\Program Files\Intel\Intel(R) Management Engine Components\DAL;C:\Program Files\Intel\Intel(R) Management Engine Components\IPT;C:\Program Files (x86)\Intel\Intel(R) Management Engine Components\DAL;C:\Program Files (x86)\Intel\Intel(R) Management Engine Components\IPT;C:\Program Files\Git\cmd;C:\Program Files\Git\mingw64\bin;C:\Program Files\Git\usr\bin;C:\Program Files\MATLAB\R2016a\bin;C:\Users\Kripa\AppData\Local\GitHub\PortableGit_c2ba306e536fdf878271f7fe636a147ff37326ad\bin
USERNAME=Kripa
OS=Windows_NT
PROCESSOR_IDENTIFIER=Intel64 Family 6 Model 60 Stepping 3, GenuineIntel



---------------  S Y S T E M  ---------------

OS: Windows 10.0 , 64 bit Build 10586 (10.0.10586.0)

CPU:total 8 (4 cores per cpu, 2 threads per core) family 6 model 60 stepping 3, cmov, cx8, fxsr, mmx, sse, sse2, sse3, ssse3, sse4.1, sse4.2, popcnt, avx, avx2, aes, clmul, erms, lzcnt, ht, tsc, tscinvbit, bmi1, bmi2

Memory: 4k page, physical 8158492k(1182176k free), swap 11769116k(5128k free)

vm_info: OpenJDK 64-Bit Server VM (25.76-b03) for windows-amd64 JRE (1.8.0_76-release-b03), built on Jun 29 2016 19:09:20 by "ralucas" with MS VC++ 10.0 (VS2010)

time: Sun Sep 11 00:58:50 2016
elapsed time: 6 seconds (0d 0h 0m 6s)

