#
# There is insufficient memory for the Java Runtime Environment to continue.
# Native memory allocation (malloc) failed to allocate 220496 bytes for Chunk::new
# Possible reasons:
#   The system is out of physical RAM or swap space
#   In 32 bit mode, the process size limit was hit
# Possible solutions:
#   Reduce memory load on the system
#   Increase physical memory or swap space
#   Check if swap backing store is full
#   Use 64 bit Java on a 64 bit OS
#   Decrease Java heap size (-Xmx/-Xms)
#   Decrease number of Java threads
#   Decrease Java thread stack sizes (-Xss)
#   Set larger code cache with -XX:ReservedCodeCacheSize=
# This output file may be truncated or incomplete.
#
#  Out of Memory Error (allocation.cpp:390), pid=7404, tid=0x00000000000061c4
#
# JRE version: OpenJDK Runtime Environment (8.0_76-b03) (build 1.8.0_76-release-b03)
# Java VM: OpenJDK 64-Bit Server VM (25.76-b03 mixed mode windows-amd64 compressed oops)
# Failed to write core dump. Minidumps are not enabled by default on client versions of Windows
#

---------------  T H R E A D  ---------------

Current thread (0x0000000016f97800):  JavaThread "C2 CompilerThread0" daemon [_thread_in_native, id=25028, stack(0x0000000017750000,0x0000000017850000)]

Stack: [0x0000000017750000,0x0000000017850000]
[error occurred during error reporting (printing stack bounds), id 0xc0000005]

Native frames: (J=compiled Java code, j=interpreted, Vv=VM code, C=native code)


Current CompileTask:
C2:  92089 2722       4       com.android.dx.dex.code.StdCatchBuilder::getCatchTypes (97 bytes)


---------------  P R O C E S S  ---------------

Java Threads: ( => current thread )
  0x0000000017036800 JavaThread "Service Thread" daemon [_thread_blocked, id=23316, stack(0x0000000017b50000,0x0000000017c50000)]
  0x0000000016fe8800 JavaThread "C1 CompilerThread3" daemon [_thread_blocked, id=13776, stack(0x0000000017a50000,0x0000000017b50000)]
  0x0000000016fac800 JavaThread "C2 CompilerThread2" daemon [_thread_in_native, id=19276, stack(0x0000000017950000,0x0000000017a50000)]
  0x0000000016f9a800 JavaThread "C2 CompilerThread1" daemon [_thread_in_native, id=13876, stack(0x0000000017850000,0x0000000017950000)]
=>0x0000000016f97800 JavaThread "C2 CompilerThread0" daemon [_thread_in_native, id=25028, stack(0x0000000017750000,0x0000000017850000)]
  0x0000000016f96000 JavaThread "Attach Listener" daemon [_thread_blocked, id=26488, stack(0x0000000017650000,0x0000000017750000)]
  0x0000000016f95000 JavaThread "Signal Dispatcher" daemon [_thread_blocked, id=20076, stack(0x0000000017550000,0x0000000017650000)]
  0x0000000015081000 JavaThread "Finalizer" daemon [_thread_blocked, id=24840, stack(0x0000000017370000,0x0000000017470000)]
  0x0000000002556000 JavaThread "Reference Handler" daemon [_thread_blocked, id=26836, stack(0x0000000016e70000,0x0000000016f70000)]
  0x000000000245d800 JavaThread "main" [_thread_in_Java, id=13656, stack(0x00000000022d0000,0x00000000023d0000)]

Other Threads:
  0x0000000015075800 VMThread [stack: 0x0000000016d70000,0x0000000016e70000] [id=25760]
  0x0000000017037800 WatcherThread [stack: 0x0000000017c50000,0x0000000017d50000] [id=25480]

VM state:synchronizing (normal execution)

VM Mutex/Monitor currently owned by a thread:  ([mutex/lock_event])
[0x000000000245cf50] Safepoint_lock - owner thread: 0x0000000015075800
[0x000000000245c450] Threads_lock - owner thread: 0x0000000015075800

Heap:
 PSYoungGen      total 70656K, used 47384K [0x00000000eab00000, 0x00000000ef500000, 0x0000000100000000)
  eden space 65536K, 72% used [0x00000000eab00000,0x00000000ed946368,0x00000000eeb00000)
  from space 5120K, 0% used [0x00000000ef000000,0x00000000ef000000,0x00000000ef500000)
  to   space 5120K, 0% used [0x00000000eeb00000,0x00000000eeb00000,0x00000000ef000000)
 ParOldGen       total 159744K, used 159279K [0x00000000c0000000, 0x00000000c9c00000, 0x00000000eab00000)
  object space 159744K, 99% used [0x00000000c0000000,0x00000000c9b8bd00,0x00000000c9c00000)
 Metaspace       used 6459K, capacity 7280K, committed 7552K, reserved 1056768K
  class space    used 592K, capacity 616K, committed 640K, reserved 1048576K

Card table byte_map: [0x0000000011920000,0x0000000011b30000] byte_map_base: 0x0000000011320000

Marking Bits: (ParMarkBitMap*) 0x00000000534a9d00
 Begin Bits: [0x0000000012490000, 0x0000000013490000)
 End Bits:   [0x0000000013490000, 0x0000000014490000)

Polling page: 0x0000000002270000

CodeCache: size=245760Kb used=9878Kb max_used=10612Kb free=235881Kb
 bounds [0x0000000002560000, 0x0000000003000000, 0x0000000011560000]
 total_blobs=2327 nmethods=2058 adapters=182
 compilation: enabled

Compilation events (10 events):
Event: 91.820 Thread 0x0000000016f97800 2717       4       com.android.dx.rop.cst.CstMemberRef::equals (56 bytes)
Event: 91.832 Thread 0x0000000016f97800 nmethod 2717 0x00000000028f3090 code [0x00000000028f31e0, 0x00000000028f3578]
Event: 91.834 Thread 0x0000000016fac800 2718       4       com.android.dx.dex.file.CodeItem::addContents (174 bytes)
Event: 91.836 Thread 0x0000000016f97800 2719       4       com.android.dx.rop.type.StdTypeList::getType (6 bytes)
Event: 91.839 Thread 0x0000000016f97800 nmethod 2719 0x0000000002b25490 code [0x0000000002b255e0, 0x0000000002b256b8]
Event: 91.870 Thread 0x0000000016f97800 2720       4       java.util.HashMap$HashIterator::<init> (79 bytes)
Event: 91.885 Thread 0x0000000016f97800 nmethod 2720 0x000000000286f010 code [0x000000000286f160, 0x000000000286f438]
Event: 91.949 Thread 0x0000000016fe8800 2721       3       com.android.dx.rop.code.SwitchInsn::getCatches (4 bytes)
Event: 91.949 Thread 0x0000000016fe8800 nmethod 2721 0x0000000002806d50 code [0x0000000002806ea0, 0x0000000002806ff0]
Event: 91.962 Thread 0x0000000016f97800 2722       4       com.android.dx.dex.code.StdCatchBuilder::getCatchTypes (97 bytes)

GC Heap History (10 events):
Event: 16.060 GC heap before
{Heap before GC invocations=47 (full 33):
 PSYoungGen      total 70656K, used 65536K [0x00000000eab00000, 0x00000000ef500000, 0x0000000100000000)
  eden space 65536K, 100% used [0x00000000eab00000,0x00000000eeb00000,0x00000000eeb00000)
  from space 5120K, 0% used [0x00000000ef000000,0x00000000ef000000,0x00000000ef500000)
  to   space 5120K, 0% used [0x00000000eeb00000,0x00000000eeb00000,0x00000000ef000000)
 ParOldGen       total 159744K, used 159479K [0x00000000c0000000, 0x00000000c9c00000, 0x00000000eab00000)
  object space 159744K, 99% used [0x00000000c0000000,0x00000000c9bbdcd8,0x00000000c9c00000)
 Metaspace       used 6345K, capacity 7216K, committed 7296K, reserved 1056768K
  class space    used 585K, capacity 616K, committed 640K, reserved 1048576K
Event: 16.215 GC heap after
Heap after GC invocations=47 (full 33):
 PSYoungGen      total 70656K, used 62724K [0x00000000eab00000, 0x00000000ef500000, 0x0000000100000000)
  eden space 65536K, 95% used [0x00000000eab00000,0x00000000ee841030,0x00000000eeb00000)
  from space 5120K, 0% used [0x00000000ef000000,0x00000000ef000000,0x00000000ef500000)
  to   space 5120K, 0% used [0x00000000eeb00000,0x00000000eeb00000,0x00000000ef000000)
 ParOldGen       total 159744K, used 159479K [0x00000000c0000000, 0x00000000c9c00000, 0x00000000eab00000)
  object space 159744K, 99% used [0x00000000c0000000,0x00000000c9bbdcd8,0x00000000c9c00000)
 Metaspace       used 6345K, capacity 7216K, committed 7296K, reserved 1056768K
  class space    used 585K, capacity 616K, committed 640K, reserved 1048576K
}
Event: 16.218 GC heap before
{Heap before GC invocations=48 (full 34):
 PSYoungGen      total 70656K, used 65536K [0x00000000eab00000, 0x00000000ef500000, 0x0000000100000000)
  eden space 65536K, 100% used [0x00000000eab00000,0x00000000eeb00000,0x00000000eeb00000)
  from space 5120K, 0% used [0x00000000ef000000,0x00000000ef000000,0x00000000ef500000)
  to   space 5120K, 0% used [0x00000000eeb00000,0x00000000eeb00000,0x00000000ef000000)
 ParOldGen       total 159744K, used 159479K [0x00000000c0000000, 0x00000000c9c00000, 0x00000000eab00000)
  object space 159744K, 99% used [0x00000000c0000000,0x00000000c9bbdcd8,0x00000000c9c00000)
 Metaspace       used 6345K, capacity 7216K, committed 7296K, reserved 1056768K
  class space    used 585K, capacity 616K, committed 640K, reserved 1048576K
Event: 16.377 GC heap after
Heap after GC invocations=48 (full 34):
 PSYoungGen      total 70656K, used 63854K [0x00000000eab00000, 0x00000000ef500000, 0x0000000100000000)
  eden space 65536K, 97% used [0x00000000eab00000,0x00000000ee95b8b0,0x00000000eeb00000)
  from space 5120K, 0% used [0x00000000ef000000,0x00000000ef000000,0x00000000ef500000)
  to   space 5120K, 0% used [0x00000000eeb00000,0x00000000eeb00000,0x00000000ef000000)
 ParOldGen       total 159744K, used 159479K [0x00000000c0000000, 0x00000000c9c00000, 0x00000000eab00000)
  object space 159744K, 99% used [0x00000000c0000000,0x00000000c9bbdcd8,0x00000000c9c00000)
 Metaspace       used 6345K, capacity 7216K, committed 7296K, reserved 1056768K
  class space    used 585K, capacity 616K, committed 640K, reserved 1048576K
}
Event: 16.379 GC heap before
{Heap before GC invocations=49 (full 35):
 PSYoungGen      total 70656K, used 65536K [0x00000000eab00000, 0x00000000ef500000, 0x0000000100000000)
  eden space 65536K, 100% used [0x00000000eab00000,0x00000000eeb00000,0x00000000eeb00000)
  from space 5120K, 0% used [0x00000000ef000000,0x00000000ef000000,0x00000000ef500000)
  to   space 5120K, 0% used [0x00000000eeb00000,0x00000000eeb00000,0x00000000ef000000)
 ParOldGen       total 159744K, used 159479K [0x00000000c0000000, 0x00000000c9c00000, 0x00000000eab00000)
  object space 159744K, 99% used [0x00000000c0000000,0x00000000c9bbdcd8,0x00000000c9c00000)
 Metaspace       used 6345K, capacity 7216K, committed 7296K, reserved 1056768K
  class space    used 585K, capacity 616K, committed 640K, reserved 1048576K
Event: 16.531 GC heap after
Heap after GC invocations=49 (full 35):
 PSYoungGen      total 70656K, used 64654K [0x00000000eab00000, 0x00000000ef500000, 0x0000000100000000)
  eden space 65536K, 98% used [0x00000000eab00000,0x00000000eea238b8,0x00000000eeb00000)
  from space 5120K, 0% used [0x00000000ef000000,0x00000000ef000000,0x00000000ef500000)
  to   space 5120K, 0% used [0x00000000eeb00000,0x00000000eeb00000,0x00000000ef000000)
 ParOldGen       total 159744K, used 159479K [0x00000000c0000000, 0x00000000c9c00000, 0x00000000eab00000)
  object space 159744K, 99% used [0x00000000c0000000,0x00000000c9bbdcd8,0x00000000c9c00000)
 Metaspace       used 6345K, capacity 7216K, committed 7296K, reserved 1056768K
  class space    used 585K, capacity 616K, committed 640K, reserved 1048576K
}
Event: 16.532 GC heap before
{Heap before GC invocations=50 (full 36):
 PSYoungGen      total 70656K, used 65469K [0x00000000eab00000, 0x00000000ef500000, 0x0000000100000000)
  eden space 65536K, 99% used [0x00000000eab00000,0x00000000eeaef628,0x00000000eeb00000)
  from space 5120K, 0% used [0x00000000ef000000,0x00000000ef000000,0x00000000ef500000)
  to   space 5120K, 0% used [0x00000000eeb00000,0x00000000eeb00000,0x00000000ef000000)
 ParOldGen       total 159744K, used 159479K [0x00000000c0000000, 0x00000000c9c00000, 0x00000000eab00000)
  object space 159744K, 99% used [0x00000000c0000000,0x00000000c9bbdcd8,0x00000000c9c00000)
 Metaspace       used 6345K, capacity 7216K, committed 7296K, reserved 1056768K
  class space    used 585K, capacity 616K, committed 640K, reserved 1048576K
Event: 38.971 GC heap after
Heap after GC invocations=50 (full 36):
 PSYoungGen      total 70656K, used 27947K [0x00000000eab00000, 0x00000000ef500000, 0x0000000100000000)
  eden space 65536K, 42% used [0x00000000eab00000,0x00000000ec64ae18,0x00000000eeb00000)
  from space 5120K, 0% used [0x00000000ef000000,0x00000000ef000000,0x00000000ef500000)
  to   space 5120K, 0% used [0x00000000eeb00000,0x00000000eeb00000,0x00000000ef000000)
 ParOldGen       total 159744K, used 159352K [0x00000000c0000000, 0x00000000c9c00000, 0x00000000eab00000)
  object space 159744K, 99% used [0x00000000c0000000,0x00000000c9b9e168,0x00000000c9c00000)
 Metaspace       used 6345K, capacity 7216K, committed 7296K, reserved 1056768K
  class space    used 585K, capacity 616K, committed 640K, reserved 1048576K
}
Event: 47.258 GC heap before
{Heap before GC invocations=51 (full 37):
 PSYoungGen      total 70656K, used 65536K [0x00000000eab00000, 0x00000000ef500000, 0x0000000100000000)
  eden space 65536K, 100% used [0x00000000eab00000,0x00000000eeb00000,0x00000000eeb00000)
  from space 5120K, 0% used [0x00000000ef000000,0x00000000ef000000,0x00000000ef500000)
  to   space 5120K, 0% used [0x00000000eeb00000,0x00000000eeb00000,0x00000000ef000000)
 ParOldGen       total 159744K, used 159352K [0x00000000c0000000, 0x00000000c9c00000, 0x00000000eab00000)
  object space 159744K, 99% used [0x00000000c0000000,0x00000000c9b9e168,0x00000000c9c00000)
 Metaspace       used 6356K, capacity 7216K, committed 7296K, reserved 1056768K
  class space    used 587K, capacity 616K, committed 640K, reserved 1048576K
Event: 84.832 GC heap after
Heap after GC invocations=51 (full 37):
 PSYoungGen      total 70656K, used 30607K [0x00000000eab00000, 0x00000000ef500000, 0x0000000100000000)
  eden space 65536K, 46% used [0x00000000eab00000,0x00000000ec8e3ef8,0x00000000eeb00000)
  from space 5120K, 0% used [0x00000000ef000000,0x00000000ef000000,0x00000000ef500000)
  to   space 5120K, 0% used [0x00000000eeb00000,0x00000000eeb00000,0x00000000ef000000)
 ParOldGen       total 159744K, used 159279K [0x00000000c0000000, 0x00000000c9c00000, 0x00000000eab00000)
  object space 159744K, 99% used [0x00000000c0000000,0x00000000c9b8bd00,0x00000000c9c00000)
 Metaspace       used 6356K, capacity 7216K, committed 7296K, reserved 1056768K
  class space    used 587K, capacity 616K, committed 640K, reserved 1048576K
}

Deoptimization events (10 events):
Event: 41.520 Thread 0x000000000245d800 Uncommon trap: reason=unstable_if action=reinterpret pc=0x0000000002ed7a28 method=com.android.dx.ssa.SsaInsn.getLocalAssignment()Lcom/android/dx/rop/code/RegisterSpec; @ 14
Event: 86.210 Thread 0x000000000245d800 Uncommon trap: reason=class_check action=maybe_recompile pc=0x0000000002ece648 method=java.util.Arrays.hashCode([Ljava/lang/Object;)I @ 43
Event: 86.210 Thread 0x000000000245d800 Uncommon trap: reason=class_check action=maybe_recompile pc=0x0000000002ece648 method=java.util.Arrays.hashCode([Ljava/lang/Object;)I @ 43
Event: 86.211 Thread 0x000000000245d800 Uncommon trap: reason=class_check action=maybe_recompile pc=0x0000000002ece648 method=java.util.Arrays.hashCode([Ljava/lang/Object;)I @ 43
Event: 86.212 Thread 0x000000000245d800 Uncommon trap: reason=class_check action=maybe_recompile pc=0x0000000002ece648 method=java.util.Arrays.hashCode([Ljava/lang/Object;)I @ 43
Event: 86.216 Thread 0x000000000245d800 Uncommon trap: reason=class_check action=maybe_recompile pc=0x0000000002ad78f4 method=java.util.Arrays.hashCode([Ljava/lang/Object;)I @ 43
Event: 91.273 Thread 0x000000000245d800 Uncommon trap: reason=bimorphic action=maybe_recompile pc=0x000000000280a65c method=java.util.HashMap.putVal(ILjava/lang/Object;Ljava/lang/Object;ZZ)Ljava/lang/Object; @ 203
Event: 91.274 Thread 0x000000000245d800 Uncommon trap: reason=bimorphic action=maybe_recompile pc=0x000000000280a65c method=java.util.HashMap.putVal(ILjava/lang/Object;Ljava/lang/Object;ZZ)Ljava/lang/Object; @ 203
Event: 91.274 Thread 0x000000000245d800 Uncommon trap: reason=bimorphic action=maybe_recompile pc=0x000000000280a65c method=java.util.HashMap.putVal(ILjava/lang/Object;Ljava/lang/Object;ZZ)Ljava/lang/Object; @ 203
Event: 91.274 Thread 0x000000000245d800 Uncommon trap: reason=bimorphic action=maybe_recompile pc=0x000000000280a65c method=java.util.HashMap.putVal(ILjava/lang/Object;Ljava/lang/Object;ZZ)Ljava/lang/Object; @ 203

Internal exceptions (8 events):
Event: 0.155 Thread 0x000000000245d800 Exception <a 'java/lang/NoSuchMethodError': Method sun.misc.Unsafe.defineClass(Ljava/lang/String;[BII)Ljava/lang/Class; name or signature does not match> (0x00000000eab07cc0) thrown at [C:\src\android\AOSP-openjdk\external\jetbrains\jdk\hotspot\src\share\vxëÊòéÃ?
Event: 0.156 Thread 0x000000000245d800 Exception <a 'java/lang/NoSuchMethodError': Method sun.misc.Unsafe.prefetchRead(Ljava/lang/Object;J)V name or signature does not match> (0x00000000eab07fa8) thrown at [C:\src\android\AOSP-openjdk\external\jetbrains\jdk\hotspot\src\share\vm\prims\jni.cpp, lÄ¬*±ë×@
Event: 2.355 Thread 0x0000000017237800 Implicit null exception at 0x00000000028e0e62 to 0x00000000028e0f5a
Event: 3.545 Thread 0x000000000245d800 Exception <a 'java/lang/ArrayIndexOutOfBoundsException': 18> (0x00000000ec3d0d58) thrown at [C:\src\android\AOSP-openjdk\external\jetbrains\jdk\hotspot\src\share\vm\interpreter\interpreterRuntime.cpp, line 366]
Event: 3.546 Thread 0x000000000245d800 Exception <a 'java/lang/ArrayIndexOutOfBoundsException': 145> (0x00000000ec3d28d8) thrown at [C:\src\android\AOSP-openjdk\external\jetbrains\jdk\hotspot\src\share\vm\interpreter\interpreterRuntime.cpp, line 366]
Event: 3.547 Thread 0x000000000245d800 Exception <a 'java/lang/ArrayIndexOutOfBoundsException'> (0x00000000ec3d3bc0) thrown at [C:\src\android\AOSP-openjdk\external\jetbrains\jdk\hotspot\src\share\vm\runtime\sharedRuntime.cpp, line 605]
Event: 16.378 Thread 0x000000000245d800 Implicit null exception at 0x0000000002a6202a to 0x0000000002a644b1
Event: 16.378 Thread 0x000000000245d800 Implicit null exception at 0x0000000002a5a28e to 0x0000000002a5c691

Events (10 events):
Event: 91.273 Thread 0x000000000245d800 DEOPT UNPACKING pc=0x00000000025a556a sp=0x00000000023cee58 mode 2
Event: 91.274 Thread 0x000000000245d800 Uncommon trap: trap_request=0xffffffc6 fr.pc=0x000000000280a65c
Event: 91.274 Thread 0x000000000245d800 DEOPT PACKING pc=0x000000000280a65c sp=0x00000000023cefc0
Event: 91.274 Thread 0x000000000245d800 DEOPT UNPACKING pc=0x00000000025a556a sp=0x00000000023cee58 mode 2
Event: 91.274 Thread 0x000000000245d800 Uncommon trap: trap_request=0xffffffc6 fr.pc=0x000000000280a65c
Event: 91.274 Thread 0x000000000245d800 DEOPT PACKING pc=0x000000000280a65c sp=0x00000000023cefc0
Event: 91.274 Thread 0x000000000245d800 DEOPT UNPACKING pc=0x00000000025a556a sp=0x00000000023cee58 mode 2
Event: 91.274 Thread 0x000000000245d800 Uncommon trap: trap_request=0xffffffc6 fr.pc=0x000000000280a65c
Event: 91.275 Thread 0x000000000245d800 DEOPT PACKING pc=0x000000000280a65c sp=0x00000000023cefc0
Event: 91.275 Thread 0x000000000245d800 DEOPT UNPACKING pc=0x00000000025a556a sp=0x00000000023cee58 mode 2


Dynamic libraries:
0x00007ff7d4270000 - 0x00007ff7d42a1000 	C:\Users\Kripa\Downloads\android-studio\jre\bin\java.exe
0x00007ffdbc220000 - 0x00007ffdbc3e1000 	C:\WINDOWS\SYSTEM32\ntdll.dll
0x00007ffdbc050000 - 0x00007ffdbc0fd000 	C:\WINDOWS\system32\KERNEL32.DLL
0x00007ffdb9330000 - 0x00007ffdb9518000 	C:\WINDOWS\system32\KERNELBASE.dll
0x00007ffdbc170000 - 0x00007ffdbc217000 	C:\WINDOWS\system32\ADVAPI32.dll
0x00007ffdb9740000 - 0x00007ffdb97dd000 	C:\WINDOWS\system32\msvcrt.dll
0x00007ffdb97e0000 - 0x00007ffdb983b000 	C:\WINDOWS\system32\sechost.dll
0x00007ffdba1c0000 - 0x00007ffdba2dc000 	C:\WINDOWS\system32\RPCRT4.dll
0x00007ffdb9840000 - 0x00007ffdb9996000 	C:\WINDOWS\system32\USER32.dll
0x00007ffdba5c0000 - 0x00007ffdba746000 	C:\WINDOWS\system32\GDI32.dll
0x00007ffdae640000 - 0x00007ffdae8b4000 	C:\WINDOWS\WinSxS\amd64_microsoft.windows.common-controls_6595b64144ccf1df_6.0.10586.494_none_a2d8b04ea53e3145\COMCTL32.dll
0x00007ffdb9af0000 - 0x00007ffdb9d6d000 	C:\WINDOWS\system32\combase.dll
0x00007ffdb92c0000 - 0x00007ffdb932a000 	C:\WINDOWS\system32\bcryptPrimitives.dll
0x00007ffdba750000 - 0x00007ffdba78b000 	C:\WINDOWS\system32\IMM32.DLL
0x00000000526b0000 - 0x0000000052782000 	C:\Users\Kripa\Downloads\android-studio\jre\jre\bin\msvcr100.dll
0x0000000052cf0000 - 0x0000000053524000 	C:\Users\Kripa\Downloads\android-studio\jre\jre\bin\server\jvm.dll
0x00007ffdba2e0000 - 0x00007ffdba2e8000 	C:\WINDOWS\system32\PSAPI.DLL
0x00007ffdb6af0000 - 0x00007ffdb6b13000 	C:\WINDOWS\SYSTEM32\WINMM.dll
0x00007ffdaca80000 - 0x00007ffdaca89000 	C:\WINDOWS\SYSTEM32\WSOCK32.dll
0x00007ffdae8f0000 - 0x00007ffdae8fa000 	C:\WINDOWS\SYSTEM32\VERSION.dll
0x00007ffdbbfe0000 - 0x00007ffdbc04b000 	C:\WINDOWS\system32\WS2_32.dll
0x0000000002240000 - 0x000000000226c000 	C:\WINDOWS\SYSTEM32\WINMMBASE.dll
0x00007ffdb9520000 - 0x00007ffdb9563000 	C:\WINDOWS\system32\cfgmgr32.dll
0x00007ffdb4ee0000 - 0x00007ffdb4eef000 	C:\Users\Kripa\Downloads\android-studio\jre\jre\bin\verify.dll
0x00007ffdb4700000 - 0x00007ffdb4729000 	C:\Users\Kripa\Downloads\android-studio\jre\jre\bin\java.dll
0x00007ffdb4e70000 - 0x00007ffdb4e86000 	C:\Users\Kripa\Downloads\android-studio\jre\jre\bin\zip.dll
0x00007ffdba800000 - 0x00007ffdbbd5c000 	C:\WINDOWS\system32\SHELL32.dll
0x00007ffdb88d0000 - 0x00007ffdb8f15000 	C:\WINDOWS\system32\windows.storage.dll
0x00007ffdb96d0000 - 0x00007ffdb9722000 	C:\WINDOWS\system32\shlwapi.dll
0x00007ffdb88c0000 - 0x00007ffdb88cf000 	C:\WINDOWS\system32\kernel.appcore.dll
0x00007ffdb8f20000 - 0x00007ffdb8fd5000 	C:\WINDOWS\system32\shcore.dll
0x00007ffdb8870000 - 0x00007ffdb88bb000 	C:\WINDOWS\system32\powrprof.dll
0x00007ffdb8840000 - 0x00007ffdb8854000 	C:\WINDOWS\system32\profapi.dll

VM Arguments:
jvm_args: -Djava.awt.headless=true -Xmx1024M -Dfile.encoding=windows-1252 -Duser.country=SG -Duser.language=en -Duser.variant 
java_command: com.android.dx.command.Main --dex --num-threads=4 --output C:\Users\Kripa\AndroidStudioProjects\GuessTheMovie\app\build\intermediates\pre-dexed\debug\com.google.android.gms-play-services-ads-8.3.0_5805348ec18ca22b75303973c868b107c1459d1d.jar C:\Users\Kripa\AndroidStudioProjects\GuessTheMovie\app\build\intermediates\exploded-aar\com.google.android.gms\play-services-ads\8.3.0\jars\classes.jar
java_class_path (initial): C:\Program Files (x86)\Android\sdk\build-tools\23.0.1\lib\dx.jar
Launcher Type: SUN_STANDARD

Environment Variables:
JAVA_HOME=C:\Program Files\Java\jdk1.7.0_67
PATH=C:\Program Files (x86)\HP SimplePass\x64;C:\Program Files (x86)\HP SimplePass\;C:\Program Files (x86)\Intel\iCLS Client\;C:\Program Files\Intel\iCLS Client\;C:\Program Files (x86)\NVIDIA Corporation\PhysX\Common;C:\WINDOWS\system32;C:\WINDOWS;C:\WINDOWS\System32\Wbem;C:\WINDOWS\System32\WindowsPowerShell\v1.0\;C:\Program Files (x86)\Windows Live\Shared;C:\Program Files (x86)\Intel\OpenCL SDK\3.0\bin\x86;C:\Program Files (x86)\Intel\OpenCL SDK\3.0\bin\x64;C:\Program Files\Intel\WiFi\bin\;C:\Program Files\Common Files\Intel\WirelessCommon\;c:\Program Files (x86)\Microsoft SQL Server\100\Tools\Binn\;c:\Program Files\Microsoft SQL Server\100\Tools\Binn\;c:\Program Files\Microsoft SQL Server\100\DTS\Binn\;C:\Program Files\Microsoft SQL Server\110\Tools\Binn\;C:\Program Files (x86)\Windows Kits\8.1\Windows Performance Toolkit\;C:\Program Files (x86)\Microsoft SDKs\TypeScript\1.0\;C:\Program Files\nodejs\;C:\HashiCorp\Vagrant\bin;C:\Program Files (x86)\Skype\Phone\;C:\Program Files\Intel\Intel(R) Management Engine Components\DAL;C:\Program Files\Intel\Intel(R) Management Engine Components\IPT;C:\Program Files (x86)\Intel\Intel(R) Management Engine Components\DAL;C:\Program Files (x86)\Intel\Intel(R) Management Engine Components\IPT;C:\Program Files\Git\cmd;C:\Program Files\Git\mingw64\bin;C:\Program Files\Git\usr\bin;C:\Users\Kripa\AppData\Local\GitHub\PortableGit_c2ba306e536fdf878271f7fe636a147ff37326ad\bin
USERNAME=Kripa
OS=Windows_NT
PROCESSOR_IDENTIFIER=Intel64 Family 6 Model 60 Stepping 3, GenuineIntel



---------------  S Y S T E M  ---------------

OS: Windows 10.0 , 64 bit Build 10586 (10.0.10586.0)

CPU:total 8 (4 cores per cpu, 2 threads per core) family 6 model 60 stepping 3, cmov, cx8, fxsr, mmx, sse, sse2, sse3, ssse3, sse4.1, sse4.2, popcnt, avx, avx2, aes, clmul, erms, lzcnt, ht, tsc, tscinvbit, bmi1, bmi2

Memory: 4k page, physical 8158492k(1501164k free), swap 11769116k(4428k free)

vm_info: OpenJDK 64-Bit Server VM (25.76-b03) for windows-amd64 JRE (1.8.0_76-release-b03), built on Jun 29 2016 19:09:20 by "ralucas" with MS VC++ 10.0 (VS2010)

time: Sun Sep 11 11:33:29 2016
elapsed time: 92 seconds (0d 0h 1m 32s)

