#
# There is insufficient memory for the Java Runtime Environment to continue.
# Native memory allocation (malloc) failed to allocate 826096 bytes for Chunk::new
# Possible reasons:
#   The system is out of physical RAM or swap space
#   In 32 bit mode, the process size limit was hit
# Possible solutions:
#   Reduce memory load on the system
#   Increase physical memory or swap space
#   Check if swap backing store is full
#   Use 64 bit Java on a 64 bit OS
#   Decrease Java heap size (-Xmx/-Xms)
#   Decrease number of Java threads
#   Decrease Java thread stack sizes (-Xss)
#   Set larger code cache with -XX:ReservedCodeCacheSize=
# This output file may be truncated or incomplete.
#
#  Out of Memory Error (allocation.cpp:390), pid=27640, tid=0x00000000000028f8
#
# JRE version: OpenJDK Runtime Environment (8.0_76-b03) (build 1.8.0_76-release-b03)
# Java VM: OpenJDK 64-Bit Server VM (25.76-b03 mixed mode windows-amd64 compressed oops)
# Failed to write core dump. Minidumps are not enabled by default on client versions of Windows
#

---------------  T H R E A D  ---------------

Current thread (0x00000000179a4000):  JavaThread "C2 CompilerThread2" daemon [_thread_in_native, id=10488, stack(0x0000000018350000,0x0000000018450000)]

Stack: [0x0000000018350000,0x0000000018450000]
[error occurred during error reporting (printing stack bounds), id 0xc0000005]

Native frames: (J=compiled Java code, j=interpreted, Vv=VM code, C=native code)


Current CompileTask:
C2:   8736 1821   !   4       com.android.dx.cf.cst.ConstantPoolParser::parse0 (731 bytes)


---------------  P R O C E S S  ---------------

Java Threads: ( => current thread )
  0x0000000002d6d800 JavaThread "DestroyJavaVM" [_thread_blocked, id=10756, stack(0x0000000002d70000,0x0000000002e70000)]
  0x0000000017a38800 JavaThread "Service Thread" daemon [_thread_blocked, id=1592, stack(0x0000000018550000,0x0000000018650000)]
  0x00000000179a9000 JavaThread "C1 CompilerThread3" daemon [_thread_blocked, id=21896, stack(0x0000000018450000,0x0000000018550000)]
=>0x00000000179a4000 JavaThread "C2 CompilerThread2" daemon [_thread_in_native, id=10488, stack(0x0000000018350000,0x0000000018450000)]
  0x000000001799d800 JavaThread "C2 CompilerThread1" daemon [_thread_in_native, id=17784, stack(0x0000000018250000,0x0000000018350000)]
  0x0000000017997800 JavaThread "C2 CompilerThread0" daemon [_thread_in_native, id=11452, stack(0x0000000018150000,0x0000000018250000)]
  0x0000000017996000 JavaThread "Attach Listener" daemon [_thread_blocked, id=19744, stack(0x0000000018050000,0x0000000018150000)]
  0x0000000017995000 JavaThread "Signal Dispatcher" daemon [_thread_blocked, id=27376, stack(0x0000000017f50000,0x0000000018050000)]
  0x0000000017990800 JavaThread "Finalizer" daemon [_thread_blocked, id=26852, stack(0x0000000017d70000,0x0000000017e70000)]
  0x0000000002f67000 JavaThread "Reference Handler" daemon [_thread_blocked, id=25976, stack(0x0000000017870000,0x0000000017970000)]

Other Threads:
  0x0000000015a86000 VMThread [stack: 0x0000000017770000,0x0000000017870000] [id=26632]
  0x0000000017a39000 WatcherThread [stack: 0x0000000018650000,0x0000000018750000] [id=7700]

VM state:not at safepoint (normal execution)

VM Mutex/Monitor currently owned by a thread: None

Heap:
 PSYoungGen      total 70656K, used 6446K [0x00000000eab00000, 0x00000000ef500000, 0x0000000100000000)
  eden space 65536K, 9% used [0x00000000eab00000,0x00000000eb14b9b0,0x00000000eeb00000)
  from space 5120K, 0% used [0x00000000ef000000,0x00000000ef000000,0x00000000ef500000)
  to   space 5120K, 0% used [0x00000000eeb00000,0x00000000eeb00000,0x00000000ef000000)
 ParOldGen       total 86016K, used 43871K [0x00000000c0000000, 0x00000000c5400000, 0x00000000eab00000)
  object space 86016K, 51% used [0x00000000c0000000,0x00000000c2ad7eb8,0x00000000c5400000)
 Metaspace       used 7184K, capacity 7704K, committed 7936K, reserved 1056768K
  class space    used 648K, capacity 656K, committed 768K, reserved 1048576K

Card table byte_map: [0x0000000012330000,0x0000000012540000] byte_map_base: 0x0000000011d30000

Marking Bits: (ParMarkBitMap*) 0x00000000534a9d00
 Begin Bits: [0x0000000012ea0000, 0x0000000013ea0000)
 End Bits:   [0x0000000013ea0000, 0x0000000014ea0000)

Polling page: 0x0000000002b30000

CodeCache: size=245760Kb used=10017Kb max_used=10050Kb free=235742Kb
 bounds [0x0000000002f70000, 0x0000000003950000, 0x0000000011f70000]
 total_blobs=2915 nmethods=2638 adapters=190
 compilation: enabled

Compilation events (10 events):
Event: 8.558 Thread 0x00000000179a4000 nmethod 1846 0x0000000003923590 code [0x00000000039236c0, 0x0000000003923778]
Event: 8.558 Thread 0x00000000179a4000 1843       4       com.android.dx.cf.code.BaseMachine::getLocalTarget (151 bytes)
Event: 8.562 Thread 0x00000000179a9000 2717   !   2       java.util.zip.Deflater::deflate (140 bytes)
Event: 8.563 Thread 0x00000000179a9000 nmethod 2717 0x0000000003926fd0 code [0x0000000003927180, 0x0000000003927788]
Event: 8.601 Thread 0x00000000179a4000 nmethod 1843 0x000000000392ec90 code [0x000000000392f040, 0x0000000003931390]
Event: 8.601 Thread 0x00000000179a4000 2708       4       java.util.HashSet::add (20 bytes)
Event: 8.602 Thread 0x00000000179a4000 nmethod 2708 0x0000000003923890 code [0x00000000039239e0, 0x0000000003923a88]
Event: 8.602 Thread 0x00000000179a4000 1821   !   4       com.android.dx.cf.cst.ConstantPoolParser::parse0 (731 bytes)
Event: 8.626 Thread 0x00000000179a9000 2718       2       java.util.zip.ZipOutputStream::writeShort (41 bytes)
Event: 8.626 Thread 0x00000000179a9000 nmethod 2718 0x0000000003926b90 code [0x0000000003926d00, 0x0000000003926ef8]

GC Heap History (10 events):
Event: 6.168 GC heap before
{Heap before GC invocations=7 (full 0):
 PSYoungGen      total 70656K, used 70652K [0x00000000eab00000, 0x00000000ef500000, 0x0000000100000000)
  eden space 65536K, 100% used [0x00000000eab00000,0x00000000eeb00000,0x00000000eeb00000)
  from space 5120K, 99% used [0x00000000ef000000,0x00000000ef4ff2e0,0x00000000ef500000)
  to   space 5120K, 0% used [0x00000000eeb00000,0x00000000eeb00000,0x00000000ef000000)
 ParOldGen       total 86016K, used 37826K [0x00000000c0000000, 0x00000000c5400000, 0x00000000eab00000)
  object space 86016K, 43% used [0x00000000c0000000,0x00000000c24f09f0,0x00000000c5400000)
 Metaspace       used 6332K, capacity 7216K, committed 7296K, reserved 1056768K
  class space    used 589K, capacity 616K, committed 640K, reserved 1048576K
Event: 6.200 GC heap after
Heap after GC invocations=7 (full 0):
 PSYoungGen      total 70656K, used 5109K [0x00000000eab00000, 0x00000000ef500000, 0x0000000100000000)
  eden space 65536K, 0% used [0x00000000eab00000,0x00000000eab00000,0x00000000eeb00000)
  from space 5120K, 99% used [0x00000000eeb00000,0x00000000eeffd5d0,0x00000000ef000000)
  to   space 5120K, 0% used [0x00000000ef000000,0x00000000ef000000,0x00000000ef500000)
 ParOldGen       total 86016K, used 47895K [0x00000000c0000000, 0x00000000c5400000, 0x00000000eab00000)
  object space 86016K, 55% used [0x00000000c0000000,0x00000000c2ec5e68,0x00000000c5400000)
 Metaspace       used 6332K, capacity 7216K, committed 7296K, reserved 1056768K
  class space    used 589K, capacity 616K, committed 640K, reserved 1048576K
}
Event: 6.447 GC heap before
{Heap before GC invocations=8 (full 0):
 PSYoungGen      total 70656K, used 70645K [0x00000000eab00000, 0x00000000ef500000, 0x0000000100000000)
  eden space 65536K, 100% used [0x00000000eab00000,0x00000000eeb00000,0x00000000eeb00000)
  from space 5120K, 99% used [0x00000000eeb00000,0x00000000eeffd5d0,0x00000000ef000000)
  to   space 5120K, 0% used [0x00000000ef000000,0x00000000ef000000,0x00000000ef500000)
 ParOldGen       total 86016K, used 47895K [0x00000000c0000000, 0x00000000c5400000, 0x00000000eab00000)
  object space 86016K, 55% used [0x00000000c0000000,0x00000000c2ec5e68,0x00000000c5400000)
 Metaspace       used 6346K, capacity 7216K, committed 7296K, reserved 1056768K
  class space    used 589K, capacity 616K, committed 640K, reserved 1048576K
Event: 6.482 GC heap after
Heap after GC invocations=8 (full 0):
 PSYoungGen      total 70656K, used 5107K [0x00000000eab00000, 0x00000000ef500000, 0x0000000100000000)
  eden space 65536K, 0% used [0x00000000eab00000,0x00000000eab00000,0x00000000eeb00000)
  from space 5120K, 99% used [0x00000000ef000000,0x00000000ef4fcf88,0x00000000ef500000)
  to   space 5120K, 0% used [0x00000000eeb00000,0x00000000eeb00000,0x00000000ef000000)
 ParOldGen       total 86016K, used 57163K [0x00000000c0000000, 0x00000000c5400000, 0x00000000eab00000)
  object space 86016K, 66% used [0x00000000c0000000,0x00000000c37d2e60,0x00000000c5400000)
 Metaspace       used 6346K, capacity 7216K, committed 7296K, reserved 1056768K
  class space    used 589K, capacity 616K, committed 640K, reserved 1048576K
}
Event: 6.763 GC heap before
{Heap before GC invocations=9 (full 0):
 PSYoungGen      total 70656K, used 70643K [0x00000000eab00000, 0x00000000ef500000, 0x0000000100000000)
  eden space 65536K, 100% used [0x00000000eab00000,0x00000000eeb00000,0x00000000eeb00000)
  from space 5120K, 99% used [0x00000000ef000000,0x00000000ef4fcf88,0x00000000ef500000)
  to   space 5120K, 0% used [0x00000000eeb00000,0x00000000eeb00000,0x00000000ef000000)
 ParOldGen       total 86016K, used 57163K [0x00000000c0000000, 0x00000000c5400000, 0x00000000eab00000)
  object space 86016K, 66% used [0x00000000c0000000,0x00000000c37d2e60,0x00000000c5400000)
 Metaspace       used 6359K, capacity 7216K, committed 7296K, reserved 1056768K
  class space    used 589K, capacity 616K, committed 640K, reserved 1048576K
Event: 6.797 GC heap after
Heap after GC invocations=9 (full 0):
 PSYoungGen      total 70656K, used 5118K [0x00000000eab00000, 0x00000000ef500000, 0x0000000100000000)
  eden space 65536K, 0% used [0x00000000eab00000,0x00000000eab00000,0x00000000eeb00000)
  from space 5120K, 99% used [0x00000000eeb00000,0x00000000eefffa08,0x00000000ef000000)
  to   space 5120K, 0% used [0x00000000ef000000,0x00000000ef000000,0x00000000ef500000)
 ParOldGen       total 86016K, used 67146K [0x00000000c0000000, 0x00000000c5400000, 0x00000000eab00000)
  object space 86016K, 78% used [0x00000000c0000000,0x00000000c4192810,0x00000000c5400000)
 Metaspace       used 6359K, capacity 7216K, committed 7296K, reserved 1056768K
  class space    used 589K, capacity 616K, committed 640K, reserved 1048576K
}
Event: 7.901 GC heap before
{Heap before GC invocations=10 (full 0):
 PSYoungGen      total 70656K, used 70654K [0x00000000eab00000, 0x00000000ef500000, 0x0000000100000000)
  eden space 65536K, 100% used [0x00000000eab00000,0x00000000eeb00000,0x00000000eeb00000)
  from space 5120K, 99% used [0x00000000eeb00000,0x00000000eefffa08,0x00000000ef000000)
  to   space 5120K, 0% used [0x00000000ef000000,0x00000000ef000000,0x00000000ef500000)
 ParOldGen       total 86016K, used 67146K [0x00000000c0000000, 0x00000000c5400000, 0x00000000eab00000)
  object space 86016K, 78% used [0x00000000c0000000,0x00000000c4192810,0x00000000c5400000)
 Metaspace       used 6759K, capacity 7536K, committed 7808K, reserved 1056768K
  class space    used 609K, capacity 616K, committed 640K, reserved 1048576K
Event: 7.931 GC heap after
Heap after GC invocations=10 (full 0):
 PSYoungGen      total 70656K, used 5106K [0x00000000eab00000, 0x00000000ef500000, 0x0000000100000000)
  eden space 65536K, 0% used [0x00000000eab00000,0x00000000eab00000,0x00000000eeb00000)
  from space 5120K, 99% used [0x00000000ef000000,0x00000000ef4fcaa0,0x00000000ef500000)
  to   space 5120K, 0% used [0x00000000eeb00000,0x00000000eeb00000,0x00000000ef000000)
 ParOldGen       total 86016K, used 76416K [0x00000000c0000000, 0x00000000c5400000, 0x00000000eab00000)
  object space 86016K, 88% used [0x00000000c0000000,0x00000000c4aa0120,0x00000000c5400000)
 Metaspace       used 6759K, capacity 7536K, committed 7808K, reserved 1056768K
  class space    used 609K, capacity 616K, committed 640K, reserved 1048576K
}
Event: 7.931 GC heap before
{Heap before GC invocations=11 (full 1):
 PSYoungGen      total 70656K, used 5106K [0x00000000eab00000, 0x00000000ef500000, 0x0000000100000000)
  eden space 65536K, 0% used [0x00000000eab00000,0x00000000eab00000,0x00000000eeb00000)
  from space 5120K, 99% used [0x00000000ef000000,0x00000000ef4fcaa0,0x00000000ef500000)
  to   space 5120K, 0% used [0x00000000eeb00000,0x00000000eeb00000,0x00000000ef000000)
 ParOldGen       total 86016K, used 76416K [0x00000000c0000000, 0x00000000c5400000, 0x00000000eab00000)
  object space 86016K, 88% used [0x00000000c0000000,0x00000000c4aa0120,0x00000000c5400000)
 Metaspace       used 6759K, capacity 7536K, committed 7808K, reserved 1056768K
  class space    used 609K, capacity 616K, committed 640K, reserved 1048576K
Event: 8.249 GC heap after
Heap after GC invocations=11 (full 1):
 PSYoungGen      total 70656K, used 0K [0x00000000eab00000, 0x00000000ef500000, 0x0000000100000000)
  eden space 65536K, 0% used [0x00000000eab00000,0x00000000eab00000,0x00000000eeb00000)
  from space 5120K, 0% used [0x00000000ef000000,0x00000000ef000000,0x00000000ef500000)
  to   space 5120K, 0% used [0x00000000eeb00000,0x00000000eeb00000,0x00000000ef000000)
 ParOldGen       total 86016K, used 43871K [0x00000000c0000000, 0x00000000c5400000, 0x00000000eab00000)
  object space 86016K, 51% used [0x00000000c0000000,0x00000000c2ad7eb8,0x00000000c5400000)
 Metaspace       used 6759K, capacity 7536K, committed 7808K, reserved 1056768K
  class space    used 609K, capacity 616K, committed 640K, reserved 1048576K
}

Deoptimization events (10 events):
Event: 7.097 Thread 0x0000000002d6d800 Uncommon trap: reason=class_check action=maybe_recompile pc=0x000000000346bfc8 method=java.util.Arrays.hashCode([Ljava/lang/Object;)I @ 43
Event: 7.097 Thread 0x0000000002d6d800 Uncommon trap: reason=class_check action=maybe_recompile pc=0x000000000346bfc8 method=java.util.Arrays.hashCode([Ljava/lang/Object;)I @ 43
Event: 7.097 Thread 0x0000000002d6d800 Uncommon trap: reason=class_check action=maybe_recompile pc=0x00000000033c9f74 method=java.util.Arrays.hashCode([Ljava/lang/Object;)I @ 43
Event: 7.407 Thread 0x0000000002d6d800 Uncommon trap: reason=speculate_class_check action=maybe_recompile pc=0x000000000323d4d4 method=com.android.dx.util.FixedSizeList.equals(Ljava/lang/Object;)Z @ 25
Event: 7.407 Thread 0x0000000002d6d800 Uncommon trap: reason=speculate_class_check action=maybe_recompile pc=0x000000000323d4d4 method=com.android.dx.util.FixedSizeList.equals(Ljava/lang/Object;)Z @ 25
Event: 7.407 Thread 0x0000000002d6d800 Uncommon trap: reason=speculate_class_check action=maybe_recompile pc=0x000000000323d4d4 method=com.android.dx.util.FixedSizeList.equals(Ljava/lang/Object;)Z @ 25
Event: 7.408 Thread 0x0000000002d6d800 Uncommon trap: reason=speculate_class_check action=maybe_recompile pc=0x000000000323d4d4 method=com.android.dx.util.FixedSizeList.equals(Ljava/lang/Object;)Z @ 25
Event: 7.408 Thread 0x0000000002d6d800 Uncommon trap: reason=unstable_if action=reinterpret pc=0x000000000376482c method=java.util.TreeMap.put(Ljava/lang/Object;Ljava/lang/Object;)Ljava/lang/Object; @ 163
Event: 8.266 Thread 0x0000000002d6d800 Uncommon trap: reason=unstable_if action=reinterpret pc=0x00000000031e913c method=java.lang.Long.numberOfTrailingZeros(J)I @ 3
Event: 8.415 Thread 0x0000000002d6d800 Uncommon trap: reason=unstable_if action=reinterpret pc=0x000000000320f1ec method=java.util.Arrays.copyOf([Ljava/lang/Object;ILjava/lang/Class;)[Ljava/lang/Object; @ 3

Internal exceptions (6 events):
Event: 0.114 Thread 0x0000000002d6d800 Exception <a 'java/lang/NoSuchMethodError': Method sun.misc.Unsafe.defineClass(Ljava/lang/String;[BII)Ljava/lang/Class; name or signature does not match> (0x00000000eab07cc0) thrown at [C:\src\android\AOSP-openjdk\external\jetbrains\jdk\hotspot\src\share\v çfÝ·½?
Event: 0.114 Thread 0x0000000002d6d800 Exception <a 'java/lang/NoSuchMethodError': Method sun.misc.Unsafe.prefetchRead(Ljava/lang/Object;J)V name or signature does not match> (0x00000000eab07fa8) thrown at [C:\src\android\AOSP-openjdk\external\jetbrains\jdk\hotspot\src\share\vm\prims\jni.cpp, ltDz†ì”@
Event: 5.395 Thread 0x0000000017d09000 Implicit null exception at 0x00000000032bc3a2 to 0x00000000032bc49a
Event: 6.071 Thread 0x0000000017d0c000 Exception <a 'java/lang/ArrayIndexOutOfBoundsException': 18> (0x00000000ed40b9f8) thrown at [C:\src\android\AOSP-openjdk\external\jetbrains\jdk\hotspot\src\share\vm\interpreter\interpreterRuntime.cpp, line 366]
Event: 6.072 Thread 0x0000000017d0c000 Exception <a 'java/lang/ArrayIndexOutOfBoundsException': 145> (0x00000000ed40d578) thrown at [C:\src\android\AOSP-openjdk\external\jetbrains\jdk\hotspot\src\share\vm\interpreter\interpreterRuntime.cpp, line 366]
Event: 6.074 Thread 0x0000000017d0c000 Exception <a 'java/lang/ArrayIndexOutOfBoundsException'> (0x00000000ed40e860) thrown at [C:\src\android\AOSP-openjdk\external\jetbrains\jdk\hotspot\src\share\vm\runtime\sharedRuntime.cpp, line 605]

Events (10 events):
Event: 8.445 loading class java/util/zip/ZipOutputStream$XEntry
Event: 8.445 loading class java/util/zip/ZipOutputStream$XEntry done
Event: 8.447 loading class java/io/DataOutputStream
Event: 8.447 loading class java/io/DataOutput
Event: 8.447 loading class java/io/DataOutput done
Event: 8.447 loading class java/io/DataOutputStream done
Event: 8.447 loading class java/lang/StringCoding$StringEncoder
Event: 8.447 loading class java/lang/StringCoding$StringEncoder done
Event: 8.608 loading class java/util/Vector$Itr
Event: 8.608 loading class java/util/Vector$Itr done


Dynamic libraries:
0x00007ff7d4270000 - 0x00007ff7d42a1000 	C:\Users\Kripa\Downloads\android-studio\jre\bin\java.exe
0x00007ffdbc220000 - 0x00007ffdbc3e1000 	C:\WINDOWS\SYSTEM32\ntdll.dll
0x00007ffdbc050000 - 0x00007ffdbc0fd000 	C:\WINDOWS\system32\KERNEL32.DLL
0x00007ffdb9330000 - 0x00007ffdb9518000 	C:\WINDOWS\system32\KERNELBASE.dll
0x00007ffdbc170000 - 0x00007ffdbc217000 	C:\WINDOWS\system32\ADVAPI32.dll
0x00007ffdb9740000 - 0x00007ffdb97dd000 	C:\WINDOWS\system32\msvcrt.dll
0x00007ffdb97e0000 - 0x00007ffdb983b000 	C:\WINDOWS\system32\sechost.dll
0x00007ffdba1c0000 - 0x00007ffdba2dc000 	C:\WINDOWS\system32\RPCRT4.dll
0x00007ffdb9840000 - 0x00007ffdb9996000 	C:\WINDOWS\system32\USER32.dll
0x00007ffdba5c0000 - 0x00007ffdba746000 	C:\WINDOWS\system32\GDI32.dll
0x00007ffdae640000 - 0x00007ffdae8b4000 	C:\WINDOWS\WinSxS\amd64_microsoft.windows.common-controls_6595b64144ccf1df_6.0.10586.494_none_a2d8b04ea53e3145\COMCTL32.dll
0x00007ffdb9af0000 - 0x00007ffdb9d6d000 	C:\WINDOWS\system32\combase.dll
0x00007ffdb92c0000 - 0x00007ffdb932a000 	C:\WINDOWS\system32\bcryptPrimitives.dll
0x00007ffdba750000 - 0x00007ffdba78b000 	C:\WINDOWS\system32\IMM32.DLL
0x00000000526b0000 - 0x0000000052782000 	C:\Users\Kripa\Downloads\android-studio\jre\jre\bin\msvcr100.dll
0x0000000052cf0000 - 0x0000000053524000 	C:\Users\Kripa\Downloads\android-studio\jre\jre\bin\server\jvm.dll
0x00007ffdba2e0000 - 0x00007ffdba2e8000 	C:\WINDOWS\system32\PSAPI.DLL
0x00007ffdae8f0000 - 0x00007ffdae8fa000 	C:\WINDOWS\SYSTEM32\VERSION.dll
0x00007ffdaca80000 - 0x00007ffdaca89000 	C:\WINDOWS\SYSTEM32\WSOCK32.dll
0x00007ffdb6af0000 - 0x00007ffdb6b13000 	C:\WINDOWS\SYSTEM32\WINMM.dll
0x00007ffdbbfe0000 - 0x00007ffdbc04b000 	C:\WINDOWS\system32\WS2_32.dll
0x00007ffdb6a90000 - 0x00007ffdb6abc000 	C:\WINDOWS\SYSTEM32\WINMMBASE.dll
0x00007ffdb9520000 - 0x00007ffdb9563000 	C:\WINDOWS\system32\cfgmgr32.dll
0x00007ffdb4ee0000 - 0x00007ffdb4eef000 	C:\Users\Kripa\Downloads\android-studio\jre\jre\bin\verify.dll
0x00007ffdb4700000 - 0x00007ffdb4729000 	C:\Users\Kripa\Downloads\android-studio\jre\jre\bin\java.dll
0x00007ffdb4b50000 - 0x00007ffdb4b66000 	C:\Users\Kripa\Downloads\android-studio\jre\jre\bin\zip.dll
0x00007ffdba800000 - 0x00007ffdbbd5c000 	C:\WINDOWS\system32\SHELL32.dll
0x00007ffdb88d0000 - 0x00007ffdb8f15000 	C:\WINDOWS\system32\windows.storage.dll
0x00007ffdb96d0000 - 0x00007ffdb9722000 	C:\WINDOWS\system32\shlwapi.dll
0x00007ffdb88c0000 - 0x00007ffdb88cf000 	C:\WINDOWS\system32\kernel.appcore.dll
0x00007ffdb8f20000 - 0x00007ffdb8fd5000 	C:\WINDOWS\system32\shcore.dll
0x00007ffdb8870000 - 0x00007ffdb88bb000 	C:\WINDOWS\system32\powrprof.dll
0x00007ffdb8840000 - 0x00007ffdb8854000 	C:\WINDOWS\system32\profapi.dll

VM Arguments:
jvm_args: -Djava.awt.headless=true -Xmx1024M -Dfile.encoding=windows-1252 -Duser.country=SG -Duser.language=en -Duser.variant 
java_command: com.android.dx.command.Main --dex --num-threads=4 --output C:\Users\Kripa\AndroidStudioProjects\GuessTheMovie\app\build\intermediates\pre-dexed\debug\com.android.support-support-v4-23.1.1_f9191d71253e315a90135695a252f89ef740916e.jar C:\Users\Kripa\AndroidStudioProjects\GuessTheMovie\app\build\intermediates\exploded-aar\com.android.support\support-v4\23.1.1\jars\classes.jar
java_class_path (initial): C:\Program Files (x86)\Android\sdk\build-tools\23.0.1\lib\dx.jar
Launcher Type: SUN_STANDARD

Environment Variables:
JAVA_HOME=C:\Program Files\Java\jdk1.7.0_67
PATH=C:\Program Files (x86)\HP SimplePass\x64;C:\Program Files (x86)\HP SimplePass\;C:\Program Files (x86)\Intel\iCLS Client\;C:\Program Files\Intel\iCLS Client\;C:\Program Files (x86)\NVIDIA Corporation\PhysX\Common;C:\WINDOWS\system32;C:\WINDOWS;C:\WINDOWS\System32\Wbem;C:\WINDOWS\System32\WindowsPowerShell\v1.0\;C:\Program Files (x86)\Windows Live\Shared;C:\Program Files (x86)\Intel\OpenCL SDK\3.0\bin\x86;C:\Program Files (x86)\Intel\OpenCL SDK\3.0\bin\x64;C:\Program Files\Intel\WiFi\bin\;C:\Program Files\Common Files\Intel\WirelessCommon\;c:\Program Files (x86)\Microsoft SQL Server\100\Tools\Binn\;c:\Program Files\Microsoft SQL Server\100\Tools\Binn\;c:\Program Files\Microsoft SQL Server\100\DTS\Binn\;C:\Program Files\Microsoft SQL Server\110\Tools\Binn\;C:\Program Files (x86)\Windows Kits\8.1\Windows Performance Toolkit\;C:\Program Files (x86)\Microsoft SDKs\TypeScript\1.0\;C:\Program Files\nodejs\;C:\HashiCorp\Vagrant\bin;C:\Program Files (x86)\Skype\Phone\;C:\Program Files\Intel\Intel(R) Management Engine Components\DAL;C:\Program Files\Intel\Intel(R) Management Engine Components\IPT;C:\Program Files (x86)\Intel\Intel(R) Management Engine Components\DAL;C:\Program Files (x86)\Intel\Intel(R) Management Engine Components\IPT;C:\Program Files\Git\cmd;C:\Program Files\Git\mingw64\bin;C:\Program Files\Git\usr\bin;C:\Program Files\MATLAB\R2016a\bin;C:\Users\Kripa\AppData\Local\GitHub\PortableGit_c2ba306e536fdf878271f7fe636a147ff37326ad\bin
USERNAME=Kripa
OS=Windows_NT
PROCESSOR_IDENTIFIER=Intel64 Family 6 Model 60 Stepping 3, GenuineIntel



---------------  S Y S T E M  ---------------

OS: Windows 10.0 , 64 bit Build 10586 (10.0.10586.0)

CPU:total 8 (4 cores per cpu, 2 threads per core) family 6 model 60 stepping 3, cmov, cx8, fxsr, mmx, sse, sse2, sse3, ssse3, sse4.1, sse4.2, popcnt, avx, avx2, aes, clmul, erms, lzcnt, ht, tsc, tscinvbit, bmi1, bmi2

Memory: 4k page, physical 8158492k(1613476k free), swap 11769116k(8072k free)

vm_info: OpenJDK 64-Bit Server VM (25.76-b03) for windows-amd64 JRE (1.8.0_76-release-b03), built on Jun 29 2016 19:09:20 by "ralucas" with MS VC++ 10.0 (VS2010)

time: Sun Sep 11 11:04:40 2016
elapsed time: 8 seconds (0d 0h 0m 8s)

