#
# There is insufficient memory for the Java Runtime Environment to continue.
# Native memory allocation (malloc) failed to allocate 745456 bytes for Chunk::new
# Possible reasons:
#   The system is out of physical RAM or swap space
#   In 32 bit mode, the process size limit was hit
# Possible solutions:
#   Reduce memory load on the system
#   Increase physical memory or swap space
#   Check if swap backing store is full
#   Use 64 bit Java on a 64 bit OS
#   Decrease Java heap size (-Xmx/-Xms)
#   Decrease number of Java threads
#   Decrease Java thread stack sizes (-Xss)
#   Set larger code cache with -XX:ReservedCodeCacheSize=
# This output file may be truncated or incomplete.
#
#  Out of Memory Error (allocation.cpp:390), pid=22588, tid=0x00000000000014d0
#
# JRE version: OpenJDK Runtime Environment (8.0_76-b03) (build 1.8.0_76-release-b03)
# Java VM: OpenJDK 64-Bit Server VM (25.76-b03 mixed mode windows-amd64 compressed oops)
# Failed to write core dump. Minidumps are not enabled by default on client versions of Windows
#

---------------  T H R E A D  ---------------

Current thread (0x000000001576d000):  JavaThread "C2 CompilerThread2" daemon [_thread_in_native, id=5328, stack(0x0000000018000000,0x0000000018100000)]

Stack: [0x0000000018000000,0x0000000018100000]
[error occurred during error reporting (printing stack bounds), id 0xc0000005]

Native frames: (J=compiled Java code, j=interpreted, Vv=VM code, C=native code)


Current CompileTask:
C2:   2894 1026   !   4       com.android.dx.cf.code.BytecodeArray::parseInstruction (2764 bytes)


---------------  P R O C E S S  ---------------

Java Threads: ( => current thread )
  0x0000000017820000 JavaThread "pool-2-thread-4" [_thread_in_Java, id=27812, stack(0x0000000018800000,0x0000000018900000)]
  0x0000000017815000 JavaThread "pool-2-thread-3" [_thread_in_Java, id=16296, stack(0x0000000018700000,0x0000000018800000)]
  0x0000000017819800 JavaThread "pool-2-thread-2" [_thread_in_Java, id=21356, stack(0x0000000018600000,0x0000000018700000)]
  0x0000000017810000 JavaThread "pool-3-thread-1" [_thread_blocked, id=480, stack(0x0000000018500000,0x0000000018600000)]
  0x000000001780f800 JavaThread "pool-2-thread-1" [_thread_in_Java, id=21160, stack(0x0000000018400000,0x0000000018500000)]
  0x00000000176e8800 JavaThread "Service Thread" daemon [_thread_blocked, id=1452, stack(0x0000000018200000,0x0000000018300000)]
  0x0000000017659000 JavaThread "C1 CompilerThread3" daemon [_thread_in_native, id=5784, stack(0x0000000018100000,0x0000000018200000)]
=>0x000000001576d000 JavaThread "C2 CompilerThread2" daemon [_thread_in_native, id=5328, stack(0x0000000018000000,0x0000000018100000)]
  0x0000000017652000 JavaThread "C2 CompilerThread1" daemon [_thread_in_native, id=25952, stack(0x0000000017f00000,0x0000000018000000)]
  0x000000001764f000 JavaThread "C2 CompilerThread0" daemon [_thread_in_native, id=26128, stack(0x0000000017e00000,0x0000000017f00000)]
  0x000000001764a000 JavaThread "Attach Listener" daemon [_thread_blocked, id=16920, stack(0x0000000017d00000,0x0000000017e00000)]
  0x0000000017648800 JavaThread "Signal Dispatcher" daemon [_thread_blocked, id=28008, stack(0x0000000017c00000,0x0000000017d00000)]
  0x0000000017640800 JavaThread "Finalizer" daemon [_thread_blocked, id=29620, stack(0x0000000017a20000,0x0000000017b20000)]
  0x0000000002c17000 JavaThread "Reference Handler" daemon [_thread_blocked, id=29496, stack(0x0000000017520000,0x0000000017620000)]
  0x00000000029cd800 JavaThread "main" [_thread_in_Java, id=21928, stack(0x0000000002a00000,0x0000000002b00000)]

Other Threads:
  0x0000000015755800 VMThread [stack: 0x0000000017420000,0x0000000017520000] [id=29288]
  0x00000000176e9000 WatcherThread [stack: 0x0000000018300000,0x0000000018400000] [id=28940]

VM state:not at safepoint (normal execution)

VM Mutex/Monitor currently owned by a thread: None

Heap:
 PSYoungGen      total 37888K, used 14425K [0x00000000eab00000, 0x00000000ed500000, 0x0000000100000000)
  eden space 32768K, 30% used [0x00000000eab00000,0x00000000eb4a9b58,0x00000000ecb00000)
  from space 5120K, 99% used [0x00000000ed000000,0x00000000ed4faab8,0x00000000ed500000)
  to   space 5120K, 0% used [0x00000000ecb00000,0x00000000ecb00000,0x00000000ed000000)
 ParOldGen       total 86016K, used 6556K [0x00000000c0000000, 0x00000000c5400000, 0x00000000eab00000)
  object space 86016K, 7% used [0x00000000c0000000,0x00000000c0667080,0x00000000c5400000)
 Metaspace       used 5836K, capacity 6960K, committed 7040K, reserved 1056768K
  class space    used 562K, capacity 616K, committed 640K, reserved 1048576K

Card table byte_map: [0x0000000011fe0000,0x00000000121f0000] byte_map_base: 0x00000000119e0000

Marking Bits: (ParMarkBitMap*) 0x00000000534a9d00
 Begin Bits: [0x0000000012b50000, 0x0000000013b50000)
 End Bits:   [0x0000000013b50000, 0x0000000014b50000)

Polling page: 0x0000000001210000

CodeCache: size=245760Kb used=4996Kb max_used=4996Kb free=240763Kb
 bounds [0x0000000002c20000, 0x0000000003110000, 0x0000000011c20000]
 total_blobs=1555 nmethods=1287 adapters=182
 compilation: enabled

Compilation events (10 events):
Event: 2.867 Thread 0x0000000017659000 nmethod 1323 0x00000000030e8e90 code [0x00000000030e90a0, 0x00000000030e97e8]
Event: 2.867 Thread 0x0000000017659000 1324       2       com.android.dx.ssa.SCCP::replaceConstants (209 bytes)
Event: 2.870 Thread 0x0000000017659000 nmethod 1324 0x00000000030ea250 code [0x00000000030ea4c0, 0x00000000030eacf8]
Event: 2.870 Thread 0x0000000017659000 1312       2       com.android.dx.util.FixedSizeList::shrinkToFit (103 bytes)
Event: 2.872 Thread 0x0000000017659000 nmethod 1312 0x00000000030eb910 code [0x00000000030ebaa0, 0x00000000030ebf28]
Event: 2.872 Thread 0x0000000017659000 1329       2       com.android.dx.ssa.SsaMethod::getCountReachableBlocks (44 bytes)
Event: 2.873 Thread 0x0000000017659000 nmethod 1329 0x00000000030ec210 code [0x00000000030ec3a0, 0x00000000030ec6b8]
Event: 2.873 Thread 0x0000000017659000 1327       2       com.android.dx.ssa.DomFront::buildDomTree (72 bytes)
Event: 2.875 Thread 0x0000000017659000 nmethod 1327 0x00000000030ec910 code [0x00000000030ecae0, 0x00000000030ed0c8]
Event: 2.875 Thread 0x0000000017659000 1314       2       com.android.dx.ssa.ConstCollector::updateConstUses (248 bytes)

GC Heap History (4 events):
Event: 2.290 GC heap before
{Heap before GC invocations=1 (full 0):
 PSYoungGen      total 37888K, used 32768K [0x00000000eab00000, 0x00000000ed500000, 0x0000000100000000)
  eden space 32768K, 100% used [0x00000000eab00000,0x00000000ecb00000,0x00000000ecb00000)
  from space 5120K, 0% used [0x00000000ed000000,0x00000000ed000000,0x00000000ed500000)
  to   space 5120K, 0% used [0x00000000ecb00000,0x00000000ecb00000,0x00000000ed000000)
 ParOldGen       total 86016K, used 0K [0x00000000c0000000, 0x00000000c5400000, 0x00000000eab00000)
  object space 86016K, 0% used [0x00000000c0000000,0x00000000c0000000,0x00000000c5400000)
 Metaspace       used 5661K, capacity 6768K, committed 7040K, reserved 1056768K
  class space    used 561K, capacity 616K, committed 640K, reserved 1048576K
Event: 2.310 GC heap after
Heap after GC invocations=1 (full 0):
 PSYoungGen      total 37888K, used 5095K [0x00000000eab00000, 0x00000000ed500000, 0x0000000100000000)
  eden space 32768K, 0% used [0x00000000eab00000,0x00000000eab00000,0x00000000ecb00000)
  from space 5120K, 99% used [0x00000000ecb00000,0x00000000ecff9c78,0x00000000ed000000)
  to   space 5120K, 0% used [0x00000000ed000000,0x00000000ed000000,0x00000000ed500000)
 ParOldGen       total 86016K, used 1598K [0x00000000c0000000, 0x00000000c5400000, 0x00000000eab00000)
  object space 86016K, 1% used [0x00000000c0000000,0x00000000c018fbc0,0x00000000c5400000)
 Metaspace       used 5661K, capacity 6768K, committed 7040K, reserved 1056768K
  class space    used 561K, capacity 616K, committed 640K, reserved 1048576K
}
Event: 2.813 GC heap before
{Heap before GC invocations=2 (full 0):
 PSYoungGen      total 37888K, used 37863K [0x00000000eab00000, 0x00000000ed500000, 0x0000000100000000)
  eden space 32768K, 100% used [0x00000000eab00000,0x00000000ecb00000,0x00000000ecb00000)
  from space 5120K, 99% used [0x00000000ecb00000,0x00000000ecff9c78,0x00000000ed000000)
  to   space 5120K, 0% used [0x00000000ed000000,0x00000000ed000000,0x00000000ed500000)
 ParOldGen       total 86016K, used 1598K [0x00000000c0000000, 0x00000000c5400000, 0x00000000eab00000)
  object space 86016K, 1% used [0x00000000c0000000,0x00000000c018fbc0,0x00000000c5400000)
 Metaspace       used 5820K, capacity 6896K, committed 7040K, reserved 1056768K
  class space    used 562K, capacity 616K, committed 640K, reserved 1048576K
Event: 2.840 GC heap after
Heap after GC invocations=2 (full 0):
 PSYoungGen      total 37888K, used 5098K [0x00000000eab00000, 0x00000000ed500000, 0x0000000100000000)
  eden space 32768K, 0% used [0x00000000eab00000,0x00000000eab00000,0x00000000ecb00000)
  from space 5120K, 99% used [0x00000000ed000000,0x00000000ed4faab8,0x00000000ed500000)
  to   space 5120K, 0% used [0x00000000ecb00000,0x00000000ecb00000,0x00000000ed000000)
 ParOldGen       total 86016K, used 6556K [0x00000000c0000000, 0x00000000c5400000, 0x00000000eab00000)
  object space 86016K, 7% used [0x00000000c0000000,0x00000000c0667080,0x00000000c5400000)
 Metaspace       used 5820K, capacity 6896K, committed 7040K, reserved 1056768K
  class space    used 562K, capacity 616K, committed 640K, reserved 1048576K
}

Deoptimization events (10 events):
Event: 1.808 Thread 0x0000000017820000 Uncommon trap: reason=unstable_if action=reinterpret pc=0x0000000002e12760 method=java.util.HashMap.getNode(ILjava/lang/Object;)Ljava/util/HashMap$Node; @ 129
Event: 1.942 Thread 0x0000000017820000 Uncommon trap: reason=null_check action=make_not_entrant pc=0x0000000002e31e28 method=com.android.dx.rop.type.Type.equals(Ljava/lang/Object;)Z @ 8
Event: 2.279 Thread 0x0000000017820000 Uncommon trap: reason=class_check action=maybe_recompile pc=0x0000000002e22bf0 method=com.android.dx.ssa.NormalSsaInsn.accept(Lcom/android/dx/ssa/SsaInsn$Visitor;)V @ 9
Event: 2.450 Thread 0x00000000029cd800 Uncommon trap: reason=unstable_if action=reinterpret pc=0x0000000002e75890 method=java.lang.String.<init>([CII)V @ 18
Event: 2.585 Thread 0x000000001780f800 Uncommon trap: reason=unstable_if action=reinterpret pc=0x000000000303e074 method=com.android.dx.ssa.SCCP.simulateStmt(Lcom/android/dx/ssa/SsaInsn;)V @ 53
Event: 2.590 Thread 0x000000001780f800 Uncommon trap: reason=unstable_if action=reinterpret pc=0x0000000002e91774 method=com.android.dx.rop.code.RegisterSpecSet.put(Lcom/android/dx/rop/code/RegisterSpec;)V @ 77
Event: 2.714 Thread 0x00000000029cd800 Uncommon trap: reason=unstable_if action=reinterpret pc=0x0000000002e01368 method=java.lang.String.<init>([CII)V @ 18
Event: 2.717 Thread 0x0000000017820000 Uncommon trap: reason=class_check action=maybe_recompile pc=0x0000000002f99acc method=java.util.HashMap.putVal(ILjava/lang/Object;Ljava/lang/Object;ZZ)Ljava/lang/Object; @ 203
Event: 2.718 Thread 0x0000000017820000 Uncommon trap: reason=bimorphic action=maybe_recompile pc=0x0000000002eff8a8 method=java.util.HashMap.getNode(ILjava/lang/Object;)Ljava/util/HashMap$Node; @ 126
Event: 2.718 Thread 0x0000000017820000 Uncommon trap: reason=bimorphic action=maybe_recompile pc=0x0000000002eff8a8 method=java.util.HashMap.getNode(ILjava/lang/Object;)Ljava/util/HashMap$Node; @ 126

Internal exceptions (3 events):
Event: 0.098 Thread 0x00000000029cd800 Exception <a 'java/lang/NoSuchMethodError': Method sun.misc.Unsafe.defineClass(Ljava/lang/String;[BII)Ljava/lang/Class; name or signature does not match> (0x00000000eab07cc0) thrown at [C:\src\android\AOSP-openjdk\external\jetbrains\jdk\hotspot\src\share\vêTß
‡ π?
Event: 0.098 Thread 0x00000000029cd800 Exception <a 'java/lang/NoSuchMethodError': Method sun.misc.Unsafe.prefetchRead(Ljava/lang/Object;J)V name or signature does not match> (0x00000000eab07fa8) thrown at [C:\src\android\AOSP-openjdk\external\jetbrains\jdk\hotspot\src\share\vm\prims\jni.cpp, lÀè”‰ˇ?
Event: 1.941 Thread 0x0000000017820000 Implicit null exception at 0x0000000002e31d22 to 0x0000000002e31e1a

Events (10 events):
Event: 2.718 Thread 0x0000000017820000 Uncommon trap: trap_request=0xffffffc6 fr.pc=0x0000000002eff8a8
Event: 2.718 Thread 0x0000000017820000 DEOPT PACKING pc=0x0000000002eff8a8 sp=0x00000000188fece0
Event: 2.718 Thread 0x0000000017820000 DEOPT UNPACKING pc=0x0000000002c6556a sp=0x00000000188fec08 mode 2
Event: 2.718 Thread 0x0000000017820000 Uncommon trap: trap_request=0xffffffc6 fr.pc=0x0000000002eff8a8
Event: 2.718 Thread 0x0000000017820000 DEOPT PACKING pc=0x0000000002eff8a8 sp=0x00000000188fece0
Event: 2.718 Thread 0x0000000017820000 DEOPT UNPACKING pc=0x0000000002c6556a sp=0x00000000188fec08 mode 2
Event: 2.773 loading class com/android/dx/cf/attrib/AttLocalVariableTypeTable
Event: 2.773 loading class com/android/dx/cf/attrib/AttLocalVariableTypeTable done
Event: 2.812 Executing VM operation: ParallelGCFailedAllocation
Event: 2.840 Executing VM operation: ParallelGCFailedAllocation done


Dynamic libraries:
0x00007ff7d4270000 - 0x00007ff7d42a1000 	C:\Users\Kripa\Downloads\android-studio\jre\bin\java.exe
0x00007ffdbc220000 - 0x00007ffdbc3e1000 	C:\WINDOWS\SYSTEM32\ntdll.dll
0x00007ffdbc050000 - 0x00007ffdbc0fd000 	C:\WINDOWS\system32\KERNEL32.DLL
0x00007ffdb9330000 - 0x00007ffdb9518000 	C:\WINDOWS\system32\KERNELBASE.dll
0x00007ffdbc170000 - 0x00007ffdbc217000 	C:\WINDOWS\system32\ADVAPI32.dll
0x00007ffdb9740000 - 0x00007ffdb97dd000 	C:\WINDOWS\system32\msvcrt.dll
0x00007ffdb97e0000 - 0x00007ffdb983b000 	C:\WINDOWS\system32\sechost.dll
0x00007ffdba1c0000 - 0x00007ffdba2dc000 	C:\WINDOWS\system32\RPCRT4.dll
0x00007ffdb9840000 - 0x00007ffdb9996000 	C:\WINDOWS\system32\USER32.dll
0x00007ffdba5c0000 - 0x00007ffdba746000 	C:\WINDOWS\system32\GDI32.dll
0x00007ffdae640000 - 0x00007ffdae8b4000 	C:\WINDOWS\WinSxS\amd64_microsoft.windows.common-controls_6595b64144ccf1df_6.0.10586.494_none_a2d8b04ea53e3145\COMCTL32.dll
0x00007ffdb9af0000 - 0x00007ffdb9d6d000 	C:\WINDOWS\system32\combase.dll
0x00007ffdb92c0000 - 0x00007ffdb932a000 	C:\WINDOWS\system32\bcryptPrimitives.dll
0x00007ffdba750000 - 0x00007ffdba78b000 	C:\WINDOWS\system32\IMM32.DLL
0x00000000526b0000 - 0x0000000052782000 	C:\Users\Kripa\Downloads\android-studio\jre\jre\bin\msvcr100.dll
0x0000000052cf0000 - 0x0000000053524000 	C:\Users\Kripa\Downloads\android-studio\jre\jre\bin\server\jvm.dll
0x00007ffdba2e0000 - 0x00007ffdba2e8000 	C:\WINDOWS\system32\PSAPI.DLL
0x00007ffdaca80000 - 0x00007ffdaca89000 	C:\WINDOWS\SYSTEM32\WSOCK32.dll
0x00007ffdae8f0000 - 0x00007ffdae8fa000 	C:\WINDOWS\SYSTEM32\VERSION.dll
0x00007ffdb6af0000 - 0x00007ffdb6b13000 	C:\WINDOWS\SYSTEM32\WINMM.dll
0x00007ffdbbfe0000 - 0x00007ffdbc04b000 	C:\WINDOWS\system32\WS2_32.dll
0x00000000029d0000 - 0x00000000029fc000 	C:\WINDOWS\SYSTEM32\WINMMBASE.dll
0x00007ffdb9520000 - 0x00007ffdb9563000 	C:\WINDOWS\system32\cfgmgr32.dll
0x00007ffdb4ee0000 - 0x00007ffdb4eef000 	C:\Users\Kripa\Downloads\android-studio\jre\jre\bin\verify.dll
0x00007ffdb4700000 - 0x00007ffdb4729000 	C:\Users\Kripa\Downloads\android-studio\jre\jre\bin\java.dll
0x00007ffdb4e70000 - 0x00007ffdb4e86000 	C:\Users\Kripa\Downloads\android-studio\jre\jre\bin\zip.dll
0x00007ffdba800000 - 0x00007ffdbbd5c000 	C:\WINDOWS\system32\SHELL32.dll
0x00007ffdb88d0000 - 0x00007ffdb8f15000 	C:\WINDOWS\system32\windows.storage.dll
0x00007ffdb96d0000 - 0x00007ffdb9722000 	C:\WINDOWS\system32\shlwapi.dll
0x00007ffdb88c0000 - 0x00007ffdb88cf000 	C:\WINDOWS\system32\kernel.appcore.dll
0x00007ffdb8f20000 - 0x00007ffdb8fd5000 	C:\WINDOWS\system32\shcore.dll
0x00007ffdb8870000 - 0x00007ffdb88bb000 	C:\WINDOWS\system32\powrprof.dll
0x00007ffdb8840000 - 0x00007ffdb8854000 	C:\WINDOWS\system32\profapi.dll

VM Arguments:
jvm_args: -Djava.awt.headless=true -Xmx1024M -Dfile.encoding=UTF-8 -Duser.country=SG -Duser.language=en -Duser.variant 
java_command: com.android.dx.command.Main --dex --num-threads=4 --multi-dex --output C:\Users\Kripa\AndroidStudioProjects\GuessTheMovie\app\build\intermediates\transforms\dex\debug\folders\1000\10\com.google.android.gms-play-services-measurement-8.3.0_8accb7085e0f8e84d05f0481c88e11badf0ac08e C:\Users\Kripa\AndroidStudioProjects\GuessTheMovie\app\build\intermediates\exploded-aar\com.google.android.gms\play-services-measurement\8.3.0\jars\classes.jar
java_class_path (initial): C:\Program Files (x86)\Android\sdk\build-tools\23.0.1\lib\dx.jar
Launcher Type: SUN_STANDARD

Environment Variables:
JAVA_HOME=C:\Program Files\Java\jdk1.7.0_67
PATH=C:\Program Files (x86)\HP SimplePass\x64;C:\Program Files (x86)\HP SimplePass\;C:\Program Files (x86)\Intel\iCLS Client\;C:\Program Files\Intel\iCLS Client\;C:\Program Files (x86)\NVIDIA Corporation\PhysX\Common;C:\WINDOWS\system32;C:\WINDOWS;C:\WINDOWS\System32\Wbem;C:\WINDOWS\System32\WindowsPowerShell\v1.0\;C:\Program Files (x86)\Windows Live\Shared;C:\Program Files (x86)\Intel\OpenCL SDK\3.0\bin\x86;C:\Program Files (x86)\Intel\OpenCL SDK\3.0\bin\x64;C:\Program Files\Intel\WiFi\bin\;C:\Program Files\Common Files\Intel\WirelessCommon\;c:\Program Files (x86)\Microsoft SQL Server\100\Tools\Binn\;c:\Program Files\Microsoft SQL Server\100\Tools\Binn\;c:\Program Files\Microsoft SQL Server\100\DTS\Binn\;C:\Program Files\Microsoft SQL Server\110\Tools\Binn\;C:\Program Files (x86)\Windows Kits\8.1\Windows Performance Toolkit\;C:\Program Files (x86)\Microsoft SDKs\TypeScript\1.0\;C:\Program Files\nodejs\;C:\HashiCorp\Vagrant\bin;C:\Program Files (x86)\Skype\Phone\;C:\Program Files\Intel\Intel(R) Management Engine Components\DAL;C:\Program Files\Intel\Intel(R) Management Engine Components\IPT;C:\Program Files (x86)\Intel\Intel(R) Management Engine Components\DAL;C:\Program Files (x86)\Intel\Intel(R) Management Engine Components\IPT;C:\Program Files\Git\cmd;C:\Program Files\Git\mingw64\bin;C:\Program Files\Git\usr\bin;C:\Users\Kripa\AppData\Local\GitHub\PortableGit_c2ba306e536fdf878271f7fe636a147ff37326ad\bin
USERNAME=Kripa
OS=Windows_NT
PROCESSOR_IDENTIFIER=Intel64 Family 6 Model 60 Stepping 3, GenuineIntel



---------------  S Y S T E M  ---------------

OS: Windows 10.0 , 64 bit Build 10586 (10.0.10586.0)

CPU:total 8 (4 cores per cpu, 2 threads per core) family 6 model 60 stepping 3, cmov, cx8, fxsr, mmx, sse, sse2, sse3, ssse3, sse4.1, sse4.2, popcnt, avx, avx2, aes, clmul, erms, lzcnt, ht, tsc, tscinvbit, bmi1, bmi2

Memory: 4k page, physical 8158492k(1370852k free), swap 11769116k(4644k free)

vm_info: OpenJDK 64-Bit Server VM (25.76-b03) for windows-amd64 JRE (1.8.0_76-release-b03), built on Jun 29 2016 19:09:20 by "ralucas" with MS VC++ 10.0 (VS2010)

time: Sun Sep 11 19:53:57 2016
elapsed time: 2 seconds (0d 0h 0m 2s)

