#
# There is insufficient memory for the Java Runtime Environment to continue.
# Native memory allocation (malloc) failed to allocate 1639696 bytes for Chunk::new
# Possible reasons:
#   The system is out of physical RAM or swap space
#   In 32 bit mode, the process size limit was hit
# Possible solutions:
#   Reduce memory load on the system
#   Increase physical memory or swap space
#   Check if swap backing store is full
#   Use 64 bit Java on a 64 bit OS
#   Decrease Java heap size (-Xmx/-Xms)
#   Decrease number of Java threads
#   Decrease Java thread stack sizes (-Xss)
#   Set larger code cache with -XX:ReservedCodeCacheSize=
# This output file may be truncated or incomplete.
#
#  Out of Memory Error (allocation.cpp:390), pid=16192, tid=0x0000000000006bd0
#
# JRE version: OpenJDK Runtime Environment (8.0_76-b03) (build 1.8.0_76-release-b03)
# Java VM: OpenJDK 64-Bit Server VM (25.76-b03 mixed mode windows-amd64 compressed oops)
# Failed to write core dump. Minidumps are not enabled by default on client versions of Windows
#

---------------  T H R E A D  ---------------

Current thread (0x00000000171d7000):  JavaThread "C2 CompilerThread1" daemon [_thread_in_native, id=27600, stack(0x0000000017a40000,0x0000000017b40000)]

Stack: [0x0000000017a40000,0x0000000017b40000]
[error occurred during error reporting (printing stack bounds), id 0xc0000005]

Native frames: (J=compiled Java code, j=interpreted, Vv=VM code, C=native code)


Current CompileTask:
C2:  34640 2039   !   4       com.android.dx.cf.cst.ConstantPoolParser::parse0 (731 bytes)


---------------  P R O C E S S  ---------------

Java Threads: ( => current thread )
  0x0000000017449800 JavaThread "pool-2-thread-4" [_thread_in_Java, id=19768, stack(0x0000000018340000,0x0000000018440000)]
  0x0000000017440800 JavaThread "pool-2-thread-3" [_thread_in_Java, id=10460, stack(0x0000000018240000,0x0000000018340000)]
  0x0000000017440000 JavaThread "pool-2-thread-2" [_thread_in_Java, id=11380, stack(0x0000000018140000,0x0000000018240000)]
  0x000000001743d000 JavaThread "pool-3-thread-1" [_thread_blocked, id=24396, stack(0x0000000018040000,0x0000000018140000)]
  0x000000001743c800 JavaThread "pool-2-thread-1" [_thread_in_Java, id=24696, stack(0x0000000017f40000,0x0000000018040000)]
  0x00000000171f1000 JavaThread "Service Thread" daemon [_thread_blocked, id=16892, stack(0x0000000017d40000,0x0000000017e40000)]
  0x00000000171eb000 JavaThread "C1 CompilerThread3" daemon [_thread_in_vm, id=480, stack(0x0000000017c40000,0x0000000017d40000)]
  0x00000000171e4000 JavaThread "C2 CompilerThread2" daemon [_thread_in_native, id=20400, stack(0x0000000017b40000,0x0000000017c40000)]
=>0x00000000171d7000 JavaThread "C2 CompilerThread1" daemon [_thread_in_native, id=27600, stack(0x0000000017a40000,0x0000000017b40000)]
  0x000000001718b000 JavaThread "C2 CompilerThread0" daemon [_thread_in_native, id=18572, stack(0x0000000017940000,0x0000000017a40000)]
  0x0000000017189800 JavaThread "Attach Listener" daemon [_thread_blocked, id=7620, stack(0x0000000017840000,0x0000000017940000)]
  0x0000000017188800 JavaThread "Signal Dispatcher" daemon [_thread_blocked, id=16456, stack(0x0000000017740000,0x0000000017840000)]
  0x0000000002778000 JavaThread "Finalizer" daemon [_thread_blocked, id=14384, stack(0x0000000017560000,0x0000000017660000)]
  0x000000001529b800 JavaThread "Reference Handler" daemon [_thread_blocked, id=26184, stack(0x0000000017060000,0x0000000017160000)]
  0x000000000262d800 JavaThread "main" [_thread_in_Java, id=18036, stack(0x00000000024b0000,0x00000000025b0000)]

Other Threads:
  0x0000000015295000 VMThread [stack: 0x0000000016f60000,0x0000000017060000] [id=13776]
  0x00000000171f2000 WatcherThread [stack: 0x0000000017e40000,0x0000000017f40000] [id=2220]

VM state:not at safepoint (normal execution)

VM Mutex/Monitor currently owned by a thread: None

Heap:
 PSYoungGen      total 70656K, used 18597K [0x00000000eab00000, 0x00000000f5300000, 0x0000000100000000)
  eden space 65536K, 20% used [0x00000000eab00000,0x00000000eb82a558,0x00000000eeb00000)
  from space 5120K, 99% used [0x00000000eeb00000,0x00000000eefff260,0x00000000ef000000)
  to   space 20480K, 0% used [0x00000000f3f00000,0x00000000f3f00000,0x00000000f5300000)
 ParOldGen       total 86016K, used 34763K [0x00000000c0000000, 0x00000000c5400000, 0x00000000eab00000)
  object space 86016K, 40% used [0x00000000c0000000,0x00000000c21f2db0,0x00000000c5400000)
 Metaspace       used 6199K, capacity 7152K, committed 7296K, reserved 1056768K
  class space    used 567K, capacity 616K, committed 640K, reserved 1048576K

Card table byte_map: [0x0000000011b40000,0x0000000011d50000] byte_map_base: 0x0000000011540000

Marking Bits: (ParMarkBitMap*) 0x00000000534a9d00
 Begin Bits: [0x00000000126b0000, 0x00000000136b0000)
 End Bits:   [0x00000000136b0000, 0x00000000146b0000)

Polling page: 0x0000000000cc0000

CodeCache: size=245760Kb used=7967Kb max_used=7967Kb free=237792Kb
 bounds [0x0000000002780000, 0x0000000002f60000, 0x0000000011780000]
 total_blobs=2147 nmethods=1877 adapters=182
 compilation: enabled

Compilation events (10 events):
Event: 34.250 Thread 0x000000001718b000 nmethod 2081 0x0000000002f3d810 code [0x0000000002f3dac0, 0x0000000002f3fe08]
Event: 34.251 Thread 0x000000001718b000 2109       4       com.android.dx.cf.iface.StdAttributeList::findFirst (44 bytes)
Event: 34.252 Thread 0x00000000171eb000 2178       2       java.util.concurrent.ArrayBlockingQueue::enqueue (53 bytes)
Event: 34.255 Thread 0x00000000171eb000 nmethod 2178 0x0000000002f2d4d0 code [0x0000000002f2d660, 0x0000000002f2d9a8]
Event: 34.271 Thread 0x00000000171eb000 2180       1       com.android.dx.cf.attrib.AttEnclosingMethod::byteLength (3 bytes)
Event: 34.271 Thread 0x00000000171eb000 nmethod 2180 0x0000000002f33010 code [0x0000000002f33160, 0x0000000002f33270]
Event: 34.275 Thread 0x000000001718b000 nmethod 2109 0x0000000002f2fa50 code [0x0000000002f2fba0, 0x0000000002f2fe98]
Event: 34.276 Thread 0x000000001718b000 2179       4       com.android.dx.rop.code.BasicBlockList::forEachInsn (39 bytes)
Event: 34.308 Thread 0x000000001718b000 nmethod 2179 0x0000000002f30e10 code [0x0000000002f30f60, 0x0000000002f31218]
Event: 34.308 Thread 0x000000001718b000 2171       4       com.android.dx.ssa.SsaMethod::forEachBlockDepthFirst (194 bytes)

GC Heap History (10 events):
Event: 23.778 GC heap before
{Heap before GC invocations=1 (full 0):
 PSYoungGen      total 37888K, used 32768K [0x00000000eab00000, 0x00000000ed500000, 0x0000000100000000)
  eden space 32768K, 100% used [0x00000000eab00000,0x00000000ecb00000,0x00000000ecb00000)
  from space 5120K, 0% used [0x00000000ed000000,0x00000000ed000000,0x00000000ed500000)
  to   space 5120K, 0% used [0x00000000ecb00000,0x00000000ecb00000,0x00000000ed000000)
 ParOldGen       total 86016K, used 0K [0x00000000c0000000, 0x00000000c5400000, 0x00000000eab00000)
  object space 86016K, 0% used [0x00000000c0000000,0x00000000c0000000,0x00000000c5400000)
 Metaspace       used 5875K, capacity 6960K, committed 7040K, reserved 1056768K
  class space    used 563K, capacity 616K, committed 640K, reserved 1048576K
Event: 23.914 GC heap after
Heap after GC invocations=1 (full 0):
 PSYoungGen      total 37888K, used 5111K [0x00000000eab00000, 0x00000000ed500000, 0x0000000100000000)
  eden space 32768K, 0% used [0x00000000eab00000,0x00000000eab00000,0x00000000ecb00000)
  from space 5120K, 99% used [0x00000000ecb00000,0x00000000ecffdfc0,0x00000000ed000000)
  to   space 5120K, 0% used [0x00000000ed000000,0x00000000ed000000,0x00000000ed500000)
 ParOldGen       total 86016K, used 1605K [0x00000000c0000000, 0x00000000c5400000, 0x00000000eab00000)
  object space 86016K, 1% used [0x00000000c0000000,0x00000000c0191768,0x00000000c5400000)
 Metaspace       used 5875K, capacity 6960K, committed 7040K, reserved 1056768K
  class space    used 563K, capacity 616K, committed 640K, reserved 1048576K
}
Event: 25.753 GC heap before
{Heap before GC invocations=2 (full 0):
 PSYoungGen      total 37888K, used 37879K [0x00000000eab00000, 0x00000000ed500000, 0x0000000100000000)
  eden space 32768K, 100% used [0x00000000eab00000,0x00000000ecb00000,0x00000000ecb00000)
  from space 5120K, 99% used [0x00000000ecb00000,0x00000000ecffdfc0,0x00000000ed000000)
  to   space 5120K, 0% used [0x00000000ed000000,0x00000000ed000000,0x00000000ed500000)
 ParOldGen       total 86016K, used 1605K [0x00000000c0000000, 0x00000000c5400000, 0x00000000eab00000)
  object space 86016K, 1% used [0x00000000c0000000,0x00000000c0191768,0x00000000c5400000)
 Metaspace       used 6013K, capacity 7024K, committed 7296K, reserved 1056768K
  class space    used 565K, capacity 616K, committed 640K, reserved 1048576K
Event: 25.933 GC heap after
Heap after GC invocations=2 (full 0):
 PSYoungGen      total 37888K, used 5098K [0x00000000eab00000, 0x00000000ef500000, 0x0000000100000000)
  eden space 32768K, 0% used [0x00000000eab00000,0x00000000eab00000,0x00000000ecb00000)
  from space 5120K, 99% used [0x00000000ed000000,0x00000000ed4faab8,0x00000000ed500000)
  to   space 5120K, 0% used [0x00000000ecb00000,0x00000000ecb00000,0x00000000ed000000)
 ParOldGen       total 86016K, used 5691K [0x00000000c0000000, 0x00000000c5400000, 0x00000000eab00000)
  object space 86016K, 6% used [0x00000000c0000000,0x00000000c058efa0,0x00000000c5400000)
 Metaspace       used 6013K, capacity 7024K, committed 7296K, reserved 1056768K
  class space    used 565K, capacity 616K, committed 640K, reserved 1048576K
}
Event: 27.316 GC heap before
{Heap before GC invocations=3 (full 0):
 PSYoungGen      total 37888K, used 37866K [0x00000000eab00000, 0x00000000ef500000, 0x0000000100000000)
  eden space 32768K, 100% used [0x00000000eab00000,0x00000000ecb00000,0x00000000ecb00000)
  from space 5120K, 99% used [0x00000000ed000000,0x00000000ed4faab8,0x00000000ed500000)
  to   space 5120K, 0% used [0x00000000ecb00000,0x00000000ecb00000,0x00000000ed000000)
 ParOldGen       total 86016K, used 5691K [0x00000000c0000000, 0x00000000c5400000, 0x00000000eab00000)
  object space 86016K, 6% used [0x00000000c0000000,0x00000000c058efa0,0x00000000c5400000)
 Metaspace       used 6072K, capacity 7088K, committed 7296K, reserved 1056768K
  class space    used 566K, capacity 616K, committed 640K, reserved 1048576K
Event: 27.563 GC heap after
Heap after GC invocations=3 (full 0):
 PSYoungGen      total 37888K, used 5096K [0x00000000eab00000, 0x00000000ef500000, 0x0000000100000000)
  eden space 32768K, 0% used [0x00000000eab00000,0x00000000eab00000,0x00000000ecb00000)
  from space 5120K, 99% used [0x00000000ecb00000,0x00000000ecffa2e0,0x00000000ed000000)
  to   space 5120K, 0% used [0x00000000ef000000,0x00000000ef000000,0x00000000ef500000)
 ParOldGen       total 86016K, used 13557K [0x00000000c0000000, 0x00000000c5400000, 0x00000000eab00000)
  object space 86016K, 15% used [0x00000000c0000000,0x00000000c0d3d4e8,0x00000000c5400000)
 Metaspace       used 6072K, capacity 7088K, committed 7296K, reserved 1056768K
  class space    used 566K, capacity 616K, committed 640K, reserved 1048576K
}
Event: 29.942 GC heap before
{Heap before GC invocations=4 (full 0):
 PSYoungGen      total 37888K, used 37864K [0x00000000eab00000, 0x00000000ef500000, 0x0000000100000000)
  eden space 32768K, 100% used [0x00000000eab00000,0x00000000ecb00000,0x00000000ecb00000)
  from space 5120K, 99% used [0x00000000ecb00000,0x00000000ecffa2e0,0x00000000ed000000)
  to   space 5120K, 0% used [0x00000000ef000000,0x00000000ef000000,0x00000000ef500000)
 ParOldGen       total 86016K, used 13557K [0x00000000c0000000, 0x00000000c5400000, 0x00000000eab00000)
  object space 86016K, 15% used [0x00000000c0000000,0x00000000c0d3d4e8,0x00000000c5400000)
 Metaspace       used 6088K, capacity 7088K, committed 7296K, reserved 1056768K
  class space    used 567K, capacity 616K, committed 640K, reserved 1048576K
Event: 30.271 GC heap after
Heap after GC invocations=4 (full 0):
 PSYoungGen      total 70656K, used 5095K [0x00000000eab00000, 0x00000000ef500000, 0x0000000100000000)
  eden space 65536K, 0% used [0x00000000eab00000,0x00000000eab00000,0x00000000eeb00000)
  from space 5120K, 99% used [0x00000000ef000000,0x00000000ef4f9fb0,0x00000000ef500000)
  to   space 5120K, 0% used [0x00000000eeb00000,0x00000000eeb00000,0x00000000ef000000)
 ParOldGen       total 86016K, used 21065K [0x00000000c0000000, 0x00000000c5400000, 0x00000000eab00000)
  object space 86016K, 24% used [0x00000000c0000000,0x00000000c1492410,0x00000000c5400000)
 Metaspace       used 6088K, capacity 7088K, committed 7296K, reserved 1056768K
  class space    used 567K, capacity 616K, committed 640K, reserved 1048576K
}
Event: 33.583 GC heap before
{Heap before GC invocations=5 (full 0):
 PSYoungGen      total 70656K, used 70631K [0x00000000eab00000, 0x00000000ef500000, 0x0000000100000000)
  eden space 65536K, 100% used [0x00000000eab00000,0x00000000eeb00000,0x00000000eeb00000)
  from space 5120K, 99% used [0x00000000ef000000,0x00000000ef4f9fb0,0x00000000ef500000)
  to   space 5120K, 0% used [0x00000000eeb00000,0x00000000eeb00000,0x00000000ef000000)
 ParOldGen       total 86016K, used 21065K [0x00000000c0000000, 0x00000000c5400000, 0x00000000eab00000)
  object space 86016K, 24% used [0x00000000c0000000,0x00000000c1492410,0x00000000c5400000)
 Metaspace       used 6183K, capacity 7152K, committed 7296K, reserved 1056768K
  class space    used 567K, capacity 616K, committed 640K, reserved 1048576K
Event: 34.234 GC heap after
Heap after GC invocations=5 (full 0):
 PSYoungGen      total 70656K, used 5116K [0x00000000eab00000, 0x00000000f5300000, 0x0000000100000000)
  eden space 65536K, 0% used [0x00000000eab00000,0x00000000eab00000,0x00000000eeb00000)
  from space 5120K, 99% used [0x00000000eeb00000,0x00000000eefff260,0x00000000ef000000)
  to   space 20480K, 0% used [0x00000000f3f00000,0x00000000f3f00000,0x00000000f5300000)
 ParOldGen       total 86016K, used 34763K [0x00000000c0000000, 0x00000000c5400000, 0x00000000eab00000)
  object space 86016K, 40% used [0x00000000c0000000,0x00000000c21f2db0,0x00000000c5400000)
 Metaspace       used 6183K, capacity 7152K, committed 7296K, reserved 1056768K
  class space    used 567K, capacity 616K, committed 640K, reserved 1048576K
}

Deoptimization events (10 events):
Event: 24.292 Thread 0x000000001743c800 Uncommon trap: reason=bimorphic action=maybe_recompile pc=0x0000000002c92e84 method=com.android.dx.cf.code.BytecodeArray.parseInstruction(ILcom/android/dx/cf/code/BytecodeArray$Visitor;)I @ 923
Event: 25.253 Thread 0x000000001743c800 Uncommon trap: reason=unstable_if action=reinterpret pc=0x0000000002b3523c method=com.android.dx.util.IntList.binarysearch(I)I @ 105
Event: 25.326 Thread 0x000000001743c800 Uncommon trap: reason=unstable_if action=reinterpret pc=0x0000000002baaf20 method=com.android.dx.util.LabeledList.set(ILcom/android/dx/util/LabeledItem;)V @ 16
Event: 26.059 Thread 0x0000000017449800 Uncommon trap: reason=unstable_if action=reinterpret pc=0x0000000002d901cc method=com.android.dx.cf.code.ByteCatchList.listFor(I)Lcom/android/dx/cf/code/ByteCatchList; @ 19
Event: 26.064 Thread 0x0000000017449800 Uncommon trap: reason=unstable_if action=reinterpret pc=0x0000000002ca9da0 method=com.android.dx.cf.code.Merger.mergeType(Lcom/android/dx/rop/type/TypeBearer;Lcom/android/dx/rop/type/TypeBearer;)Lcom/android/dx/rop/type/TypeBearer; @ 15
Event: 26.564 Thread 0x0000000017449800 Uncommon trap: reason=unstable_if action=reinterpret pc=0x0000000002b7065c method=com.android.dx.ssa.SsaMethod.updateOneDefinition(Lcom/android/dx/ssa/SsaInsn;Lcom/android/dx/rop/code/RegisterSpec;)V @ 4
Event: 26.564 Thread 0x0000000017440000 Uncommon trap: reason=unstable_if action=reinterpret pc=0x0000000002b7065c method=com.android.dx.ssa.SsaMethod.updateOneDefinition(Lcom/android/dx/ssa/SsaInsn;Lcom/android/dx/rop/code/RegisterSpec;)V @ 4
Event: 28.401 Thread 0x000000001743c800 Uncommon trap: reason=unstable_if action=reinterpret pc=0x0000000002e08f64 method=com.android.dx.ssa.SCCP.simulateBranch(Lcom/android/dx/ssa/SsaInsn;)V @ 329
Event: 31.519 Thread 0x000000000262d800 Uncommon trap: reason=null_check action=make_not_entrant pc=0x0000000002a7b7d0 method=com.android.dx.ssa.SsaRenamer.getLocalForNewReg(I)Lcom/android/dx/rop/code/LocalItem; @ 19
Event: 33.091 Thread 0x0000000017449800 Uncommon trap: reason=unstable_if action=reinterpret pc=0x0000000002f008e8 method=com.android.dx.cf.code.ByteCatchList$Item.getExceptionClass()Lcom/android/dx/rop/cst/CstType; @ 4

Internal exceptions (3 events):
Event: 0.668 Thread 0x000000000262d800 Exception <a 'java/lang/NoSuchMethodError': Method sun.misc.Unsafe.defineClass(Ljava/lang/String;[BII)Ljava/lang/Class; name or signature does not match> (0x00000000eab07cc0) thrown at [C:\src\android\AOSP-openjdk\external\jetbrains\jdk\hotspot\src\share\vÄGéðbå?
Event: 0.668 Thread 0x000000000262d800 Exception <a 'java/lang/NoSuchMethodError': Method sun.misc.Unsafe.prefetchRead(Ljava/lang/Object;J)V name or signature does not match> (0x00000000eab07fa8) thrown at [C:\src\android\AOSP-openjdk\external\jetbrains\jdk\hotspot\src\share\vm\prims\jni.cpp, lQc˜À„?@
Event: 31.519 Thread 0x000000000262d800 Implicit null exception at 0x0000000002a793b6 to 0x0000000002a7b785

Events (10 events):
Event: 32.212 Thread 0x0000000017440800 DEOPT UNPACKING pc=0x00000000027c75bf sp=0x000000001833e4f8 mode 0
Event: 32.719 Thread 0x0000000017449800 DEOPT PACKING pc=0x0000000002e54a58 sp=0x000000001843e500
Event: 32.720 Thread 0x0000000017449800 DEOPT UNPACKING pc=0x00000000027c75bf sp=0x000000001843e330 mode 0
Event: 32.963 Thread 0x0000000017449800 DEOPT PACKING pc=0x0000000002e37db2 sp=0x000000001843e5e0
Event: 32.963 Thread 0x0000000017449800 DEOPT UNPACKING pc=0x00000000027c75bf sp=0x000000001843e410 mode 0
Event: 33.091 Thread 0x0000000017449800 Uncommon trap: trap_request=0xffffff65 fr.pc=0x0000000002f008e8
Event: 33.091 Thread 0x0000000017449800 DEOPT PACKING pc=0x0000000002f008e8 sp=0x000000001843e440
Event: 33.091 Thread 0x0000000017449800 DEOPT UNPACKING pc=0x00000000027c556a sp=0x000000001843e1c8 mode 2
Event: 33.578 Executing VM operation: ParallelGCFailedAllocation
Event: 34.235 Executing VM operation: ParallelGCFailedAllocation done


Dynamic libraries:
0x00007ff7d4270000 - 0x00007ff7d42a1000 	C:\Users\Kripa\Downloads\android-studio\jre\bin\java.exe
0x00007ffdbc220000 - 0x00007ffdbc3e1000 	C:\WINDOWS\SYSTEM32\ntdll.dll
0x00007ffdbc050000 - 0x00007ffdbc0fd000 	C:\WINDOWS\system32\KERNEL32.DLL
0x00007ffdb9330000 - 0x00007ffdb9518000 	C:\WINDOWS\system32\KERNELBASE.dll
0x00007ffdbc170000 - 0x00007ffdbc217000 	C:\WINDOWS\system32\ADVAPI32.dll
0x00007ffdb9740000 - 0x00007ffdb97dd000 	C:\WINDOWS\system32\msvcrt.dll
0x00007ffdb97e0000 - 0x00007ffdb983b000 	C:\WINDOWS\system32\sechost.dll
0x00007ffdba1c0000 - 0x00007ffdba2dc000 	C:\WINDOWS\system32\RPCRT4.dll
0x00007ffdb9840000 - 0x00007ffdb9996000 	C:\WINDOWS\system32\USER32.dll
0x00007ffdba5c0000 - 0x00007ffdba746000 	C:\WINDOWS\system32\GDI32.dll
0x00007ffdae640000 - 0x00007ffdae8b4000 	C:\WINDOWS\WinSxS\amd64_microsoft.windows.common-controls_6595b64144ccf1df_6.0.10586.494_none_a2d8b04ea53e3145\COMCTL32.dll
0x00007ffdb9af0000 - 0x00007ffdb9d6d000 	C:\WINDOWS\system32\combase.dll
0x00007ffdb92c0000 - 0x00007ffdb932a000 	C:\WINDOWS\system32\bcryptPrimitives.dll
0x00007ffdba750000 - 0x00007ffdba78b000 	C:\WINDOWS\system32\IMM32.DLL
0x00000000526b0000 - 0x0000000052782000 	C:\Users\Kripa\Downloads\android-studio\jre\jre\bin\msvcr100.dll
0x0000000052cf0000 - 0x0000000053524000 	C:\Users\Kripa\Downloads\android-studio\jre\jre\bin\server\jvm.dll
0x00007ffdba2e0000 - 0x00007ffdba2e8000 	C:\WINDOWS\system32\PSAPI.DLL
0x00007ffdaca80000 - 0x00007ffdaca89000 	C:\WINDOWS\SYSTEM32\WSOCK32.dll
0x00007ffdbbfe0000 - 0x00007ffdbc04b000 	C:\WINDOWS\system32\WS2_32.dll
0x00007ffdb6af0000 - 0x00007ffdb6b13000 	C:\WINDOWS\SYSTEM32\WINMM.dll
0x00007ffdae8f0000 - 0x00007ffdae8fa000 	C:\WINDOWS\SYSTEM32\VERSION.dll
0x00007ffdb6a90000 - 0x00007ffdb6abc000 	C:\WINDOWS\SYSTEM32\WINMMBASE.dll
0x00007ffdb9520000 - 0x00007ffdb9563000 	C:\WINDOWS\system32\cfgmgr32.dll
0x00007ffdb4ee0000 - 0x00007ffdb4eef000 	C:\Users\Kripa\Downloads\android-studio\jre\jre\bin\verify.dll
0x00007ffdb4700000 - 0x00007ffdb4729000 	C:\Users\Kripa\Downloads\android-studio\jre\jre\bin\java.dll
0x00007ffdb4e70000 - 0x00007ffdb4e86000 	C:\Users\Kripa\Downloads\android-studio\jre\jre\bin\zip.dll
0x00007ffdba800000 - 0x00007ffdbbd5c000 	C:\WINDOWS\system32\SHELL32.dll
0x00007ffdb88d0000 - 0x00007ffdb8f15000 	C:\WINDOWS\system32\windows.storage.dll
0x00007ffdb96d0000 - 0x00007ffdb9722000 	C:\WINDOWS\system32\shlwapi.dll
0x00007ffdb88c0000 - 0x00007ffdb88cf000 	C:\WINDOWS\system32\kernel.appcore.dll
0x00007ffdb8f20000 - 0x00007ffdb8fd5000 	C:\WINDOWS\system32\shcore.dll
0x00007ffdb8870000 - 0x00007ffdb88bb000 	C:\WINDOWS\system32\powrprof.dll
0x00007ffdb8840000 - 0x00007ffdb8854000 	C:\WINDOWS\system32\profapi.dll

VM Arguments:
jvm_args: -Djava.awt.headless=true -Xmx1024M -Dfile.encoding=windows-1252 -Duser.country=SG -Duser.language=en -Duser.variant 
java_command: com.android.dx.command.Main --dex --num-threads=4 --multi-dex --output C:\Users\Kripa\AndroidStudioProjects\GuessTheMovie\app\build\intermediates\transforms\dex\debug\folders\1000\10\com.google.android.gms-play-services-games-8.3.0_b7f57c61205e9a80b71e4500ff9872ab50203a28 C:\Users\Kripa\AndroidStudioProjects\GuessTheMovie\app\build\intermediates\exploded-aar\com.google.android.gms\play-services-games\8.3.0\jars\classes.jar
java_class_path (initial): C:\Program Files (x86)\Android\sdk\build-tools\23.0.1\lib\dx.jar
Launcher Type: SUN_STANDARD

Environment Variables:
JAVA_HOME=C:\Program Files\Java\jdk1.7.0_67
PATH=C:\Program Files (x86)\HP SimplePass\x64;C:\Program Files (x86)\HP SimplePass\;C:\Program Files (x86)\Intel\iCLS Client\;C:\Program Files\Intel\iCLS Client\;C:\Program Files (x86)\NVIDIA Corporation\PhysX\Common;C:\WINDOWS\system32;C:\WINDOWS;C:\WINDOWS\System32\Wbem;C:\WINDOWS\System32\WindowsPowerShell\v1.0\;C:\Program Files (x86)\Windows Live\Shared;C:\Program Files (x86)\Intel\OpenCL SDK\3.0\bin\x86;C:\Program Files (x86)\Intel\OpenCL SDK\3.0\bin\x64;C:\Program Files\Intel\WiFi\bin\;C:\Program Files\Common Files\Intel\WirelessCommon\;c:\Program Files (x86)\Microsoft SQL Server\100\Tools\Binn\;c:\Program Files\Microsoft SQL Server\100\Tools\Binn\;c:\Program Files\Microsoft SQL Server\100\DTS\Binn\;C:\Program Files\Microsoft SQL Server\110\Tools\Binn\;C:\Program Files (x86)\Windows Kits\8.1\Windows Performance Toolkit\;C:\Program Files (x86)\Microsoft SDKs\TypeScript\1.0\;C:\Program Files\nodejs\;C:\HashiCorp\Vagrant\bin;C:\Program Files (x86)\Skype\Phone\;C:\Program Files\Intel\Intel(R) Management Engine Components\DAL;C:\Program Files\Intel\Intel(R) Management Engine Components\IPT;C:\Program Files (x86)\Intel\Intel(R) Management Engine Components\DAL;C:\Program Files (x86)\Intel\Intel(R) Management Engine Components\IPT;C:\Program Files\Git\cmd;C:\Program Files\Git\mingw64\bin;C:\Program Files\Git\usr\bin;C:\Users\Kripa\AppData\Local\GitHub\PortableGit_c2ba306e536fdf878271f7fe636a147ff37326ad\bin
USERNAME=Kripa
OS=Windows_NT
PROCESSOR_IDENTIFIER=Intel64 Family 6 Model 60 Stepping 3, GenuineIntel



---------------  S Y S T E M  ---------------

OS: Windows 10.0 , 64 bit Build 10586 (10.0.10586.0)

CPU:total 8 (4 cores per cpu, 2 threads per core) family 6 model 60 stepping 3, cmov, cx8, fxsr, mmx, sse, sse2, sse3, ssse3, sse4.1, sse4.2, popcnt, avx, avx2, aes, clmul, erms, lzcnt, ht, tsc, tscinvbit, bmi1, bmi2

Memory: 4k page, physical 8158492k(1202808k free), swap 11769116k(11668k free)

vm_info: OpenJDK 64-Bit Server VM (25.76-b03) for windows-amd64 JRE (1.8.0_76-release-b03), built on Jun 29 2016 19:09:20 by "ralucas" with MS VC++ 10.0 (VS2010)

time: Sun Sep 11 13:48:04 2016
elapsed time: 35 seconds (0d 0h 0m 35s)

