#
# There is insufficient memory for the Java Runtime Environment to continue.
# Native memory allocation (malloc) failed to allocate 1728496 bytes for Chunk::new
# Possible reasons:
#   The system is out of physical RAM or swap space
#   In 32 bit mode, the process size limit was hit
# Possible solutions:
#   Reduce memory load on the system
#   Increase physical memory or swap space
#   Check if swap backing store is full
#   Use 64 bit Java on a 64 bit OS
#   Decrease Java heap size (-Xmx/-Xms)
#   Decrease number of Java threads
#   Decrease Java thread stack sizes (-Xss)
#   Set larger code cache with -XX:ReservedCodeCacheSize=
# This output file may be truncated or incomplete.
#
#  Out of Memory Error (allocation.cpp:390), pid=24372, tid=0x0000000000004a18
#
# JRE version: OpenJDK Runtime Environment (8.0_76-b03) (build 1.8.0_76-release-b03)
# Java VM: OpenJDK 64-Bit Server VM (25.76-b03 mixed mode windows-amd64 compressed oops)
# Failed to write core dump. Minidumps are not enabled by default on client versions of Windows
#

---------------  T H R E A D  ---------------

Current thread (0x000000001760c800):  JavaThread "C2 CompilerThread2" daemon [_thread_in_native, id=18968, stack(0x0000000017fc0000,0x00000000180c0000)]

Stack: [0x0000000017fc0000,0x00000000180c0000]
[error occurred during error reporting (printing stack bounds), id 0xc0000005]

Native frames: (J=compiled Java code, j=interpreted, Vv=VM code, C=native code)


Current CompileTask:
C2:   6322 2072   !   4       com.android.dx.cf.code.RopperMachine::run (1550 bytes)


---------------  P R O C E S S  ---------------

Java Threads: ( => current thread )
  0x00000000178b2000 JavaThread "pool-1-thread-1" [_thread_in_Java, id=5472, stack(0x000000001b060000,0x000000001b160000)]
  0x00000000176a2800 JavaThread "Service Thread" daemon [_thread_blocked, id=20536, stack(0x00000000181c0000,0x00000000182c0000)]
  0x000000001760f800 JavaThread "C1 CompilerThread3" daemon [_thread_blocked, id=25188, stack(0x00000000180c0000,0x00000000181c0000)]
=>0x000000001760c800 JavaThread "C2 CompilerThread2" daemon [_thread_in_native, id=18968, stack(0x0000000017fc0000,0x00000000180c0000)]
  0x00000000175fe800 JavaThread "C2 CompilerThread1" daemon [_thread_in_native, id=4908, stack(0x0000000017ec0000,0x0000000017fc0000)]
  0x00000000175f7800 JavaThread "C2 CompilerThread0" daemon [_thread_in_native, id=1900, stack(0x0000000017dc0000,0x0000000017ec0000)]
  0x00000000175f6000 JavaThread "Attach Listener" daemon [_thread_blocked, id=24776, stack(0x0000000017cc0000,0x0000000017dc0000)]
  0x00000000175f5000 JavaThread "Signal Dispatcher" daemon [_thread_blocked, id=25552, stack(0x0000000017bc0000,0x0000000017cc0000)]
  0x00000000156e0800 JavaThread "Finalizer" daemon [_thread_blocked, id=11472, stack(0x00000000179d0000,0x0000000017ad0000)]
  0x0000000002bb7000 JavaThread "Reference Handler" daemon [_thread_blocked, id=21692, stack(0x00000000174d0000,0x00000000175d0000)]
  0x000000000291d800 JavaThread "main" [_thread_blocked, id=8060, stack(0x00000000029c0000,0x0000000002ac0000)]

Other Threads:
  0x00000000156d6000 VMThread [stack: 0x00000000173d0000,0x00000000174d0000] [id=6264]
  0x00000000176a3800 WatcherThread [stack: 0x00000000182c0000,0x00000000183c0000] [id=22448]

VM state:not at safepoint (normal execution)

VM Mutex/Monitor currently owned by a thread: None

Heap:
 PSYoungGen      total 289280K, used 207253K [0x00000000eab00000, 0x0000000100000000, 0x0000000100000000)
  eden space 257024K, 70% used [0x00000000eab00000,0x00000000f5cfeea8,0x00000000fa600000)
  from space 32256K, 77% used [0x00000000fa600000,0x00000000fbe666c0,0x00000000fc580000)
  to   space 55296K, 0% used [0x00000000fca00000,0x00000000fca00000,0x0000000100000000)
 ParOldGen       total 171008K, used 85863K [0x00000000c0000000, 0x00000000ca700000, 0x00000000eab00000)
  object space 171008K, 50% used [0x00000000c0000000,0x00000000c53d9cb0,0x00000000ca700000)
 Metaspace       used 6706K, capacity 7472K, committed 7552K, reserved 1056768K
  class space    used 608K, capacity 616K, committed 640K, reserved 1048576K

Card table byte_map: [0x0000000011f80000,0x0000000012190000] byte_map_base: 0x0000000011980000

Marking Bits: (ParMarkBitMap*) 0x00000000534a9d00
 Begin Bits: [0x0000000012af0000, 0x0000000013af0000)
 End Bits:   [0x0000000013af0000, 0x0000000014af0000)

Polling page: 0x00000000028e0000

CodeCache: size=245760Kb used=9913Kb max_used=9913Kb free=235846Kb
 bounds [0x0000000002bc0000, 0x0000000003580000, 0x0000000011bc0000]
 total_blobs=2786 nmethods=2517 adapters=182
 compilation: enabled

Compilation events (10 events):
Event: 6.311 Thread 0x000000001760f800 nmethod 2706 0x00000000035700d0 code [0x0000000003570260, 0x0000000003570558]
Event: 6.311 Thread 0x000000001760f800 2702       1       com.android.dx.rop.cst.CstKnownNull::fitsInInt (2 bytes)
Event: 6.311 Thread 0x000000001760f800 nmethod 2702 0x0000000003570790 code [0x00000000035708e0, 0x00000000035709f0]
Event: 6.311 Thread 0x000000001760f800 2703       1       com.android.dx.rop.cst.CstKnownNull::getIntBits (2 bytes)
Event: 6.311 Thread 0x000000001760f800 nmethod 2703 0x0000000003570a50 code [0x0000000003570ba0, 0x0000000003570cb0]
Event: 6.311 Thread 0x000000001760f800 2707       2       com.android.dx.dex.code.form.Form21s::isCompatible (89 bytes)
Event: 6.311 Thread 0x000000001760f800 nmethod 2707 0x0000000003570d10 code [0x0000000003570ea0, 0x0000000003571228]
Event: 6.316 Thread 0x000000001760f800 2709       2       com.android.dx.rop.code.RegisterSpecList::subset (85 bytes)
Event: 6.316 Thread 0x000000001760f800 nmethod 2709 0x0000000003571490 code [0x0000000003571680, 0x0000000003571d28]
Event: 6.316 Thread 0x000000001760f800 2711       2       com.android.dx.dex.code.HighRegisterPrefix::codeSize (45 bytes)

GC Heap History (10 events):
Event: 2.957 GC heap before
{Heap before GC invocations=4 (full 0):
 PSYoungGen      total 70656K, used 70633K [0x00000000eab00000, 0x00000000f3500000, 0x0000000100000000)
  eden space 65536K, 100% used [0x00000000eab00000,0x00000000eeb00000,0x00000000eeb00000)
  from space 5120K, 99% used [0x00000000eeb00000,0x00000000eeffa448,0x00000000ef000000)
  to   space 5120K, 0% used [0x00000000f3000000,0x00000000f3000000,0x00000000f3500000)
 ParOldGen       total 86016K, used 17677K [0x00000000c0000000, 0x00000000c5400000, 0x00000000eab00000)
  object space 86016K, 20% used [0x00000000c0000000,0x00000000c1143658,0x00000000c5400000)
 Metaspace       used 6222K, capacity 7152K, committed 7296K, reserved 1056768K
  class space    used 589K, capacity 616K, committed 640K, reserved 1048576K
Event: 2.995 GC heap after
Heap after GC invocations=4 (full 0):
 PSYoungGen      total 136192K, used 5111K [0x00000000eab00000, 0x00000000f3500000, 0x0000000100000000)
  eden space 131072K, 0% used [0x00000000eab00000,0x00000000eab00000,0x00000000f2b00000)
  from space 5120K, 99% used [0x00000000f3000000,0x00000000f34fdd88,0x00000000f3500000)
  to   space 5120K, 0% used [0x00000000f2b00000,0x00000000f2b00000,0x00000000f3000000)
 ParOldGen       total 86016K, used 27048K [0x00000000c0000000, 0x00000000c5400000, 0x00000000eab00000)
  object space 86016K, 31% used [0x00000000c0000000,0x00000000c1a6a0a0,0x00000000c5400000)
 Metaspace       used 6222K, capacity 7152K, committed 7296K, reserved 1056768K
  class space    used 589K, capacity 616K, committed 640K, reserved 1048576K
}
Event: 3.505 GC heap before
{Heap before GC invocations=5 (full 0):
 PSYoungGen      total 136192K, used 136183K [0x00000000eab00000, 0x00000000f3500000, 0x0000000100000000)
  eden space 131072K, 100% used [0x00000000eab00000,0x00000000f2b00000,0x00000000f2b00000)
  from space 5120K, 99% used [0x00000000f3000000,0x00000000f34fdd88,0x00000000f3500000)
  to   space 5120K, 0% used [0x00000000f2b00000,0x00000000f2b00000,0x00000000f3000000)
 ParOldGen       total 86016K, used 27048K [0x00000000c0000000, 0x00000000c5400000, 0x00000000eab00000)
  object space 86016K, 31% used [0x00000000c0000000,0x00000000c1a6a0a0,0x00000000c5400000)
 Metaspace       used 6316K, capacity 7216K, committed 7296K, reserved 1056768K
  class space    used 589K, capacity 616K, committed 640K, reserved 1048576K
Event: 3.550 GC heap after
Heap after GC invocations=5 (full 0):
 PSYoungGen      total 136192K, used 5111K [0x00000000eab00000, 0x00000000fe000000, 0x0000000100000000)
  eden space 131072K, 0% used [0x00000000eab00000,0x00000000eab00000,0x00000000f2b00000)
  from space 5120K, 99% used [0x00000000f2b00000,0x00000000f2ffdd88,0x00000000f3000000)
  to   space 27136K, 0% used [0x00000000fc580000,0x00000000fc580000,0x00000000fe000000)
 ParOldGen       total 86016K, used 48466K [0x00000000c0000000, 0x00000000c5400000, 0x00000000eab00000)
  object space 86016K, 56% used [0x00000000c0000000,0x00000000c2f54910,0x00000000c5400000)
 Metaspace       used 6316K, capacity 7216K, committed 7296K, reserved 1056768K
  class space    used 589K, capacity 616K, committed 640K, reserved 1048576K
}
Event: 3.977 GC heap before
{Heap before GC invocations=6 (full 0):
 PSYoungGen      total 136192K, used 136183K [0x00000000eab00000, 0x00000000fe000000, 0x0000000100000000)
  eden space 131072K, 100% used [0x00000000eab00000,0x00000000f2b00000,0x00000000f2b00000)
  from space 5120K, 99% used [0x00000000f2b00000,0x00000000f2ffdd88,0x00000000f3000000)
  to   space 27136K, 0% used [0x00000000fc580000,0x00000000fc580000,0x00000000fe000000)
 ParOldGen       total 86016K, used 48466K [0x00000000c0000000, 0x00000000c5400000, 0x00000000eab00000)
  object space 86016K, 56% used [0x00000000c0000000,0x00000000c2f54910,0x00000000c5400000)
 Metaspace       used 6349K, capacity 7216K, committed 7296K, reserved 1056768K
  class space    used 589K, capacity 616K, committed 640K, reserved 1048576K
Event: 4.017 GC heap after
Heap after GC invocations=6 (full 0):
 PSYoungGen      total 284160K, used 26660K [0x00000000eab00000, 0x00000000fea00000, 0x0000000100000000)
  eden space 257024K, 0% used [0x00000000eab00000,0x00000000eab00000,0x00000000fa600000)
  from space 27136K, 98% used [0x00000000fc580000,0x00000000fdf893d8,0x00000000fe000000)
  to   space 32256K, 0% used [0x00000000fa600000,0x00000000fa600000,0x00000000fc580000)
 ParOldGen       total 86016K, used 48466K [0x00000000c0000000, 0x00000000c5400000, 0x00000000eab00000)
  object space 86016K, 56% used [0x00000000c0000000,0x00000000c2f54910,0x00000000c5400000)
 Metaspace       used 6349K, capacity 7216K, committed 7296K, reserved 1056768K
  class space    used 589K, capacity 616K, committed 640K, reserved 1048576K
}
Event: 4.725 GC heap before
{Heap before GC invocations=7 (full 0):
 PSYoungGen      total 284160K, used 283684K [0x00000000eab00000, 0x00000000fea00000, 0x0000000100000000)
  eden space 257024K, 100% used [0x00000000eab00000,0x00000000fa600000,0x00000000fa600000)
  from space 27136K, 98% used [0x00000000fc580000,0x00000000fdf893d8,0x00000000fe000000)
  to   space 32256K, 0% used [0x00000000fa600000,0x00000000fa600000,0x00000000fc580000)
 ParOldGen       total 86016K, used 48466K [0x00000000c0000000, 0x00000000c5400000, 0x00000000eab00000)
  object space 86016K, 56% used [0x00000000c0000000,0x00000000c2f54910,0x00000000c5400000)
 Metaspace       used 6374K, capacity 7216K, committed 7296K, reserved 1056768K
  class space    used 589K, capacity 616K, committed 640K, reserved 1048576K
Event: 4.818 GC heap after
Heap after GC invocations=7 (full 0):
 PSYoungGen      total 289280K, used 32236K [0x00000000eab00000, 0x0000000100000000, 0x0000000100000000)
  eden space 257024K, 0% used [0x00000000eab00000,0x00000000eab00000,0x00000000fa600000)
  from space 32256K, 99% used [0x00000000fa600000,0x00000000fc57b088,0x00000000fc580000)
  to   space 55296K, 0% used [0x00000000fca00000,0x00000000fca00000,0x0000000100000000)
 ParOldGen       total 86016K, used 83001K [0x00000000c0000000, 0x00000000c5400000, 0x00000000eab00000)
  object space 86016K, 96% used [0x00000000c0000000,0x00000000c510e640,0x00000000c5400000)
 Metaspace       used 6374K, capacity 7216K, committed 7296K, reserved 1056768K
  class space    used 589K, capacity 616K, committed 640K, reserved 1048576K
}
Event: 4.818 GC heap before
{Heap before GC invocations=8 (full 1):
 PSYoungGen      total 289280K, used 32236K [0x00000000eab00000, 0x0000000100000000, 0x0000000100000000)
  eden space 257024K, 0% used [0x00000000eab00000,0x00000000eab00000,0x00000000fa600000)
  from space 32256K, 99% used [0x00000000fa600000,0x00000000fc57b088,0x00000000fc580000)
  to   space 55296K, 0% used [0x00000000fca00000,0x00000000fca00000,0x0000000100000000)
 ParOldGen       total 86016K, used 83001K [0x00000000c0000000, 0x00000000c5400000, 0x00000000eab00000)
  object space 86016K, 96% used [0x00000000c0000000,0x00000000c510e640,0x00000000c5400000)
 Metaspace       used 6374K, capacity 7216K, committed 7296K, reserved 1056768K
  class space    used 589K, capacity 616K, committed 640K, reserved 1048576K
Event: 5.442 GC heap after
Heap after GC invocations=8 (full 1):
 PSYoungGen      total 289280K, used 24985K [0x00000000eab00000, 0x0000000100000000, 0x0000000100000000)
  eden space 257024K, 0% used [0x00000000eab00000,0x00000000eab00000,0x00000000fa600000)
  from space 32256K, 77% used [0x00000000fa600000,0x00000000fbe666c0,0x00000000fc580000)
  to   space 55296K, 0% used [0x00000000fca00000,0x00000000fca00000,0x0000000100000000)
 ParOldGen       total 171008K, used 85863K [0x00000000c0000000, 0x00000000ca700000, 0x00000000eab00000)
  object space 171008K, 50% used [0x00000000c0000000,0x00000000c53d9cb0,0x00000000ca700000)
 Metaspace       used 6374K, capacity 7216K, committed 7296K, reserved 1056768K
  class space    used 589K, capacity 616K, committed 640K, reserved 1048576K
}

Deoptimization events (10 events):
Event: 5.792 Thread 0x00000000178b2000 Uncommon trap: reason=class_check action=maybe_recompile pc=0x0000000002f3b198 method=java.util.Arrays.hashCode([Ljava/lang/Object;)I @ 43
Event: 5.792 Thread 0x00000000178b2000 Uncommon trap: reason=class_check action=maybe_recompile pc=0x0000000002f3d7f4 method=java.util.Arrays.hashCode([Ljava/lang/Object;)I @ 43
Event: 6.238 Thread 0x00000000178b2000 Uncommon trap: reason=speculate_class_check action=maybe_recompile pc=0x0000000002e64d94 method=com.android.dx.util.FixedSizeList.equals(Ljava/lang/Object;)Z @ 25
Event: 6.238 Thread 0x00000000178b2000 Uncommon trap: reason=class_check action=maybe_recompile pc=0x0000000002e54490 method=java.util.Arrays.equals([Ljava/lang/Object;[Ljava/lang/Object;)Z @ 62
Event: 6.238 Thread 0x00000000178b2000 Uncommon trap: reason=speculate_class_check action=maybe_recompile pc=0x0000000002e64d94 method=com.android.dx.util.FixedSizeList.equals(Ljava/lang/Object;)Z @ 25
Event: 6.238 Thread 0x00000000178b2000 Uncommon trap: reason=class_check action=maybe_recompile pc=0x0000000002e54490 method=java.util.Arrays.equals([Ljava/lang/Object;[Ljava/lang/Object;)Z @ 62
Event: 6.238 Thread 0x00000000178b2000 Uncommon trap: reason=speculate_class_check action=maybe_recompile pc=0x0000000002e64d94 method=com.android.dx.util.FixedSizeList.equals(Ljava/lang/Object;)Z @ 25
Event: 6.238 Thread 0x00000000178b2000 Uncommon trap: reason=class_check action=maybe_recompile pc=0x0000000002e54490 method=java.util.Arrays.equals([Ljava/lang/Object;[Ljava/lang/Object;)Z @ 62
Event: 6.238 Thread 0x00000000178b2000 Uncommon trap: reason=speculate_class_check action=maybe_recompile pc=0x0000000002e64d94 method=com.android.dx.util.FixedSizeList.equals(Ljava/lang/Object;)Z @ 25
Event: 6.238 Thread 0x00000000178b2000 Uncommon trap: reason=class_check action=maybe_recompile pc=0x0000000002e54490 method=java.util.Arrays.equals([Ljava/lang/Object;[Ljava/lang/Object;)Z @ 62

Internal exceptions (8 events):
Event: 0.082 Thread 0x000000000291d800 Exception <a 'java/lang/NoSuchMethodError': Method sun.misc.Unsafe.defineClass(Ljava/lang/String;[BII)Ljava/lang/Class; name or signature does not match> (0x00000000eab07cc0) thrown at [C:\src\android\AOSP-openjdk\external\jetbrains\jdk\hotspot\src\share\v·ÆÀµ?
Event: 0.082 Thread 0x000000000291d800 Exception <a 'java/lang/NoSuchMethodError': Method sun.misc.Unsafe.prefetchRead(Ljava/lang/Object;J)V name or signature does not match> (0x00000000eab07fa8) thrown at [C:\src\android\AOSP-openjdk\external\jetbrains\jdk\hotspot\src\share\vm\prims\jni.cpp, lû€+=ðû@
Event: 2.373 Thread 0x00000000178c2800 Exception <a 'java/lang/ArrayIndexOutOfBoundsException': 18> (0x00000000ecfad408) thrown at [C:\src\android\AOSP-openjdk\external\jetbrains\jdk\hotspot\src\share\vm\interpreter\interpreterRuntime.cpp, line 366]
Event: 2.374 Thread 0x00000000178c2800 Exception <a 'java/lang/ArrayIndexOutOfBoundsException': 145> (0x00000000ecfaef88) thrown at [C:\src\android\AOSP-openjdk\external\jetbrains\jdk\hotspot\src\share\vm\interpreter\interpreterRuntime.cpp, line 366]
Event: 2.375 Thread 0x00000000178c2800 Exception <a 'java/lang/ArrayIndexOutOfBoundsException': 40> (0x00000000ecfb0270) thrown at [C:\src\android\AOSP-openjdk\external\jetbrains\jdk\hotspot\src\share\vm\interpreter\interpreterRuntime.cpp, line 366]
Event: 2.459 Thread 0x00000000178c2800 Implicit null exception at 0x0000000002dec9a2 to 0x0000000002deca9a
Event: 3.439 Thread 0x000000000291d800 Implicit null exception at 0x00000000030da9c4 to 0x00000000030dc339
Event: 4.345 Thread 0x00000000178ce000 Implicit null exception at 0x00000000033e4acb to 0x00000000033e93ad

Events (10 events):
Event: 6.275 Thread 0x00000000178b2000 DEOPT PACKING pc=0x0000000003515959 sp=0x000000001b15ede0
Event: 6.275 Thread 0x00000000178b2000 DEOPT UNPACKING pc=0x0000000002c075bf sp=0x000000001b15eba8 mode 0
Event: 6.275 Thread 0x00000000178b2000 DEOPT PACKING pc=0x00000000035139f4 sp=0x000000001b15ece0
Event: 6.275 Thread 0x00000000178b2000 DEOPT UNPACKING pc=0x0000000002c075bf sp=0x000000001b15eb30 mode 0
Event: 6.284 Thread 0x00000000178b2000 DEOPT PACKING pc=0x000000000352e7cd sp=0x000000001b15eec0
Event: 6.284 Thread 0x00000000178b2000 DEOPT UNPACKING pc=0x0000000002c075bf sp=0x000000001b15ec10 mode 0
Event: 6.286 loading class com/android/dx/rop/code/RegisterSpecList$Expander
Event: 6.286 loading class com/android/dx/rop/code/RegisterSpecList$Expander done
Event: 6.305 Thread 0x00000000178b2000 DEOPT PACKING pc=0x000000000354ff62 sp=0x000000001b15eb30
Event: 6.305 Thread 0x00000000178b2000 DEOPT UNPACKING pc=0x0000000002c075bf sp=0x000000001b15e8b0 mode 0


Dynamic libraries:
0x00007ff7d4270000 - 0x00007ff7d42a1000 	C:\Users\Kripa\Downloads\android-studio\jre\bin\java.exe
0x00007ffdbc220000 - 0x00007ffdbc3e1000 	C:\WINDOWS\SYSTEM32\ntdll.dll
0x00007ffdbc050000 - 0x00007ffdbc0fd000 	C:\WINDOWS\system32\KERNEL32.DLL
0x00007ffdb9330000 - 0x00007ffdb9518000 	C:\WINDOWS\system32\KERNELBASE.dll
0x00007ffdbc170000 - 0x00007ffdbc217000 	C:\WINDOWS\system32\ADVAPI32.dll
0x00007ffdb9740000 - 0x00007ffdb97dd000 	C:\WINDOWS\system32\msvcrt.dll
0x00007ffdb97e0000 - 0x00007ffdb983b000 	C:\WINDOWS\system32\sechost.dll
0x00007ffdba1c0000 - 0x00007ffdba2dc000 	C:\WINDOWS\system32\RPCRT4.dll
0x00007ffdb9840000 - 0x00007ffdb9996000 	C:\WINDOWS\system32\USER32.dll
0x00007ffdba5c0000 - 0x00007ffdba746000 	C:\WINDOWS\system32\GDI32.dll
0x00007ffdae640000 - 0x00007ffdae8b4000 	C:\WINDOWS\WinSxS\amd64_microsoft.windows.common-controls_6595b64144ccf1df_6.0.10586.494_none_a2d8b04ea53e3145\COMCTL32.dll
0x00007ffdb9af0000 - 0x00007ffdb9d6d000 	C:\WINDOWS\system32\combase.dll
0x00007ffdb92c0000 - 0x00007ffdb932a000 	C:\WINDOWS\system32\bcryptPrimitives.dll
0x00007ffdba750000 - 0x00007ffdba78b000 	C:\WINDOWS\system32\IMM32.DLL
0x00000000526b0000 - 0x0000000052782000 	C:\Users\Kripa\Downloads\android-studio\jre\jre\bin\msvcr100.dll
0x0000000052cf0000 - 0x0000000053524000 	C:\Users\Kripa\Downloads\android-studio\jre\jre\bin\server\jvm.dll
0x00007ffdba2e0000 - 0x00007ffdba2e8000 	C:\WINDOWS\system32\PSAPI.DLL
0x00007ffdaca80000 - 0x00007ffdaca89000 	C:\WINDOWS\SYSTEM32\WSOCK32.dll
0x00007ffdb6af0000 - 0x00007ffdb6b13000 	C:\WINDOWS\SYSTEM32\WINMM.dll
0x00007ffdae8f0000 - 0x00007ffdae8fa000 	C:\WINDOWS\SYSTEM32\VERSION.dll
0x00007ffdbbfe0000 - 0x00007ffdbc04b000 	C:\WINDOWS\system32\WS2_32.dll
0x0000000002990000 - 0x00000000029bc000 	C:\WINDOWS\SYSTEM32\WINMMBASE.dll
0x00007ffdb9520000 - 0x00007ffdb9563000 	C:\WINDOWS\system32\cfgmgr32.dll
0x00007ffdb4ee0000 - 0x00007ffdb4eef000 	C:\Users\Kripa\Downloads\android-studio\jre\jre\bin\verify.dll
0x00007ffdb4700000 - 0x00007ffdb4729000 	C:\Users\Kripa\Downloads\android-studio\jre\jre\bin\java.dll
0x00007ffdb4e70000 - 0x00007ffdb4e86000 	C:\Users\Kripa\Downloads\android-studio\jre\jre\bin\zip.dll
0x00007ffdba800000 - 0x00007ffdbbd5c000 	C:\WINDOWS\system32\SHELL32.dll
0x00007ffdb88d0000 - 0x00007ffdb8f15000 	C:\WINDOWS\system32\windows.storage.dll
0x00007ffdb96d0000 - 0x00007ffdb9722000 	C:\WINDOWS\system32\shlwapi.dll
0x00007ffdb88c0000 - 0x00007ffdb88cf000 	C:\WINDOWS\system32\kernel.appcore.dll
0x00007ffdb8f20000 - 0x00007ffdb8fd5000 	C:\WINDOWS\system32\shcore.dll
0x00007ffdb8870000 - 0x00007ffdb88bb000 	C:\WINDOWS\system32\powrprof.dll
0x00007ffdb8840000 - 0x00007ffdb8854000 	C:\WINDOWS\system32\profapi.dll

VM Arguments:
jvm_args: -Djava.awt.headless=true -Xmx1024M -Dfile.encoding=windows-1252 -Duser.country=SG -Duser.language=en -Duser.variant 
java_command: com.android.dx.command.Main --dex --num-threads=4 --multi-dex --output C:\Users\Kripa\AndroidStudioProjects\GuessTheMovie\app\build\intermediates\transforms\dex\debug\folders\1000\10\guava-18.0_f68ffd7833e8fb4a0842415677f02a82a64f86e4 C:\Users\Kripa\Downloads\android-studio\gradle\m2repository\com\google\guava\guava\18.0\guava-18.0.jar
java_class_path (initial): C:\Program Files (x86)\Android\sdk\build-tools\23.0.1\lib\dx.jar
Launcher Type: SUN_STANDARD

Environment Variables:
JAVA_HOME=C:\Program Files\Java\jdk1.7.0_67
PATH=C:\Program Files (x86)\HP SimplePass\x64;C:\Program Files (x86)\HP SimplePass\;C:\Program Files (x86)\Intel\iCLS Client\;C:\Program Files\Intel\iCLS Client\;C:\Program Files (x86)\NVIDIA Corporation\PhysX\Common;C:\WINDOWS\system32;C:\WINDOWS;C:\WINDOWS\System32\Wbem;C:\WINDOWS\System32\WindowsPowerShell\v1.0\;C:\Program Files (x86)\Windows Live\Shared;C:\Program Files (x86)\Intel\OpenCL SDK\3.0\bin\x86;C:\Program Files (x86)\Intel\OpenCL SDK\3.0\bin\x64;C:\Program Files\Intel\WiFi\bin\;C:\Program Files\Common Files\Intel\WirelessCommon\;c:\Program Files (x86)\Microsoft SQL Server\100\Tools\Binn\;c:\Program Files\Microsoft SQL Server\100\Tools\Binn\;c:\Program Files\Microsoft SQL Server\100\DTS\Binn\;C:\Program Files\Microsoft SQL Server\110\Tools\Binn\;C:\Program Files (x86)\Windows Kits\8.1\Windows Performance Toolkit\;C:\Program Files (x86)\Microsoft SDKs\TypeScript\1.0\;C:\Program Files\nodejs\;C:\HashiCorp\Vagrant\bin;C:\Program Files (x86)\Skype\Phone\;C:\Program Files\Intel\Intel(R) Management Engine Components\DAL;C:\Program Files\Intel\Intel(R) Management Engine Components\IPT;C:\Program Files (x86)\Intel\Intel(R) Management Engine Components\DAL;C:\Program Files (x86)\Intel\Intel(R) Management Engine Components\IPT;C:\Program Files\Git\cmd;C:\Program Files\Git\mingw64\bin;C:\Program Files\Git\usr\bin;C:\Users\Kripa\AppData\Local\GitHub\PortableGit_c2ba306e536fdf878271f7fe636a147ff37326ad\bin
USERNAME=Kripa
OS=Windows_NT
PROCESSOR_IDENTIFIER=Intel64 Family 6 Model 60 Stepping 3, GenuineIntel



---------------  S Y S T E M  ---------------

OS: Windows 10.0 , 64 bit Build 10586 (10.0.10586.0)

CPU:total 8 (4 cores per cpu, 2 threads per core) family 6 model 60 stepping 3, cmov, cx8, fxsr, mmx, sse, sse2, sse3, ssse3, sse4.1, sse4.2, popcnt, avx, avx2, aes, clmul, erms, lzcnt, ht, tsc, tscinvbit, bmi1, bmi2

Memory: 4k page, physical 8158492k(2001736k free), swap 11769116k(5972k free)

vm_info: OpenJDK 64-Bit Server VM (25.76-b03) for windows-amd64 JRE (1.8.0_76-release-b03), built on Jun 29 2016 19:09:20 by "ralucas" with MS VC++ 10.0 (VS2010)

time: Sun Sep 11 12:23:47 2016
elapsed time: 6 seconds (0d 0h 0m 6s)

