#
# There is insufficient memory for the Java Runtime Environment to continue.
# Native memory allocation (malloc) failed to allocate 430096 bytes for Chunk::new
# Possible reasons:
#   The system is out of physical RAM or swap space
#   In 32 bit mode, the process size limit was hit
# Possible solutions:
#   Reduce memory load on the system
#   Increase physical memory or swap space
#   Check if swap backing store is full
#   Use 64 bit Java on a 64 bit OS
#   Decrease Java heap size (-Xmx/-Xms)
#   Decrease number of Java threads
#   Decrease Java thread stack sizes (-Xss)
#   Set larger code cache with -XX:ReservedCodeCacheSize=
# This output file may be truncated or incomplete.
#
#  Out of Memory Error (allocation.cpp:390), pid=25920, tid=0x000000000000710c
#
# JRE version: OpenJDK Runtime Environment (8.0_76-b03) (build 1.8.0_76-release-b03)
# Java VM: OpenJDK 64-Bit Server VM (25.76-b03 mixed mode windows-amd64 compressed oops)
# Failed to write core dump. Minidumps are not enabled by default on client versions of Windows
#

---------------  T H R E A D  ---------------

Current thread (0x00000000175ff800):  JavaThread "C2 CompilerThread1" daemon [_thread_in_native, id=28940, stack(0x0000000017dd0000,0x0000000017ed0000)]

Stack: [0x0000000017dd0000,0x0000000017ed0000]
[error occurred during error reporting (printing stack bounds), id 0xc0000005]

Native frames: (J=compiled Java code, j=interpreted, Vv=VM code, C=native code)


Current CompileTask:
C2:   3051 1272       4       com.android.dx.ssa.SCCP::simulateBranch (666 bytes)


---------------  P R O C E S S  ---------------

Java Threads: ( => current thread )
  0x0000000017921800 JavaThread "pool-2-thread-4" [_thread_in_Java, id=19956, stack(0x00000000186d0000,0x00000000187d0000)]
  0x000000001792b800 JavaThread "pool-2-thread-3" [_thread_blocked, id=22616, stack(0x00000000185d0000,0x00000000186d0000)]
  0x0000000017916800 JavaThread "pool-2-thread-2" [_thread_blocked, id=12112, stack(0x00000000184d0000,0x00000000185d0000)]
  0x00000000178ad800 JavaThread "pool-3-thread-1" [_thread_blocked, id=26208, stack(0x00000000183d0000,0x00000000184d0000)]
  0x00000000178ad000 JavaThread "pool-2-thread-1" [_thread_in_Java, id=11112, stack(0x00000000182d0000,0x00000000183d0000)]
  0x0000000017651000 JavaThread "Service Thread" daemon [_thread_blocked, id=29020, stack(0x00000000180d0000,0x00000000181d0000)]
  0x000000001760f000 JavaThread "C1 CompilerThread3" daemon [_thread_in_native, id=27544, stack(0x0000000017fd0000,0x00000000180d0000)]
  0x0000000017604000 JavaThread "C2 CompilerThread2" daemon [_thread_in_native, id=26064, stack(0x0000000017ed0000,0x0000000017fd0000)]
=>0x00000000175ff800 JavaThread "C2 CompilerThread1" daemon [_thread_in_native, id=28940, stack(0x0000000017dd0000,0x0000000017ed0000)]
  0x00000000175f9000 JavaThread "C2 CompilerThread0" daemon [_thread_in_native, id=11388, stack(0x0000000017cd0000,0x0000000017dd0000)]
  0x00000000175f5800 JavaThread "Attach Listener" daemon [_thread_blocked, id=23564, stack(0x0000000017bd0000,0x0000000017cd0000)]
  0x00000000156de800 JavaThread "Signal Dispatcher" daemon [_thread_blocked, id=27372, stack(0x0000000017ad0000,0x0000000017bd0000)]
  0x00000000175f0800 JavaThread "Finalizer" daemon [_thread_blocked, id=26868, stack(0x00000000179d0000,0x0000000017ad0000)]
  0x0000000002ba6000 JavaThread "Reference Handler" daemon [_thread_blocked, id=6592, stack(0x00000000174d0000,0x00000000175d0000)]
  0x0000000002aad800 JavaThread "main" [_thread_in_Java, id=28848, stack(0x00000000028b0000,0x00000000029b0000)]

Other Threads:
  0x00000000156c6000 VMThread [stack: 0x00000000173d0000,0x00000000174d0000] [id=10660]
  0x0000000017652000 WatcherThread [stack: 0x00000000181d0000,0x00000000182d0000] [id=28752]

VM state:not at safepoint (normal execution)

VM Mutex/Monitor currently owned by a thread:  ([mutex/lock_event])
[0x0000000002aac050] CodeCache_lock - owner thread: 0x0000000000000000

Heap:
 PSYoungGen      total 37888K, used 22416K [0x00000000eab00000, 0x00000000ed500000, 0x0000000100000000)
  eden space 32768K, 52% used [0x00000000eab00000,0x00000000ebbeaee0,0x00000000ecb00000)
  from space 5120K, 99% used [0x00000000ed000000,0x00000000ed4f9140,0x00000000ed500000)
  to   space 5120K, 0% used [0x00000000ecb00000,0x00000000ecb00000,0x00000000ed000000)
 ParOldGen       total 86016K, used 6442K [0x00000000c0000000, 0x00000000c5400000, 0x00000000eab00000)
  object space 86016K, 7% used [0x00000000c0000000,0x00000000c064a8e8,0x00000000c5400000)
 Metaspace       used 5991K, capacity 7088K, committed 7296K, reserved 1056768K
  class space    used 571K, capacity 616K, committed 640K, reserved 1048576K

Card table byte_map: [0x0000000011f70000,0x0000000012180000] byte_map_base: 0x0000000011970000

Marking Bits: (ParMarkBitMap*) 0x00000000534a9d00
 Begin Bits: [0x0000000012ae0000, 0x0000000013ae0000)
 End Bits:   [0x0000000013ae0000, 0x0000000014ae0000)

Polling page: 0x0000000002770000

CodeCache: size=245760Kb used=5504Kb max_used=5504Kb free=240255Kb
 bounds [0x0000000002bb0000, 0x0000000003120000, 0x0000000011bb0000]
 total_blobs=1672 nmethods=1404 adapters=182
 compilation: enabled

Compilation events (10 events):
Event: 2.860 Thread 0x000000001760f000 1333       2       com.android.dx.ssa.SsaRenamer::<init> (100 bytes)
Event: 2.861 Thread 0x000000001760f000 nmethod 1333 0x00000000030b8990 code [0x00000000030b8b20, 0x00000000030b9048]
Event: 2.898 Thread 0x000000001760f000 1334       2       java.util.HashMap$HashIterator::nextNode (100 bytes)
Event: 2.899 Thread 0x000000001760f000 nmethod 1334 0x00000000030b9350 code [0x00000000030b94e0, 0x00000000030b9858]
Event: 2.899 Thread 0x000000001760f000 1335       2       com.android.dx.ssa.SsaInsn::setResult (20 bytes)
Event: 2.900 Thread 0x000000001760f000 nmethod 1335 0x00000000030b9a90 code [0x00000000030b9c00, 0x00000000030b9e08]
Event: 2.900 Thread 0x000000001760f000 1336       2       com.android.dx.ssa.SsaBasicBlock::addMoveToEnd (172 bytes)
Event: 2.903 Thread 0x000000001760f000 nmethod 1336 0x00000000030b9ed0 code [0x00000000030ba160, 0x00000000030bac68]
Event: 2.903 Thread 0x000000001760f000 1337       2       com.android.dx.dex.file.ClassDefItem::addVirtualMethod (9 bytes)
Event: 2.904 Thread 0x000000001760f000 nmethod 1337 0x00000000030bbd10 code [0x00000000030bbea0, 0x00000000030bc1d8]

GC Heap History (4 events):
Event: 2.380 GC heap before
{Heap before GC invocations=1 (full 0):
 PSYoungGen      total 37888K, used 32768K [0x00000000eab00000, 0x00000000ed500000, 0x0000000100000000)
  eden space 32768K, 100% used [0x00000000eab00000,0x00000000ecb00000,0x00000000ecb00000)
  from space 5120K, 0% used [0x00000000ed000000,0x00000000ed000000,0x00000000ed500000)
  to   space 5120K, 0% used [0x00000000ecb00000,0x00000000ecb00000,0x00000000ed000000)
 ParOldGen       total 86016K, used 0K [0x00000000c0000000, 0x00000000c5400000, 0x00000000eab00000)
  object space 86016K, 0% used [0x00000000c0000000,0x00000000c0000000,0x00000000c5400000)
 Metaspace       used 5780K, capacity 6896K, committed 7040K, reserved 1056768K
  class space    used 571K, capacity 616K, committed 640K, reserved 1048576K
Event: 2.401 GC heap after
Heap after GC invocations=1 (full 0):
 PSYoungGen      total 37888K, used 5118K [0x00000000eab00000, 0x00000000ed500000, 0x0000000100000000)
  eden space 32768K, 0% used [0x00000000eab00000,0x00000000eab00000,0x00000000ecb00000)
  from space 5120K, 99% used [0x00000000ecb00000,0x00000000ecfffad8,0x00000000ed000000)
  to   space 5120K, 0% used [0x00000000ed000000,0x00000000ed000000,0x00000000ed500000)
 ParOldGen       total 86016K, used 2048K [0x00000000c0000000, 0x00000000c5400000, 0x00000000eab00000)
  object space 86016K, 2% used [0x00000000c0000000,0x00000000c0200198,0x00000000c5400000)
 Metaspace       used 5780K, capacity 6896K, committed 7040K, reserved 1056768K
  class space    used 571K, capacity 616K, committed 640K, reserved 1048576K
}
Event: 2.869 GC heap before
{Heap before GC invocations=2 (full 0):
 PSYoungGen      total 37888K, used 37886K [0x00000000eab00000, 0x00000000ed500000, 0x0000000100000000)
  eden space 32768K, 100% used [0x00000000eab00000,0x00000000ecb00000,0x00000000ecb00000)
  from space 5120K, 99% used [0x00000000ecb00000,0x00000000ecfffad8,0x00000000ed000000)
  to   space 5120K, 0% used [0x00000000ed000000,0x00000000ed000000,0x00000000ed500000)
 ParOldGen       total 86016K, used 2048K [0x00000000c0000000, 0x00000000c5400000, 0x00000000eab00000)
  object space 86016K, 2% used [0x00000000c0000000,0x00000000c0200198,0x00000000c5400000)
 Metaspace       used 5965K, capacity 7024K, committed 7296K, reserved 1056768K
  class space    used 571K, capacity 616K, committed 640K, reserved 1048576K
Event: 2.896 GC heap after
Heap after GC invocations=2 (full 0):
 PSYoungGen      total 37888K, used 5092K [0x00000000eab00000, 0x00000000ed500000, 0x0000000100000000)
  eden space 32768K, 0% used [0x00000000eab00000,0x00000000eab00000,0x00000000ecb00000)
  from space 5120K, 99% used [0x00000000ed000000,0x00000000ed4f9140,0x00000000ed500000)
  to   space 5120K, 0% used [0x00000000ecb00000,0x00000000ecb00000,0x00000000ed000000)
 ParOldGen       total 86016K, used 6442K [0x00000000c0000000, 0x00000000c5400000, 0x00000000eab00000)
  object space 86016K, 7% used [0x00000000c0000000,0x00000000c064a8e8,0x00000000c5400000)
 Metaspace       used 5965K, capacity 7024K, committed 7296K, reserved 1056768K
  class space    used 571K, capacity 616K, committed 640K, reserved 1048576K
}

Deoptimization events (10 events):
Event: 2.319 Thread 0x00000000178ad000 Uncommon trap: reason=unstable_if action=reinterpret pc=0x0000000002dee83c method=com.android.dx.rop.code.RegisterSpec.equals(ILcom/android/dx/rop/type/TypeBearer;Lcom/android/dx/rop/code/LocalItem;)Z @ 42
Event: 2.644 Thread 0x00000000178ad000 Uncommon trap: reason=bimorphic action=maybe_recompile pc=0x0000000002e75af4 method=java.util.HashMap.getNode(ILjava/lang/Object;)Ljava/util/HashMap$Node; @ 126
Event: 2.666 Thread 0x000000001792b800 Uncommon trap: reason=bimorphic action=maybe_recompile pc=0x0000000002e75af4 method=java.util.HashMap.getNode(ILjava/lang/Object;)Ljava/util/HashMap$Node; @ 126
Event: 2.666 Thread 0x000000001792b800 Uncommon trap: reason=class_check action=maybe_recompile pc=0x0000000002f84c84 method=java.util.HashMap.putVal(ILjava/lang/Object;Ljava/lang/Object;ZZ)Ljava/lang/Object; @ 203
Event: 2.666 Thread 0x000000001792b800 Uncommon trap: reason=bimorphic action=maybe_recompile pc=0x0000000002e75af4 method=java.util.HashMap.getNode(ILjava/lang/Object;)Ljava/util/HashMap$Node; @ 126
Event: 2.666 Thread 0x000000001792b800 Uncommon trap: reason=class_check action=maybe_recompile pc=0x0000000002f84c84 method=java.util.HashMap.putVal(ILjava/lang/Object;Ljava/lang/Object;ZZ)Ljava/lang/Object; @ 203
Event: 2.667 Thread 0x000000001792b800 Uncommon trap: reason=bimorphic action=maybe_recompile pc=0x0000000002e75af4 method=java.util.HashMap.getNode(ILjava/lang/Object;)Ljava/util/HashMap$Node; @ 126
Event: 2.667 Thread 0x000000001792b800 Uncommon trap: reason=bimorphic action=maybe_recompile pc=0x0000000002e70e28 method=java.util.HashMap.getNode(ILjava/lang/Object;)Ljava/util/HashMap$Node; @ 126
Event: 2.673 Thread 0x0000000002aad800 Uncommon trap: reason=class_check action=maybe_recompile pc=0x0000000002f84c84 method=java.util.HashMap.putVal(ILjava/lang/Object;Ljava/lang/Object;ZZ)Ljava/lang/Object; @ 203
Event: 2.814 Thread 0x0000000017916800 Uncommon trap: reason=class_check action=maybe_recompile pc=0x0000000002f5f700 method=java.util.HashMap.putVal(ILjava/lang/Object;Ljava/lang/Object;ZZ)Ljava/lang/Object; @ 203

Internal exceptions (3 events):
Event: 0.099 Thread 0x0000000002aad800 Exception <a 'java/lang/NoSuchMethodError': Method sun.misc.Unsafe.defineClass(Ljava/lang/String;[BII)Ljava/lang/Class; name or signature does not match> (0x00000000eab07cc0) thrown at [C:\src\android\AOSP-openjdk\external\jetbrains\jdk\hotspot\src\share\v‘7éŽD‚¹?
Event: 0.100 Thread 0x0000000002aad800 Exception <a 'java/lang/NoSuchMethodError': Method sun.misc.Unsafe.prefetchRead(Ljava/lang/Object;J)V name or signature does not match> (0x00000000eab07fa8) thrown at [C:\src\android\AOSP-openjdk\external\jetbrains\jdk\hotspot\src\share\vm\prims\jni.cpp, lúƒŠ9o
Event: 2.054 Thread 0x0000000002aad800 Implicit null exception at 0x0000000002df2b62 to 0x0000000002df2c5a

Events (10 events):
Event: 2.667 Thread 0x000000001792b800 DEOPT PACKING pc=0x0000000002e70e28 sp=0x00000000186ce810
Event: 2.667 Thread 0x000000001792b800 DEOPT UNPACKING pc=0x0000000002bf556a sp=0x00000000186ce7a8 mode 2
Event: 2.673 Thread 0x0000000002aad800 Uncommon trap: trap_request=0xffffffde fr.pc=0x0000000002f84c84
Event: 2.673 Thread 0x0000000002aad800 DEOPT PACKING pc=0x0000000002f84c84 sp=0x00000000029ae6d0
Event: 2.673 Thread 0x0000000002aad800 DEOPT UNPACKING pc=0x0000000002bf556a sp=0x00000000029ae608 mode 2
Event: 2.814 Thread 0x0000000017916800 Uncommon trap: trap_request=0xffffffde fr.pc=0x0000000002f5f700
Event: 2.814 Thread 0x0000000017916800 DEOPT PACKING pc=0x0000000002f5f700 sp=0x00000000185ce540
Event: 2.814 Thread 0x0000000017916800 DEOPT UNPACKING pc=0x0000000002bf556a sp=0x00000000185ce4c8 mode 2
Event: 2.869 Executing VM operation: ParallelGCFailedAllocation
Event: 2.896 Executing VM operation: ParallelGCFailedAllocation done


Dynamic libraries:
0x00007ff7d4270000 - 0x00007ff7d42a1000 	C:\Users\Kripa\Downloads\android-studio\jre\bin\java.exe
0x00007ffdbc220000 - 0x00007ffdbc3e1000 	C:\WINDOWS\SYSTEM32\ntdll.dll
0x00007ffdbc050000 - 0x00007ffdbc0fd000 	C:\WINDOWS\system32\KERNEL32.DLL
0x00007ffdb9330000 - 0x00007ffdb9518000 	C:\WINDOWS\system32\KERNELBASE.dll
0x00007ffdbc170000 - 0x00007ffdbc217000 	C:\WINDOWS\system32\ADVAPI32.dll
0x00007ffdb9740000 - 0x00007ffdb97dd000 	C:\WINDOWS\system32\msvcrt.dll
0x00007ffdb97e0000 - 0x00007ffdb983b000 	C:\WINDOWS\system32\sechost.dll
0x00007ffdba1c0000 - 0x00007ffdba2dc000 	C:\WINDOWS\system32\RPCRT4.dll
0x00007ffdb9840000 - 0x00007ffdb9996000 	C:\WINDOWS\system32\USER32.dll
0x00007ffdba5c0000 - 0x00007ffdba746000 	C:\WINDOWS\system32\GDI32.dll
0x00007ffdae640000 - 0x00007ffdae8b4000 	C:\WINDOWS\WinSxS\amd64_microsoft.windows.common-controls_6595b64144ccf1df_6.0.10586.494_none_a2d8b04ea53e3145\COMCTL32.dll
0x00007ffdb9af0000 - 0x00007ffdb9d6d000 	C:\WINDOWS\system32\combase.dll
0x00007ffdb92c0000 - 0x00007ffdb932a000 	C:\WINDOWS\system32\bcryptPrimitives.dll
0x00007ffdba750000 - 0x00007ffdba78b000 	C:\WINDOWS\system32\IMM32.DLL
0x00000000526b0000 - 0x0000000052782000 	C:\Users\Kripa\Downloads\android-studio\jre\jre\bin\msvcr100.dll
0x0000000052cf0000 - 0x0000000053524000 	C:\Users\Kripa\Downloads\android-studio\jre\jre\bin\server\jvm.dll
0x00007ffdba2e0000 - 0x00007ffdba2e8000 	C:\WINDOWS\system32\PSAPI.DLL
0x00007ffdaca80000 - 0x00007ffdaca89000 	C:\WINDOWS\SYSTEM32\WSOCK32.dll
0x00007ffdae8f0000 - 0x00007ffdae8fa000 	C:\WINDOWS\SYSTEM32\VERSION.dll
0x00007ffdb6af0000 - 0x00007ffdb6b13000 	C:\WINDOWS\SYSTEM32\WINMM.dll
0x00007ffdbbfe0000 - 0x00007ffdbc04b000 	C:\WINDOWS\system32\WS2_32.dll
0x00000000027a0000 - 0x00000000027cc000 	C:\WINDOWS\SYSTEM32\WINMMBASE.dll
0x00007ffdb9520000 - 0x00007ffdb9563000 	C:\WINDOWS\system32\cfgmgr32.dll
0x00007ffdb4ee0000 - 0x00007ffdb4eef000 	C:\Users\Kripa\Downloads\android-studio\jre\jre\bin\verify.dll
0x00007ffdb4700000 - 0x00007ffdb4729000 	C:\Users\Kripa\Downloads\android-studio\jre\jre\bin\java.dll
0x00007ffdb4e70000 - 0x00007ffdb4e86000 	C:\Users\Kripa\Downloads\android-studio\jre\jre\bin\zip.dll
0x00007ffdba800000 - 0x00007ffdbbd5c000 	C:\WINDOWS\system32\SHELL32.dll
0x00007ffdb88d0000 - 0x00007ffdb8f15000 	C:\WINDOWS\system32\windows.storage.dll
0x00007ffdb96d0000 - 0x00007ffdb9722000 	C:\WINDOWS\system32\shlwapi.dll
0x00007ffdb88c0000 - 0x00007ffdb88cf000 	C:\WINDOWS\system32\kernel.appcore.dll
0x00007ffdb8f20000 - 0x00007ffdb8fd5000 	C:\WINDOWS\system32\shcore.dll
0x00007ffdb8870000 - 0x00007ffdb88bb000 	C:\WINDOWS\system32\powrprof.dll
0x00007ffdb8840000 - 0x00007ffdb8854000 	C:\WINDOWS\system32\profapi.dll

VM Arguments:
jvm_args: -Djava.awt.headless=true -Xmx1024M -Dfile.encoding=UTF-8 -Duser.country=SG -Duser.language=en -Duser.variant 
java_command: com.android.dx.command.Main --dex --num-threads=4 --multi-dex --output C:\Users\Kripa\AndroidStudioProjects\GuessTheMovie\app\build\intermediates\transforms\dex\debug\folders\1000\10\com.android.support-appcompat-v7-23.1.1_09dbf8bdfd62698f40a7379ddaf5f7338e5f213f C:\Users\Kripa\AndroidStudioProjects\GuessTheMovie\app\build\intermediates\exploded-aar\com.android.support\appcompat-v7\23.1.1\jars\classes.jar
java_class_path (initial): C:\Program Files (x86)\Android\sdk\build-tools\23.0.1\lib\dx.jar
Launcher Type: SUN_STANDARD

Environment Variables:
JAVA_HOME=C:\Program Files\Java\jdk1.7.0_67
PATH=C:\Program Files (x86)\HP SimplePass\x64;C:\Program Files (x86)\HP SimplePass\;C:\Program Files (x86)\Intel\iCLS Client\;C:\Program Files\Intel\iCLS Client\;C:\Program Files (x86)\NVIDIA Corporation\PhysX\Common;C:\WINDOWS\system32;C:\WINDOWS;C:\WINDOWS\System32\Wbem;C:\WINDOWS\System32\WindowsPowerShell\v1.0\;C:\Program Files (x86)\Windows Live\Shared;C:\Program Files (x86)\Intel\OpenCL SDK\3.0\bin\x86;C:\Program Files (x86)\Intel\OpenCL SDK\3.0\bin\x64;C:\Program Files\Intel\WiFi\bin\;C:\Program Files\Common Files\Intel\WirelessCommon\;c:\Program Files (x86)\Microsoft SQL Server\100\Tools\Binn\;c:\Program Files\Microsoft SQL Server\100\Tools\Binn\;c:\Program Files\Microsoft SQL Server\100\DTS\Binn\;C:\Program Files\Microsoft SQL Server\110\Tools\Binn\;C:\Program Files (x86)\Windows Kits\8.1\Windows Performance Toolkit\;C:\Program Files (x86)\Microsoft SDKs\TypeScript\1.0\;C:\Program Files\nodejs\;C:\HashiCorp\Vagrant\bin;C:\Program Files (x86)\Skype\Phone\;C:\Program Files\Intel\Intel(R) Management Engine Components\DAL;C:\Program Files\Intel\Intel(R) Management Engine Components\IPT;C:\Program Files (x86)\Intel\Intel(R) Management Engine Components\DAL;C:\Program Files (x86)\Intel\Intel(R) Management Engine Components\IPT;C:\Program Files\Git\cmd;C:\Program Files\Git\mingw64\bin;C:\Program Files\Git\usr\bin;C:\Users\Kripa\AppData\Local\GitHub\PortableGit_c2ba306e536fdf878271f7fe636a147ff37326ad\bin
USERNAME=Kripa
OS=Windows_NT
PROCESSOR_IDENTIFIER=Intel64 Family 6 Model 60 Stepping 3, GenuineIntel



---------------  S Y S T E M  ---------------

OS: Windows 10.0 , 64 bit Build 10586 (10.0.10586.0)

CPU:total 8 (4 cores per cpu, 2 threads per core) family 6 model 60 stepping 3, cmov, cx8, fxsr, mmx, sse, sse2, sse3, ssse3, sse4.1, sse4.2, popcnt, avx, avx2, aes, clmul, erms, lzcnt, ht, tsc, tscinvbit, bmi1, bmi2

Memory: 4k page, physical 8158492k(1485296k free), swap 11769116k(11256k free)

vm_info: OpenJDK 64-Bit Server VM (25.76-b03) for windows-amd64 JRE (1.8.0_76-release-b03), built on Jun 29 2016 19:09:20 by "ralucas" with MS VC++ 10.0 (VS2010)

time: Sun Sep 11 19:50:17 2016
elapsed time: 3 seconds (0d 0h 0m 3s)

